<?xml version="1.0" encoding="UTF-8"?>
<testsuite xmlns:xsi="http://www.w3.org/2001/XMLSchema-instance" xsi:noNamespaceSchemaLocation="https://maven.apache.org/surefire/maven-surefire-plugin/xsd/surefire-test-report.xsd" version="3.0.2" name="com.chroma.backend.BackendApplicationTests" time="0.624" tests="1" errors="1" skipped="0" failures="0">
  <properties>
    <property name="java.specification.version" value="23"/>
    <property name="sun.jnu.encoding" value="UTF-8"/>
    <property name="java.class.path" value="/Users/stephennemeth/Desktop/chroma/backend/target/test-classes:/Users/stephennemeth/Desktop/chroma/backend/target/classes:/Users/stephennemeth/.m2/repository/org/springframework/boot/spring-boot-starter-oauth2-authorization-server/3.4.5/spring-boot-starter-oauth2-authorization-server-3.4.5.jar:/Users/stephennemeth/.m2/repository/org/springframework/security/spring-security-oauth2-authorization-server/1.4.3/spring-security-oauth2-authorization-server-1.4.3.jar:/Users/stephennemeth/.m2/repository/org/springframework/security/spring-security-oauth2-core/6.4.5/spring-security-oauth2-core-6.4.5.jar:/Users/stephennemeth/.m2/repository/com/nimbusds/nimbus-jose-jwt/9.47/nimbus-jose-jwt-9.47.jar:/Users/stephennemeth/.m2/repository/com/fasterxml/jackson/core/jackson-databind/2.18.3/jackson-databind-2.18.3.jar:/Users/stephennemeth/.m2/repository/com/fasterxml/jackson/core/jackson-annotations/2.18.3/jackson-annotations-2.18.3.jar:/Users/stephennemeth/.m2/repository/com/fasterxml/jackson/core/jackson-core/2.18.3/jackson-core-2.18.3.jar:/Users/stephennemeth/.m2/repository/org/springframework/boot/spring-boot-starter-oauth2-client/3.4.5/spring-boot-starter-oauth2-client-3.4.5.jar:/Users/stephennemeth/.m2/repository/org/springframework/boot/spring-boot-starter/3.4.5/spring-boot-starter-3.4.5.jar:/Users/stephennemeth/.m2/repository/org/springframework/boot/spring-boot/3.4.5/spring-boot-3.4.5.jar:/Users/stephennemeth/.m2/repository/org/springframework/boot/spring-boot-autoconfigure/3.4.5/spring-boot-autoconfigure-3.4.5.jar:/Users/stephennemeth/.m2/repository/org/springframework/boot/spring-boot-starter-logging/3.4.5/spring-boot-starter-logging-3.4.5.jar:/Users/stephennemeth/.m2/repository/ch/qos/logback/logback-classic/1.5.18/logback-classic-1.5.18.jar:/Users/stephennemeth/.m2/repository/ch/qos/logback/logback-core/1.5.18/logback-core-1.5.18.jar:/Users/stephennemeth/.m2/repository/org/apache/logging/log4j/log4j-to-slf4j/2.24.3/log4j-to-slf4j-2.24.3.jar:/Users/stephennemeth/.m2/repository/org/apache/logging/log4j/log4j-api/2.24.3/log4j-api-2.24.3.jar:/Users/stephennemeth/.m2/repository/org/slf4j/jul-to-slf4j/2.0.17/jul-to-slf4j-2.0.17.jar:/Users/stephennemeth/.m2/repository/jakarta/annotation/jakarta.annotation-api/2.1.1/jakarta.annotation-api-2.1.1.jar:/Users/stephennemeth/.m2/repository/org/yaml/snakeyaml/2.3/snakeyaml-2.3.jar:/Users/stephennemeth/.m2/repository/org/springframework/security/spring-security-config/6.4.5/spring-security-config-6.4.5.jar:/Users/stephennemeth/.m2/repository/org/springframework/spring-beans/6.2.6/spring-beans-6.2.6.jar:/Users/stephennemeth/.m2/repository/org/springframework/security/spring-security-core/6.4.5/spring-security-core-6.4.5.jar:/Users/stephennemeth/.m2/repository/org/springframework/security/spring-security-crypto/6.4.5/spring-security-crypto-6.4.5.jar:/Users/stephennemeth/.m2/repository/org/springframework/spring-expression/6.2.6/spring-expression-6.2.6.jar:/Users/stephennemeth/.m2/repository/org/springframework/security/spring-security-oauth2-client/6.4.5/spring-security-oauth2-client-6.4.5.jar:/Users/stephennemeth/.m2/repository/com/nimbusds/oauth2-oidc-sdk/9.43.6/oauth2-oidc-sdk-9.43.6.jar:/Users/stephennemeth/.m2/repository/com/github/stephenc/jcip/jcip-annotations/1.0-1/jcip-annotations-1.0-1.jar:/Users/stephennemeth/.m2/repository/com/nimbusds/content-type/2.2/content-type-2.2.jar:/Users/stephennemeth/.m2/repository/com/nimbusds/lang-tag/1.7/lang-tag-1.7.jar:/Users/stephennemeth/.m2/repository/org/springframework/security/spring-security-oauth2-jose/6.4.5/spring-security-oauth2-jose-6.4.5.jar:/Users/stephennemeth/.m2/repository/org/springframework/boot/spring-boot-starter-oauth2-resource-server/3.4.5/spring-boot-starter-oauth2-resource-server-3.4.5.jar:/Users/stephennemeth/.m2/repository/org/springframework/security/spring-security-oauth2-resource-server/6.4.5/spring-security-oauth2-resource-server-6.4.5.jar:/Users/stephennemeth/.m2/repository/org/springframework/boot/spring-boot-starter-security/3.4.5/spring-boot-starter-security-3.4.5.jar:/Users/stephennemeth/.m2/repository/org/springframework/spring-aop/6.2.6/spring-aop-6.2.6.jar:/Users/stephennemeth/.m2/repository/org/springframework/security/spring-security-web/6.4.5/spring-security-web-6.4.5.jar:/Users/stephennemeth/.m2/repository/org/springframework/boot/spring-boot-starter-web/3.4.5/spring-boot-starter-web-3.4.5.jar:/Users/stephennemeth/.m2/repository/org/springframework/boot/spring-boot-starter-json/3.4.5/spring-boot-starter-json-3.4.5.jar:/Users/stephennemeth/.m2/repository/com/fasterxml/jackson/datatype/jackson-datatype-jdk8/2.18.3/jackson-datatype-jdk8-2.18.3.jar:/Users/stephennemeth/.m2/repository/com/fasterxml/jackson/datatype/jackson-datatype-jsr310/2.18.3/jackson-datatype-jsr310-2.18.3.jar:/Users/stephennemeth/.m2/repository/com/fasterxml/jackson/module/jackson-module-parameter-names/2.18.3/jackson-module-parameter-names-2.18.3.jar:/Users/stephennemeth/.m2/repository/org/springframework/boot/spring-boot-starter-tomcat/3.4.5/spring-boot-starter-tomcat-3.4.5.jar:/Users/stephennemeth/.m2/repository/org/apache/tomcat/embed/tomcat-embed-core/10.1.40/tomcat-embed-core-10.1.40.jar:/Users/stephennemeth/.m2/repository/org/apache/tomcat/embed/tomcat-embed-el/10.1.40/tomcat-embed-el-10.1.40.jar:/Users/stephennemeth/.m2/repository/org/apache/tomcat/embed/tomcat-embed-websocket/10.1.40/tomcat-embed-websocket-10.1.40.jar:/Users/stephennemeth/.m2/repository/org/springframework/spring-web/6.2.6/spring-web-6.2.6.jar:/Users/stephennemeth/.m2/repository/org/springframework/spring-webmvc/6.2.6/spring-webmvc-6.2.6.jar:/Users/stephennemeth/.m2/repository/org/projectlombok/lombok/1.18.38/lombok-1.18.38.jar:/Users/stephennemeth/.m2/repository/org/springframework/boot/spring-boot-starter-test/3.4.5/spring-boot-starter-test-3.4.5.jar:/Users/stephennemeth/.m2/repository/org/springframework/boot/spring-boot-test/3.4.5/spring-boot-test-3.4.5.jar:/Users/stephennemeth/.m2/repository/org/springframework/boot/spring-boot-test-autoconfigure/3.4.5/spring-boot-test-autoconfigure-3.4.5.jar:/Users/stephennemeth/.m2/repository/com/jayway/jsonpath/json-path/2.9.0/json-path-2.9.0.jar:/Users/stephennemeth/.m2/repository/org/slf4j/slf4j-api/2.0.17/slf4j-api-2.0.17.jar:/Users/stephennemeth/.m2/repository/jakarta/xml/bind/jakarta.xml.bind-api/4.0.2/jakarta.xml.bind-api-4.0.2.jar:/Users/stephennemeth/.m2/repository/jakarta/activation/jakarta.activation-api/2.1.3/jakarta.activation-api-2.1.3.jar:/Users/stephennemeth/.m2/repository/net/minidev/json-smart/2.5.2/json-smart-2.5.2.jar:/Users/stephennemeth/.m2/repository/net/minidev/accessors-smart/2.5.2/accessors-smart-2.5.2.jar:/Users/stephennemeth/.m2/repository/org/ow2/asm/asm/9.7.1/asm-9.7.1.jar:/Users/stephennemeth/.m2/repository/org/assertj/assertj-core/3.26.3/assertj-core-3.26.3.jar:/Users/stephennemeth/.m2/repository/net/bytebuddy/byte-buddy/1.15.11/byte-buddy-1.15.11.jar:/Users/stephennemeth/.m2/repository/org/awaitility/awaitility/4.2.2/awaitility-4.2.2.jar:/Users/stephennemeth/.m2/repository/org/hamcrest/hamcrest/2.2/hamcrest-2.2.jar:/Users/stephennemeth/.m2/repository/org/junit/jupiter/junit-jupiter/5.11.4/junit-jupiter-5.11.4.jar:/Users/stephennemeth/.m2/repository/org/junit/jupiter/junit-jupiter-api/5.11.4/junit-jupiter-api-5.11.4.jar:/Users/stephennemeth/.m2/repository/org/opentest4j/opentest4j/1.3.0/opentest4j-1.3.0.jar:/Users/stephennemeth/.m2/repository/org/junit/platform/junit-platform-commons/1.11.4/junit-platform-commons-1.11.4.jar:/Users/stephennemeth/.m2/repository/org/apiguardian/apiguardian-api/1.1.2/apiguardian-api-1.1.2.jar:/Users/stephennemeth/.m2/repository/org/junit/jupiter/junit-jupiter-params/5.11.4/junit-jupiter-params-5.11.4.jar:/Users/stephennemeth/.m2/repository/org/junit/jupiter/junit-jupiter-engine/5.11.4/junit-jupiter-engine-5.11.4.jar:/Users/stephennemeth/.m2/repository/org/junit/platform/junit-platform-engine/1.11.4/junit-platform-engine-1.11.4.jar:/Users/stephennemeth/.m2/repository/org/mockito/mockito-core/5.14.2/mockito-core-5.14.2.jar:/Users/stephennemeth/.m2/repository/net/bytebuddy/byte-buddy-agent/1.15.11/byte-buddy-agent-1.15.11.jar:/Users/stephennemeth/.m2/repository/org/objenesis/objenesis/3.3/objenesis-3.3.jar:/Users/stephennemeth/.m2/repository/org/mockito/mockito-junit-jupiter/5.14.2/mockito-junit-jupiter-5.14.2.jar:/Users/stephennemeth/.m2/repository/org/skyscreamer/jsonassert/1.5.3/jsonassert-1.5.3.jar:/Users/stephennemeth/.m2/repository/com/vaadin/external/google/android-json/0.0.20131108.vaadin1/android-json-0.0.20131108.vaadin1.jar:/Users/stephennemeth/.m2/repository/org/springframework/spring-core/6.2.6/spring-core-6.2.6.jar:/Users/stephennemeth/.m2/repository/org/springframework/spring-jcl/6.2.6/spring-jcl-6.2.6.jar:/Users/stephennemeth/.m2/repository/org/springframework/spring-test/6.2.6/spring-test-6.2.6.jar:/Users/stephennemeth/.m2/repository/org/xmlunit/xmlunit-core/2.10.0/xmlunit-core-2.10.0.jar:/Users/stephennemeth/.m2/repository/org/springframework/security/spring-security-test/6.4.5/spring-security-test-6.4.5.jar:/Users/stephennemeth/.m2/repository/org/springframework/kafka/spring-kafka/3.3.1/spring-kafka-3.3.1.jar:/Users/stephennemeth/.m2/repository/org/springframework/spring-context/6.2.6/spring-context-6.2.6.jar:/Users/stephennemeth/.m2/repository/org/springframework/spring-messaging/6.2.6/spring-messaging-6.2.6.jar:/Users/stephennemeth/.m2/repository/org/springframework/spring-tx/6.2.6/spring-tx-6.2.6.jar:/Users/stephennemeth/.m2/repository/org/springframework/retry/spring-retry/2.0.11/spring-retry-2.0.11.jar:/Users/stephennemeth/.m2/repository/org/apache/kafka/kafka-clients/3.8.1/kafka-clients-3.8.1.jar:/Users/stephennemeth/.m2/repository/com/github/luben/zstd-jni/1.5.6-4/zstd-jni-1.5.6-4.jar:/Users/stephennemeth/.m2/repository/org/lz4/lz4-java/1.8.0/lz4-java-1.8.0.jar:/Users/stephennemeth/.m2/repository/org/xerial/snappy/snappy-java/1.1.10.5/snappy-java-1.1.10.5.jar:/Users/stephennemeth/.m2/repository/io/micrometer/micrometer-observation/1.14.6/micrometer-observation-1.14.6.jar:/Users/stephennemeth/.m2/repository/io/micrometer/micrometer-commons/1.14.6/micrometer-commons-1.14.6.jar:/Users/stephennemeth/.m2/repository/com/amazonaws/aws-java-sdk/1.12.783/aws-java-sdk-1.12.783.jar:/Users/stephennemeth/.m2/repository/com/amazonaws/aws-java-sdk-qapps/1.12.783/aws-java-sdk-qapps-1.12.783.jar:/Users/stephennemeth/.m2/repository/com/amazonaws/jmespath-java/1.12.783/jmespath-java-1.12.783.jar:/Users/stephennemeth/.m2/repository/com/amazonaws/aws-java-sdk-apptest/1.12.783/aws-java-sdk-apptest-1.12.783.jar:/Users/stephennemeth/.m2/repository/com/amazonaws/aws-java-sdk-pcaconnectorscep/1.12.783/aws-java-sdk-pcaconnectorscep-1.12.783.jar:/Users/stephennemeth/.m2/repository/com/amazonaws/aws-java-sdk-applicationsignals/1.12.783/aws-java-sdk-applicationsignals-1.12.783.jar:/Users/stephennemeth/.m2/repository/com/amazonaws/aws-java-sdk-taxsettings/1.12.783/aws-java-sdk-taxsettings-1.12.783.jar:/Users/stephennemeth/.m2/repository/com/amazonaws/aws-java-sdk-mailmanager/1.12.783/aws-java-sdk-mailmanager-1.12.783.jar:/Users/stephennemeth/.m2/repository/com/amazonaws/aws-java-sdk-route53profiles/1.12.783/aws-java-sdk-route53profiles-1.12.783.jar:/Users/stephennemeth/.m2/repository/com/amazonaws/aws-java-sdk-controlcatalog/1.12.783/aws-java-sdk-controlcatalog-1.12.783.jar:/Users/stephennemeth/.m2/repository/com/amazonaws/aws-java-sdk-deadline/1.12.783/aws-java-sdk-deadline-1.12.783.jar:/Users/stephennemeth/.m2/repository/com/amazonaws/aws-java-sdk-codeconnections/1.12.783/aws-java-sdk-codeconnections-1.12.783.jar:/Users/stephennemeth/.m2/repository/com/amazonaws/aws-java-sdk-timestreaminfluxdb/1.12.783/aws-java-sdk-timestreaminfluxdb-1.12.783.jar:/Users/stephennemeth/.m2/repository/com/amazonaws/aws-java-sdk-chatbot/1.12.783/aws-java-sdk-chatbot-1.12.783.jar:/Users/stephennemeth/.m2/repository/com/amazonaws/aws-java-sdk-artifact/1.12.783/aws-java-sdk-artifact-1.12.783.jar:/Users/stephennemeth/.m2/repository/com/amazonaws/aws-java-sdk-supplychain/1.12.783/aws-java-sdk-supplychain-1.12.783.jar:/Users/stephennemeth/.m2/repository/com/amazonaws/aws-java-sdk-networkmonitor/1.12.783/aws-java-sdk-networkmonitor-1.12.783.jar:/Users/stephennemeth/.m2/repository/com/amazonaws/aws-java-sdk-marketplaceagreement/1.12.783/aws-java-sdk-marketplaceagreement-1.12.783.jar:/Users/stephennemeth/.m2/repository/com/amazonaws/aws-java-sdk-marketplacedeployment/1.12.783/aws-java-sdk-marketplacedeployment-1.12.783.jar:/Users/stephennemeth/.m2/repository/com/amazonaws/aws-java-sdk-cleanroomsml/1.12.783/aws-java-sdk-cleanroomsml-1.12.783.jar:/Users/stephennemeth/.m2/repository/com/amazonaws/aws-java-sdk-bedrockagent/1.12.783/aws-java-sdk-bedrockagent-1.12.783.jar:/Users/stephennemeth/.m2/repository/com/amazonaws/aws-java-sdk-qconnect/1.12.783/aws-java-sdk-qconnect-1.12.783.jar:/Users/stephennemeth/.m2/repository/com/amazonaws/aws-java-sdk-qbusiness/1.12.783/aws-java-sdk-qbusiness-1.12.783.jar:/Users/stephennemeth/.m2/repository/com/amazonaws/aws-java-sdk-bedrockagentruntime/1.12.783/aws-java-sdk-bedrockagentruntime-1.12.783.jar:/Users/stephennemeth/.m2/repository/com/amazonaws/aws-java-sdk-b2bi/1.12.783/aws-java-sdk-b2bi-1.12.783.jar:/Users/stephennemeth/.m2/repository/com/amazonaws/aws-java-sdk-workspacesthinclient/1.12.783/aws-java-sdk-workspacesthinclient-1.12.783.jar:/Users/stephennemeth/.m2/repository/com/amazonaws/aws-java-sdk-eksauth/1.12.783/aws-java-sdk-eksauth-1.12.783.jar:/Users/stephennemeth/.m2/repository/com/amazonaws/aws-java-sdk-freetier/1.12.783/aws-java-sdk-freetier-1.12.783.jar:/Users/stephennemeth/.m2/repository/com/amazonaws/aws-java-sdk-bcmdataexports/1.12.783/aws-java-sdk-bcmdataexports-1.12.783.jar:/Users/stephennemeth/.m2/repository/com/amazonaws/aws-java-sdk-repostspace/1.12.783/aws-java-sdk-repostspace-1.12.783.jar:/Users/stephennemeth/.m2/repository/com/amazonaws/aws-java-sdk-costoptimizationhub/1.12.783/aws-java-sdk-costoptimizationhub-1.12.783.jar:/Users/stephennemeth/.m2/repository/com/amazonaws/aws-java-sdk-inspectorscan/1.12.783/aws-java-sdk-inspectorscan-1.12.783.jar:/Users/stephennemeth/.m2/repository/com/amazonaws/aws-java-sdk-trustedadvisor/1.12.783/aws-java-sdk-trustedadvisor-1.12.783.jar:/Users/stephennemeth/.m2/repository/com/amazonaws/aws-java-sdk-launchwizard/1.12.783/aws-java-sdk-launchwizard-1.12.783.jar:/Users/stephennemeth/.m2/repository/com/amazonaws/aws-java-sdk-datazoneexternal/1.12.783/aws-java-sdk-datazoneexternal-1.12.783.jar:/Users/stephennemeth/.m2/repository/com/amazonaws/aws-java-sdk-bedrock/1.12.783/aws-java-sdk-bedrock-1.12.783.jar:/Users/stephennemeth/.m2/repository/com/amazonaws/aws-java-sdk-bedrockruntime/1.12.783/aws-java-sdk-bedrockruntime-1.12.783.jar:/Users/stephennemeth/.m2/repository/com/amazonaws/aws-java-sdk-neptunedata/1.12.783/aws-java-sdk-neptunedata-1.12.783.jar:/Users/stephennemeth/.m2/repository/com/amazonaws/aws-java-sdk-pcaconnectorad/1.12.783/aws-java-sdk-pcaconnectorad-1.12.783.jar:/Users/stephennemeth/.m2/repository/com/amazonaws/aws-java-sdk-managedblockchainquery/1.12.783/aws-java-sdk-managedblockchainquery-1.12.783.jar:/Users/stephennemeth/.m2/repository/com/amazonaws/aws-java-sdk-entityresolution/1.12.783/aws-java-sdk-entityresolution-1.12.783.jar:/Users/stephennemeth/.m2/repository/com/amazonaws/aws-java-sdk-medicalimaging/1.12.783/aws-java-sdk-medicalimaging-1.12.783.jar:/Users/stephennemeth/.m2/repository/com/amazonaws/aws-java-sdk-appfabric/1.12.783/aws-java-sdk-appfabric-1.12.783.jar:/Users/stephennemeth/.m2/repository/com/amazonaws/aws-java-sdk-verifiedpermissions/1.12.783/aws-java-sdk-verifiedpermissions-1.12.783.jar:/Users/stephennemeth/.m2/repository/com/amazonaws/aws-java-sdk-codegurusecurity/1.12.783/aws-java-sdk-codegurusecurity-1.12.783.jar:/Users/stephennemeth/.m2/repository/com/amazonaws/aws-java-sdk-paymentcryptography/1.12.783/aws-java-sdk-paymentcryptography-1.12.783.jar:/Users/stephennemeth/.m2/repository/com/amazonaws/aws-java-sdk-paymentcryptographydata/1.12.783/aws-java-sdk-paymentcryptographydata-1.12.783.jar:/Users/stephennemeth/.m2/repository/com/amazonaws/aws-java-sdk-mediapackagev2/1.12.783/aws-java-sdk-mediapackagev2-1.12.783.jar:/Users/stephennemeth/.m2/repository/com/amazonaws/aws-java-sdk-osis/1.12.783/aws-java-sdk-osis-1.12.783.jar:/Users/stephennemeth/.m2/repository/com/amazonaws/aws-java-sdk-vpclattice/1.12.783/aws-java-sdk-vpclattice-1.12.783.jar:/Users/stephennemeth/.m2/repository/com/amazonaws/aws-java-sdk-ivsrealtime/1.12.783/aws-java-sdk-ivsrealtime-1.12.783.jar:/Users/stephennemeth/.m2/repository/com/amazonaws/aws-java-sdk-internetmonitor/1.12.783/aws-java-sdk-internetmonitor-1.12.783.jar:/Users/stephennemeth/.m2/repository/com/amazonaws/aws-java-sdk-tnb/1.12.783/aws-java-sdk-tnb-1.12.783.jar:/Users/stephennemeth/.m2/repository/com/amazonaws/aws-java-sdk-cloudtraildata/1.12.783/aws-java-sdk-cloudtraildata-1.12.783.jar:/Users/stephennemeth/.m2/repository/com/amazonaws/aws-java-sdk-cleanrooms/1.12.783/aws-java-sdk-cleanrooms-1.12.783.jar:/Users/stephennemeth/.m2/repository/com/amazonaws/aws-java-sdk-kendraranking/1.12.783/aws-java-sdk-kendraranking-1.12.783.jar:/Users/stephennemeth/.m2/repository/com/amazonaws/aws-java-sdk-licensemanagerlinuxsubscriptions/1.12.783/aws-java-sdk-licensemanagerlinuxsubscriptions-1.12.783.jar:/Users/stephennemeth/.m2/repository/com/amazonaws/aws-java-sdk-kinesisvideowebrtcstorage/1.12.783/aws-java-sdk-kinesisvideowebrtcstorage-1.12.783.jar:/Users/stephennemeth/.m2/repository/com/amazonaws/aws-java-sdk-sagemakermetrics/1.12.783/aws-java-sdk-sagemakermetrics-1.12.783.jar:/Users/stephennemeth/.m2/repository/com/amazonaws/aws-java-sdk-pipes/1.12.783/aws-java-sdk-pipes-1.12.783.jar:/Users/stephennemeth/.m2/repository/com/amazonaws/aws-java-sdk-sagemakergeospatial/1.12.783/aws-java-sdk-sagemakergeospatial-1.12.783.jar:/Users/stephennemeth/.m2/repository/com/amazonaws/aws-java-sdk-docdbelastic/1.12.783/aws-java-sdk-docdbelastic-1.12.783.jar:/Users/stephennemeth/.m2/repository/com/amazonaws/aws-java-sdk-omics/1.12.783/aws-java-sdk-omics-1.12.783.jar:/Users/stephennemeth/.m2/repository/com/amazonaws/aws-java-sdk-opensearchserverless/1.12.783/aws-java-sdk-opensearchserverless-1.12.783.jar:/Users/stephennemeth/.m2/repository/com/amazonaws/aws-java-sdk-securitylake/1.12.783/aws-java-sdk-securitylake-1.12.783.jar:/Users/stephennemeth/.m2/repository/com/amazonaws/aws-java-sdk-simspaceweaver/1.12.783/aws-java-sdk-simspaceweaver-1.12.783.jar:/Users/stephennemeth/.m2/repository/com/amazonaws/aws-java-sdk-arczonalshift/1.12.783/aws-java-sdk-arczonalshift-1.12.783.jar:/Users/stephennemeth/.m2/repository/com/amazonaws/aws-java-sdk-oam/1.12.783/aws-java-sdk-oam-1.12.783.jar:/Users/stephennemeth/.m2/repository/com/amazonaws/aws-java-sdk-chimesdkvoice/1.12.783/aws-java-sdk-chimesdkvoice-1.12.783.jar:/Users/stephennemeth/.m2/repository/com/amazonaws/aws-java-sdk-ssmsap/1.12.783/aws-java-sdk-ssmsap-1.12.783.jar:/Users/stephennemeth/.m2/repository/com/amazonaws/aws-java-sdk-scheduler/1.12.783/aws-java-sdk-scheduler-1.12.783.jar:/Users/stephennemeth/.m2/repository/com/amazonaws/aws-java-sdk-resourceexplorer2/1.12.783/aws-java-sdk-resourceexplorer2-1.12.783.jar:/Users/stephennemeth/.m2/repository/com/amazonaws/aws-java-sdk-connectcases/1.12.783/aws-java-sdk-connectcases-1.12.783.jar:/Users/stephennemeth/.m2/repository/com/amazonaws/aws-java-sdk-migrationhuborchestrator/1.12.783/aws-java-sdk-migrationhuborchestrator-1.12.783.jar:/Users/stephennemeth/.m2/repository/com/amazonaws/aws-java-sdk-iotfleetwise/1.12.783/aws-java-sdk-iotfleetwise-1.12.783.jar:/Users/stephennemeth/.m2/repository/com/amazonaws/aws-java-sdk-controltower/1.12.783/aws-java-sdk-controltower-1.12.783.jar:/Users/stephennemeth/.m2/repository/com/amazonaws/aws-java-sdk-supportapp/1.12.783/aws-java-sdk-supportapp-1.12.783.jar:/Users/stephennemeth/.m2/repository/com/amazonaws/aws-java-sdk-private5g/1.12.783/aws-java-sdk-private5g-1.12.783.jar:/Users/stephennemeth/.m2/repository/com/amazonaws/aws-java-sdk-licensemanagerusersubscriptions/1.12.783/aws-java-sdk-licensemanagerusersubscriptions-1.12.783.jar:/Users/stephennemeth/.m2/repository/com/amazonaws/aws-java-sdk-iamrolesanywhere/1.12.783/aws-java-sdk-iamrolesanywhere-1.12.783.jar:/Users/stephennemeth/.m2/repository/com/amazonaws/aws-java-sdk-redshiftserverless/1.12.783/aws-java-sdk-redshiftserverless-1.12.783.jar:/Users/stephennemeth/.m2/repository/com/amazonaws/aws-java-sdk-connectcampaign/1.12.783/aws-java-sdk-connectcampaign-1.12.783.jar:/Users/stephennemeth/.m2/repository/com/amazonaws/aws-java-sdk-mainframemodernization/1.12.783/aws-java-sdk-mainframemodernization-1.12.783.jar:/Users/stephennemeth/.m2/repository/com/amazonaws/aws-java-sdk-emrserverless/1.12.783/aws-java-sdk-emrserverless-1.12.783.jar:/Users/stephennemeth/.m2/repository/com/amazonaws/aws-java-sdk-chimesdkmediapipelines/1.12.783/aws-java-sdk-chimesdkmediapipelines-1.12.783.jar:/Users/stephennemeth/.m2/repository/com/amazonaws/aws-java-sdk-ivschat/1.12.783/aws-java-sdk-ivschat-1.12.783.jar:/Users/stephennemeth/.m2/repository/com/amazonaws/aws-java-sdk-pinpointsmsvoicev2/1.12.783/aws-java-sdk-pinpointsmsvoicev2-1.12.783.jar:/Users/stephennemeth/.m2/repository/com/amazonaws/aws-java-sdk-billingconductor/1.12.783/aws-java-sdk-billingconductor-1.12.783.jar:/Users/stephennemeth/.m2/repository/com/amazonaws/aws-java-sdk-keyspaces/1.12.783/aws-java-sdk-keyspaces-1.12.783.jar:/Users/stephennemeth/.m2/repository/com/amazonaws/aws-java-sdk-amplifyuibuilder/1.12.783/aws-java-sdk-amplifyuibuilder-1.12.783.jar:/Users/stephennemeth/.m2/repository/com/amazonaws/aws-java-sdk-backupgateway/1.12.783/aws-java-sdk-backupgateway-1.12.783.jar:/Users/stephennemeth/.m2/repository/com/amazonaws/aws-java-sdk-workspacesweb/1.12.783/aws-java-sdk-workspacesweb-1.12.783.jar:/Users/stephennemeth/.m2/repository/com/amazonaws/aws-java-sdk-iottwinmaker/1.12.783/aws-java-sdk-iottwinmaker-1.12.783.jar:/Users/stephennemeth/.m2/repository/com/amazonaws/aws-java-sdk-recyclebin/1.12.783/aws-java-sdk-recyclebin-1.12.783.jar:/Users/stephennemeth/.m2/repository/com/amazonaws/aws-java-sdk-cloudwatchrum/1.12.783/aws-java-sdk-cloudwatchrum-1.12.783.jar:/Users/stephennemeth/.m2/repository/com/amazonaws/aws-java-sdk-cloudwatchevidently/1.12.783/aws-java-sdk-cloudwatchevidently-1.12.783.jar:/Users/stephennemeth/.m2/repository/com/amazonaws/aws-java-sdk-inspector2/1.12.783/aws-java-sdk-inspector2-1.12.783.jar:/Users/stephennemeth/.m2/repository/com/amazonaws/aws-java-sdk-migrationhubrefactorspaces/1.12.783/aws-java-sdk-migrationhubrefactorspaces-1.12.783.jar:/Users/stephennemeth/.m2/repository/com/amazonaws/aws-java-sdk-appconfigdata/1.12.783/aws-java-sdk-appconfigdata-1.12.783.jar:/Users/stephennemeth/.m2/repository/com/amazonaws/aws-java-sdk-drs/1.12.783/aws-java-sdk-drs-1.12.783.jar:/Users/stephennemeth/.m2/repository/com/amazonaws/aws-java-sdk-migrationhubstrategyrecommendations/1.12.783/aws-java-sdk-migrationhubstrategyrecommendations-1.12.783.jar:/Users/stephennemeth/.m2/repository/com/amazonaws/aws-java-sdk-resiliencehub/1.12.783/aws-java-sdk-resiliencehub-1.12.783.jar:/Users/stephennemeth/.m2/repository/com/amazonaws/aws-java-sdk-chimesdkmeetings/1.12.783/aws-java-sdk-chimesdkmeetings-1.12.783.jar:/Users/stephennemeth/.m2/repository/com/amazonaws/aws-java-sdk-panorama/1.12.783/aws-java-sdk-panorama-1.12.783.jar:/Users/stephennemeth/.m2/repository/com/amazonaws/aws-java-sdk-managedgrafana/1.12.783/aws-java-sdk-managedgrafana-1.12.783.jar:/Users/stephennemeth/.m2/repository/com/amazonaws/aws-java-sdk-cloudcontrolapi/1.12.783/aws-java-sdk-cloudcontrolapi-1.12.783.jar:/Users/stephennemeth/.m2/repository/com/amazonaws/aws-java-sdk-account/1.12.783/aws-java-sdk-account-1.12.783.jar:/Users/stephennemeth/.m2/repository/com/amazonaws/aws-java-sdk-voiceid/1.12.783/aws-java-sdk-voiceid-1.12.783.jar:/Users/stephennemeth/.m2/repository/com/amazonaws/aws-java-sdk-connectwisdom/1.12.783/aws-java-sdk-connectwisdom-1.12.783.jar:/Users/stephennemeth/.m2/repository/com/amazonaws/aws-java-sdk-kafkaconnect/1.12.783/aws-java-sdk-kafkaconnect-1.12.783.jar:/Users/stephennemeth/.m2/repository/com/amazonaws/aws-java-sdk-opensearch/1.12.783/aws-java-sdk-opensearch-1.12.783.jar:/Users/stephennemeth/.m2/repository/com/amazonaws/aws-java-sdk-memorydb/1.12.783/aws-java-sdk-memorydb-1.12.783.jar:/Users/stephennemeth/.m2/repository/com/amazonaws/aws-java-sdk-snowdevicemanagement/1.12.783/aws-java-sdk-snowdevicemanagement-1.12.783.jar:/Users/stephennemeth/.m2/repository/com/amazonaws/aws-java-sdk-chimesdkidentity/1.12.783/aws-java-sdk-chimesdkidentity-1.12.783.jar:/Users/stephennemeth/.m2/repository/com/amazonaws/aws-java-sdk-chimesdkmessaging/1.12.783/aws-java-sdk-chimesdkmessaging-1.12.783.jar:/Users/stephennemeth/.m2/repository/com/amazonaws/aws-java-sdk-route53recoverycluster/1.12.783/aws-java-sdk-route53recoverycluster-1.12.783.jar:/Users/stephennemeth/.m2/repository/com/amazonaws/aws-java-sdk-route53recoverycontrolconfig/1.12.783/aws-java-sdk-route53recoverycontrolconfig-1.12.783.jar:/Users/stephennemeth/.m2/repository/com/amazonaws/aws-java-sdk-route53recoveryreadiness/1.12.783/aws-java-sdk-route53recoveryreadiness-1.12.783.jar:/Users/stephennemeth/.m2/repository/com/amazonaws/aws-java-sdk-proton/1.12.783/aws-java-sdk-proton-1.12.783.jar:/Users/stephennemeth/.m2/repository/com/amazonaws/aws-java-sdk-apprunner/1.12.783/aws-java-sdk-apprunner-1.12.783.jar:/Users/stephennemeth/.m2/repository/com/amazonaws/aws-java-sdk-applicationcostprofiler/1.12.783/aws-java-sdk-applicationcostprofiler-1.12.783.jar:/Users/stephennemeth/.m2/repository/com/amazonaws/aws-java-sdk-ssmcontacts/1.12.783/aws-java-sdk-ssmcontacts-1.12.783.jar:/Users/stephennemeth/.m2/repository/com/amazonaws/aws-java-sdk-ssmincidents/1.12.783/aws-java-sdk-ssmincidents-1.12.783.jar:/Users/stephennemeth/.m2/repository/com/amazonaws/aws-java-sdk-finspacedata/1.12.783/aws-java-sdk-finspacedata-1.12.783.jar:/Users/stephennemeth/.m2/repository/com/amazonaws/aws-java-sdk-finspace/1.12.783/aws-java-sdk-finspace-1.12.783.jar:/Users/stephennemeth/.m2/repository/com/amazonaws/aws-java-sdk-nimblestudio/1.12.783/aws-java-sdk-nimblestudio-1.12.783.jar:/Users/stephennemeth/.m2/repository/com/amazonaws/aws-java-sdk-lookoutequipment/1.12.783/aws-java-sdk-lookoutequipment-1.12.783.jar:/Users/stephennemeth/.m2/repository/com/amazonaws/aws-java-sdk-mgn/1.12.783/aws-java-sdk-mgn-1.12.783.jar:/Users/stephennemeth/.m2/repository/com/amazonaws/aws-java-sdk-lookoutmetrics/1.12.783/aws-java-sdk-lookoutmetrics-1.12.783.jar:/Users/stephennemeth/.m2/repository/com/amazonaws/aws-java-sdk-fis/1.12.783/aws-java-sdk-fis-1.12.783.jar:/Users/stephennemeth/.m2/repository/com/amazonaws/aws-java-sdk-lexmodelsv2/1.12.783/aws-java-sdk-lexmodelsv2-1.12.783.jar:/Users/stephennemeth/.m2/repository/com/amazonaws/aws-java-sdk-lexruntimev2/1.12.783/aws-java-sdk-lexruntimev2-1.12.783.jar:/Users/stephennemeth/.m2/repository/com/amazonaws/aws-java-sdk-wellarchitected/1.12.783/aws-java-sdk-wellarchitected-1.12.783.jar:/Users/stephennemeth/.m2/repository/com/amazonaws/aws-java-sdk-location/1.12.783/aws-java-sdk-location-1.12.783.jar:/Users/stephennemeth/.m2/repository/com/amazonaws/aws-java-sdk-iotdeviceadvisor/1.12.783/aws-java-sdk-iotdeviceadvisor-1.12.783.jar:/Users/stephennemeth/.m2/repository/com/amazonaws/aws-java-sdk-iotfleethub/1.12.783/aws-java-sdk-iotfleethub-1.12.783.jar:/Users/stephennemeth/.m2/repository/com/amazonaws/aws-java-sdk-iotwireless/1.12.783/aws-java-sdk-iotwireless-1.12.783.jar:/Users/stephennemeth/.m2/repository/com/amazonaws/aws-java-sdk-greengrassv2/1.12.783/aws-java-sdk-greengrassv2-1.12.783.jar:/Users/stephennemeth/.m2/repository/com/amazonaws/aws-java-sdk-prometheus/1.12.783/aws-java-sdk-prometheus-1.12.783.jar:/Users/stephennemeth/.m2/repository/com/amazonaws/aws-java-sdk-auditmanager/1.12.783/aws-java-sdk-auditmanager-1.12.783.jar:/Users/stephennemeth/.m2/repository/com/amazonaws/aws-java-sdk-healthlake/1.12.783/aws-java-sdk-healthlake-1.12.783.jar:/Users/stephennemeth/.m2/repository/com/amazonaws/aws-java-sdk-sagemakeredgemanager/1.12.783/aws-java-sdk-sagemakeredgemanager-1.12.783.jar:/Users/stephennemeth/.m2/repository/com/amazonaws/aws-java-sdk-emrcontainers/1.12.783/aws-java-sdk-emrcontainers-1.12.783.jar:/Users/stephennemeth/.m2/repository/com/amazonaws/aws-java-sdk-customerprofiles/1.12.783/aws-java-sdk-customerprofiles-1.12.783.jar:/Users/stephennemeth/.m2/repository/com/amazonaws/aws-java-sdk-lookoutforvision/1.12.783/aws-java-sdk-lookoutforvision-1.12.783.jar:/Users/stephennemeth/.m2/repository/com/amazonaws/aws-java-sdk-connectcontactlens/1.12.783/aws-java-sdk-connectcontactlens-1.12.783.jar:/Users/stephennemeth/.m2/repository/com/amazonaws/aws-java-sdk-amplifybackend/1.12.783/aws-java-sdk-amplifybackend-1.12.783.jar:/Users/stephennemeth/.m2/repository/com/amazonaws/aws-java-sdk-ecrpublic/1.12.783/aws-java-sdk-ecrpublic-1.12.783.jar:/Users/stephennemeth/.m2/repository/com/amazonaws/aws-java-sdk-appintegrations/1.12.783/aws-java-sdk-appintegrations-1.12.783.jar:/Users/stephennemeth/.m2/repository/com/amazonaws/aws-java-sdk-sagemakerfeaturestoreruntime/1.12.783/aws-java-sdk-sagemakerfeaturestoreruntime-1.12.783.jar:/Users/stephennemeth/.m2/repository/com/amazonaws/aws-java-sdk-devopsguru/1.12.783/aws-java-sdk-devopsguru-1.12.783.jar:/Users/stephennemeth/.m2/repository/com/amazonaws/aws-java-sdk-mwaa/1.12.783/aws-java-sdk-mwaa-1.12.783.jar:/Users/stephennemeth/.m2/repository/com/amazonaws/aws-java-sdk-networkfirewall/1.12.783/aws-java-sdk-networkfirewall-1.12.783.jar:/Users/stephennemeth/.m2/repository/com/amazonaws/aws-java-sdk-appregistry/1.12.783/aws-java-sdk-appregistry-1.12.783.jar:/Users/stephennemeth/.m2/repository/com/amazonaws/aws-java-sdk-gluedatabrew/1.12.783/aws-java-sdk-gluedatabrew-1.12.783.jar:/Users/stephennemeth/.m2/repository/com/amazonaws/aws-java-sdk-s3outposts/1.12.783/aws-java-sdk-s3outposts-1.12.783.jar:/Users/stephennemeth/.m2/repository/com/amazonaws/aws-java-sdk-timestreamquery/1.12.783/aws-java-sdk-timestreamquery-1.12.783.jar:/Users/stephennemeth/.m2/repository/com/amazonaws/aws-java-sdk-timestreamwrite/1.12.783/aws-java-sdk-timestreamwrite-1.12.783.jar:/Users/stephennemeth/.m2/repository/com/amazonaws/aws-java-sdk-ssoadmin/1.12.783/aws-java-sdk-ssoadmin-1.12.783.jar:/Users/stephennemeth/.m2/repository/com/amazonaws/aws-java-sdk-redshiftdataapi/1.12.783/aws-java-sdk-redshiftdataapi-1.12.783.jar:/Users/stephennemeth/.m2/repository/com/amazonaws/aws-java-sdk-appflow/1.12.783/aws-java-sdk-appflow-1.12.783.jar:/Users/stephennemeth/.m2/repository/com/amazonaws/aws-java-sdk-identitystore/1.12.783/aws-java-sdk-identitystore-1.12.783.jar:/Users/stephennemeth/.m2/repository/com/amazonaws/aws-java-sdk-braket/1.12.783/aws-java-sdk-braket-1.12.783.jar:/Users/stephennemeth/.m2/repository/com/amazonaws/aws-java-sdk-ivs/1.12.783/aws-java-sdk-ivs-1.12.783.jar:/Users/stephennemeth/.m2/repository/com/amazonaws/aws-java-sdk-codeartifact/1.12.783/aws-java-sdk-codeartifact-1.12.783.jar:/Users/stephennemeth/.m2/repository/com/amazonaws/aws-java-sdk-macie2/1.12.783/aws-java-sdk-macie2-1.12.783.jar:/Users/stephennemeth/.m2/repository/com/amazonaws/aws-java-sdk-iotsitewise/1.12.783/aws-java-sdk-iotsitewise-1.12.783.jar:/Users/stephennemeth/.m2/repository/com/amazonaws/aws-java-sdk-synthetics/1.12.783/aws-java-sdk-synthetics-1.12.783.jar:/Users/stephennemeth/.m2/repository/com/amazonaws/aws-java-sdk-codestarconnections/1.12.783/aws-java-sdk-codestarconnections-1.12.783.jar:/Users/stephennemeth/.m2/repository/com/amazonaws/aws-java-sdk-detective/1.12.783/aws-java-sdk-detective-1.12.783.jar:/Users/stephennemeth/.m2/repository/com/amazonaws/aws-java-sdk-kinesisvideosignalingchannels/1.12.783/aws-java-sdk-kinesisvideosignalingchannels-1.12.783.jar:/Users/stephennemeth/.m2/repository/com/amazonaws/aws-java-sdk-ebs/1.12.783/aws-java-sdk-ebs-1.12.783.jar:/Users/stephennemeth/.m2/repository/com/amazonaws/aws-java-sdk-augmentedairuntime/1.12.783/aws-java-sdk-augmentedairuntime-1.12.783.jar:/Users/stephennemeth/.m2/repository/com/amazonaws/aws-java-sdk-outposts/1.12.783/aws-java-sdk-outposts-1.12.783.jar:/Users/stephennemeth/.m2/repository/com/amazonaws/aws-java-sdk-codeguruprofiler/1.12.783/aws-java-sdk-codeguruprofiler-1.12.783.jar:/Users/stephennemeth/.m2/repository/com/amazonaws/aws-java-sdk-codegurureviewer/1.12.783/aws-java-sdk-codegurureviewer-1.12.783.jar:/Users/stephennemeth/.m2/repository/com/amazonaws/aws-java-sdk-frauddetector/1.12.783/aws-java-sdk-frauddetector-1.12.783.jar:/Users/stephennemeth/.m2/repository/com/amazonaws/aws-java-sdk-kendra/1.12.783/aws-java-sdk-kendra-1.12.783.jar:/Users/stephennemeth/.m2/repository/com/amazonaws/aws-java-sdk-networkmanager/1.12.783/aws-java-sdk-networkmanager-1.12.783.jar:/Users/stephennemeth/.m2/repository/com/amazonaws/aws-java-sdk-computeoptimizer/1.12.783/aws-java-sdk-computeoptimizer-1.12.783.jar:/Users/stephennemeth/.m2/repository/com/amazonaws/aws-java-sdk-accessanalyzer/1.12.783/aws-java-sdk-accessanalyzer-1.12.783.jar:/Users/stephennemeth/.m2/repository/com/amazonaws/aws-java-sdk-schemas/1.12.783/aws-java-sdk-schemas-1.12.783.jar:/Users/stephennemeth/.m2/repository/com/amazonaws/aws-java-sdk-imagebuilder/1.12.783/aws-java-sdk-imagebuilder-1.12.783.jar:/Users/stephennemeth/.m2/repository/com/amazonaws/aws-java-sdk-elasticinference/1.12.783/aws-java-sdk-elasticinference-1.12.783.jar:/Users/stephennemeth/.m2/repository/com/amazonaws/aws-java-sdk-iotsecuretunneling/1.12.783/aws-java-sdk-iotsecuretunneling-1.12.783.jar:/Users/stephennemeth/.m2/repository/com/amazonaws/aws-java-sdk-appconfig/1.12.783/aws-java-sdk-appconfig-1.12.783.jar:/Users/stephennemeth/.m2/repository/com/amazonaws/aws-java-sdk-wafv2/1.12.783/aws-java-sdk-wafv2-1.12.783.jar:/Users/stephennemeth/.m2/repository/com/amazonaws/aws-java-sdk-connectparticipant/1.12.783/aws-java-sdk-connectparticipant-1.12.783.jar:/Users/stephennemeth/.m2/repository/com/amazonaws/aws-java-sdk-migrationhubconfig/1.12.783/aws-java-sdk-migrationhubconfig-1.12.783.jar:/Users/stephennemeth/.m2/repository/com/amazonaws/aws-java-sdk-dataexchange/1.12.783/aws-java-sdk-dataexchange-1.12.783.jar:/Users/stephennemeth/.m2/repository/com/amazonaws/aws-java-sdk-sesv2/1.12.783/aws-java-sdk-sesv2-1.12.783.jar:/Users/stephennemeth/.m2/repository/com/amazonaws/aws-java-sdk-marketplacecatalog/1.12.783/aws-java-sdk-marketplacecatalog-1.12.783.jar:/Users/stephennemeth/.m2/repository/com/amazonaws/aws-java-sdk-ssooidc/1.12.783/aws-java-sdk-ssooidc-1.12.783.jar:/Users/stephennemeth/.m2/repository/com/amazonaws/aws-java-sdk-sso/1.12.783/aws-java-sdk-sso-1.12.783.jar:/Users/stephennemeth/.m2/repository/com/amazonaws/aws-java-sdk-savingsplans/1.12.783/aws-java-sdk-savingsplans-1.12.783.jar:/Users/stephennemeth/.m2/repository/com/amazonaws/aws-java-sdk-codestarnotifications/1.12.783/aws-java-sdk-codestarnotifications-1.12.783.jar:/Users/stephennemeth/.m2/repository/com/amazonaws/aws-java-sdk-workmailmessageflow/1.12.783/aws-java-sdk-workmailmessageflow-1.12.783.jar:/Users/stephennemeth/.m2/repository/com/amazonaws/aws-java-sdk-qldbsession/1.12.783/aws-java-sdk-qldbsession-1.12.783.jar:/Users/stephennemeth/.m2/repository/com/amazonaws/aws-java-sdk-qldb/1.12.783/aws-java-sdk-qldb-1.12.783.jar:/Users/stephennemeth/.m2/repository/com/amazonaws/aws-java-sdk-forecastquery/1.12.783/aws-java-sdk-forecastquery-1.12.783.jar:/Users/stephennemeth/.m2/repository/com/amazonaws/aws-java-sdk-forecast/1.12.783/aws-java-sdk-forecast-1.12.783.jar:/Users/stephennemeth/.m2/repository/com/amazonaws/aws-java-sdk-lakeformation/1.12.783/aws-java-sdk-lakeformation-1.12.783.jar:/Users/stephennemeth/.m2/repository/com/amazonaws/aws-java-sdk-eventbridge/1.12.783/aws-java-sdk-eventbridge-1.12.783.jar:/Users/stephennemeth/.m2/repository/com/amazonaws/aws-java-sdk-ec2instanceconnect/1.12.783/aws-java-sdk-ec2instanceconnect-1.12.783.jar:/Users/stephennemeth/.m2/repository/com/amazonaws/aws-java-sdk-applicationinsights/1.12.783/aws-java-sdk-applicationinsights-1.12.783.jar:/Users/stephennemeth/.m2/repository/com/amazonaws/aws-java-sdk-servicequotas/1.12.783/aws-java-sdk-servicequotas-1.12.783.jar:/Users/stephennemeth/.m2/repository/com/amazonaws/aws-java-sdk-personalizeevents/1.12.783/aws-java-sdk-personalizeevents-1.12.783.jar:/Users/stephennemeth/.m2/repository/com/amazonaws/aws-java-sdk-personalize/1.12.783/aws-java-sdk-personalize-1.12.783.jar:/Users/stephennemeth/.m2/repository/com/amazonaws/aws-java-sdk-personalizeruntime/1.12.783/aws-java-sdk-personalizeruntime-1.12.783.jar:/Users/stephennemeth/.m2/repository/com/amazonaws/aws-java-sdk-ioteventsdata/1.12.783/aws-java-sdk-ioteventsdata-1.12.783.jar:/Users/stephennemeth/.m2/repository/com/amazonaws/aws-java-sdk-iotevents/1.12.783/aws-java-sdk-iotevents-1.12.783.jar:/Users/stephennemeth/.m2/repository/com/amazonaws/aws-java-sdk-iotthingsgraph/1.12.783/aws-java-sdk-iotthingsgraph-1.12.783.jar:/Users/stephennemeth/.m2/repository/com/amazonaws/aws-java-sdk-groundstation/1.12.783/aws-java-sdk-groundstation-1.12.783.jar:/Users/stephennemeth/.m2/repository/com/amazonaws/aws-java-sdk-mediapackagevod/1.12.783/aws-java-sdk-mediapackagevod-1.12.783.jar:/Users/stephennemeth/.m2/repository/com/amazonaws/aws-java-sdk-managedblockchain/1.12.783/aws-java-sdk-managedblockchain-1.12.783.jar:/Users/stephennemeth/.m2/repository/com/amazonaws/aws-java-sdk-textract/1.12.783/aws-java-sdk-textract-1.12.783.jar:/Users/stephennemeth/.m2/repository/com/amazonaws/aws-java-sdk-worklink/1.12.783/aws-java-sdk-worklink-1.12.783.jar:/Users/stephennemeth/.m2/repository/com/amazonaws/aws-java-sdk-backup/1.12.783/aws-java-sdk-backup-1.12.783.jar:/Users/stephennemeth/.m2/repository/com/amazonaws/aws-java-sdk-docdb/1.12.783/aws-java-sdk-docdb-1.12.783.jar:/Users/stephennemeth/.m2/repository/com/amazonaws/aws-java-sdk-apigatewayv2/1.12.783/aws-java-sdk-apigatewayv2-1.12.783.jar:/Users/stephennemeth/.m2/repository/com/amazonaws/aws-java-sdk-apigatewaymanagementapi/1.12.783/aws-java-sdk-apigatewaymanagementapi-1.12.783.jar:/Users/stephennemeth/.m2/repository/com/amazonaws/aws-java-sdk-kafka/1.12.783/aws-java-sdk-kafka-1.12.783.jar:/Users/stephennemeth/.m2/repository/com/amazonaws/aws-java-sdk-appmesh/1.12.783/aws-java-sdk-appmesh-1.12.783.jar:/Users/stephennemeth/.m2/repository/com/amazonaws/aws-java-sdk-licensemanager/1.12.783/aws-java-sdk-licensemanager-1.12.783.jar:/Users/stephennemeth/.m2/repository/com/amazonaws/aws-java-sdk-securityhub/1.12.783/aws-java-sdk-securityhub-1.12.783.jar:/Users/stephennemeth/.m2/repository/com/amazonaws/aws-java-sdk-fsx/1.12.783/aws-java-sdk-fsx-1.12.783.jar:/Users/stephennemeth/.m2/repository/com/amazonaws/aws-java-sdk-mediaconnect/1.12.783/aws-java-sdk-mediaconnect-1.12.783.jar:/Users/stephennemeth/.m2/repository/com/amazonaws/aws-java-sdk-kinesisanalyticsv2/1.12.783/aws-java-sdk-kinesisanalyticsv2-1.12.783.jar:/Users/stephennemeth/.m2/repository/com/amazonaws/aws-java-sdk-comprehendmedical/1.12.783/aws-java-sdk-comprehendmedical-1.12.783.jar:/Users/stephennemeth/.m2/repository/com/amazonaws/aws-java-sdk-globalaccelerator/1.12.783/aws-java-sdk-globalaccelerator-1.12.783.jar:/Users/stephennemeth/.m2/repository/com/amazonaws/aws-java-sdk-transfer/1.12.783/aws-java-sdk-transfer-1.12.783.jar:/Users/stephennemeth/.m2/repository/com/amazonaws/aws-java-sdk-datasync/1.12.783/aws-java-sdk-datasync-1.12.783.jar:/Users/stephennemeth/.m2/repository/com/amazonaws/aws-java-sdk-robomaker/1.12.783/aws-java-sdk-robomaker-1.12.783.jar:/Users/stephennemeth/.m2/repository/com/amazonaws/aws-java-sdk-amplify/1.12.783/aws-java-sdk-amplify-1.12.783.jar:/Users/stephennemeth/.m2/repository/com/amazonaws/aws-java-sdk-quicksight/1.12.783/aws-java-sdk-quicksight-1.12.783.jar:/Users/stephennemeth/.m2/repository/com/amazonaws/aws-java-sdk-rdsdata/1.12.783/aws-java-sdk-rdsdata-1.12.783.jar:/Users/stephennemeth/.m2/repository/com/amazonaws/aws-java-sdk-route53resolver/1.12.783/aws-java-sdk-route53resolver-1.12.783.jar:/Users/stephennemeth/.m2/repository/com/amazonaws/aws-java-sdk-ram/1.12.783/aws-java-sdk-ram-1.12.783.jar:/Users/stephennemeth/.m2/repository/com/amazonaws/aws-java-sdk-s3control/1.12.783/aws-java-sdk-s3control-1.12.783.jar:/Users/stephennemeth/.m2/repository/com/amazonaws/aws-java-sdk-pinpointsmsvoice/1.12.783/aws-java-sdk-pinpointsmsvoice-1.12.783.jar:/Users/stephennemeth/.m2/repository/com/amazonaws/aws-java-sdk-pinpointemail/1.12.783/aws-java-sdk-pinpointemail-1.12.783.jar:/Users/stephennemeth/.m2/repository/com/amazonaws/aws-java-sdk-chime/1.12.783/aws-java-sdk-chime-1.12.783.jar:/Users/stephennemeth/.m2/repository/com/amazonaws/aws-java-sdk-signer/1.12.783/aws-java-sdk-signer-1.12.783.jar:/Users/stephennemeth/.m2/repository/com/amazonaws/aws-java-sdk-dlm/1.12.783/aws-java-sdk-dlm-1.12.783.jar:/Users/stephennemeth/.m2/repository/com/amazonaws/aws-java-sdk-eks/1.12.783/aws-java-sdk-eks-1.12.783.jar:/Users/stephennemeth/.m2/repository/com/amazonaws/aws-java-sdk-mediatailor/1.12.783/aws-java-sdk-mediatailor-1.12.783.jar:/Users/stephennemeth/.m2/repository/com/amazonaws/aws-java-sdk-neptune/1.12.783/aws-java-sdk-neptune-1.12.783.jar:/Users/stephennemeth/.m2/repository/com/amazonaws/aws-java-sdk-pi/1.12.783/aws-java-sdk-pi-1.12.783.jar:/Users/stephennemeth/.m2/repository/com/amazonaws/aws-java-sdk-iot1clickprojects/1.12.783/aws-java-sdk-iot1clickprojects-1.12.783.jar:/Users/stephennemeth/.m2/repository/com/amazonaws/aws-java-sdk-iot1clickdevices/1.12.783/aws-java-sdk-iot1clickdevices-1.12.783.jar:/Users/stephennemeth/.m2/repository/com/amazonaws/aws-java-sdk-iotanalytics/1.12.783/aws-java-sdk-iotanalytics-1.12.783.jar:/Users/stephennemeth/.m2/repository/com/amazonaws/aws-java-sdk-acmpca/1.12.783/aws-java-sdk-acmpca-1.12.783.jar:/Users/stephennemeth/.m2/repository/com/amazonaws/aws-java-sdk-secretsmanager/1.12.783/aws-java-sdk-secretsmanager-1.12.783.jar:/Users/stephennemeth/.m2/repository/com/amazonaws/aws-java-sdk-fms/1.12.783/aws-java-sdk-fms-1.12.783.jar:/Users/stephennemeth/.m2/repository/com/amazonaws/aws-java-sdk-connect/1.12.783/aws-java-sdk-connect-1.12.783.jar:/Users/stephennemeth/.m2/repository/com/amazonaws/aws-java-sdk-transcribe/1.12.783/aws-java-sdk-transcribe-1.12.783.jar:/Users/stephennemeth/.m2/repository/com/amazonaws/aws-java-sdk-autoscalingplans/1.12.783/aws-java-sdk-autoscalingplans-1.12.783.jar:/Users/stephennemeth/.m2/repository/com/amazonaws/aws-java-sdk-workmail/1.12.783/aws-java-sdk-workmail-1.12.783.jar:/Users/stephennemeth/.m2/repository/com/amazonaws/aws-java-sdk-servicediscovery/1.12.783/aws-java-sdk-servicediscovery-1.12.783.jar:/Users/stephennemeth/.m2/repository/com/amazonaws/aws-java-sdk-cloud9/1.12.783/aws-java-sdk-cloud9-1.12.783.jar:/Users/stephennemeth/.m2/repository/com/amazonaws/aws-java-sdk-serverlessapplicationrepository/1.12.783/aws-java-sdk-serverlessapplicationrepository-1.12.783.jar:/Users/stephennemeth/.m2/repository/com/amazonaws/aws-java-sdk-resourcegroups/1.12.783/aws-java-sdk-resourcegroups-1.12.783.jar:/Users/stephennemeth/.m2/repository/com/amazonaws/aws-java-sdk-comprehend/1.12.783/aws-java-sdk-comprehend-1.12.783.jar:/Users/stephennemeth/.m2/repository/com/amazonaws/aws-java-sdk-translate/1.12.783/aws-java-sdk-translate-1.12.783.jar:/Users/stephennemeth/.m2/repository/com/amazonaws/aws-java-sdk-sagemaker/1.12.783/aws-java-sdk-sagemaker-1.12.783.jar:/Users/stephennemeth/.m2/repository/com/amazonaws/aws-java-sdk-iotjobsdataplane/1.12.783/aws-java-sdk-iotjobsdataplane-1.12.783.jar:/Users/stephennemeth/.m2/repository/com/amazonaws/aws-java-sdk-sagemakerruntime/1.12.783/aws-java-sdk-sagemakerruntime-1.12.783.jar:/Users/stephennemeth/.m2/repository/com/amazonaws/aws-java-sdk-kinesisvideo/1.12.783/aws-java-sdk-kinesisvideo-1.12.783.jar:/Users/stephennemeth/.m2/repository/io/netty/netty-codec-http/4.1.119.Final/netty-codec-http-4.1.119.Final.jar:/Users/stephennemeth/.m2/repository/io/netty/netty-common/4.1.119.Final/netty-common-4.1.119.Final.jar:/Users/stephennemeth/.m2/repository/io/netty/netty-buffer/4.1.119.Final/netty-buffer-4.1.119.Final.jar:/Users/stephennemeth/.m2/repository/io/netty/netty-transport/4.1.119.Final/netty-transport-4.1.119.Final.jar:/Users/stephennemeth/.m2/repository/io/netty/netty-codec/4.1.119.Final/netty-codec-4.1.119.Final.jar:/Users/stephennemeth/.m2/repository/io/netty/netty-handler/4.1.119.Final/netty-handler-4.1.119.Final.jar:/Users/stephennemeth/.m2/repository/io/netty/netty-resolver/4.1.119.Final/netty-resolver-4.1.119.Final.jar:/Users/stephennemeth/.m2/repository/io/netty/netty-transport-native-unix-common/4.1.119.Final/netty-transport-native-unix-common-4.1.119.Final.jar:/Users/stephennemeth/.m2/repository/com/amazonaws/aws-java-sdk-appsync/1.12.783/aws-java-sdk-appsync-1.12.783.jar:/Users/stephennemeth/.m2/repository/com/amazonaws/aws-java-sdk-guardduty/1.12.783/aws-java-sdk-guardduty-1.12.783.jar:/Users/stephennemeth/.m2/repository/com/amazonaws/aws-java-sdk-mq/1.12.783/aws-java-sdk-mq-1.12.783.jar:/Users/stephennemeth/.m2/repository/com/amazonaws/aws-java-sdk-mediaconvert/1.12.783/aws-java-sdk-mediaconvert-1.12.783.jar:/Users/stephennemeth/.m2/repository/com/amazonaws/aws-java-sdk-mediastore/1.12.783/aws-java-sdk-mediastore-1.12.783.jar:/Users/stephennemeth/.m2/repository/com/amazonaws/aws-java-sdk-mediastoredata/1.12.783/aws-java-sdk-mediastoredata-1.12.783.jar:/Users/stephennemeth/.m2/repository/com/amazonaws/aws-java-sdk-medialive/1.12.783/aws-java-sdk-medialive-1.12.783.jar:/Users/stephennemeth/.m2/repository/com/amazonaws/aws-java-sdk-mediapackage/1.12.783/aws-java-sdk-mediapackage-1.12.783.jar:/Users/stephennemeth/.m2/repository/com/amazonaws/aws-java-sdk-costexplorer/1.12.783/aws-java-sdk-costexplorer-1.12.783.jar:/Users/stephennemeth/.m2/repository/com/amazonaws/aws-java-sdk-pricing/1.12.783/aws-java-sdk-pricing-1.12.783.jar:/Users/stephennemeth/.m2/repository/com/amazonaws/aws-java-sdk-cloudhsmv2/1.12.783/aws-java-sdk-cloudhsmv2-1.12.783.jar:/Users/stephennemeth/.m2/repository/com/amazonaws/aws-java-sdk-glue/1.12.783/aws-java-sdk-glue-1.12.783.jar:/Users/stephennemeth/.m2/repository/com/amazonaws/aws-java-sdk-migrationhub/1.12.783/aws-java-sdk-migrationhub-1.12.783.jar:/Users/stephennemeth/.m2/repository/com/amazonaws/aws-java-sdk-dax/1.12.783/aws-java-sdk-dax-1.12.783.jar:/Users/stephennemeth/.m2/repository/com/amazonaws/aws-java-sdk-greengrass/1.12.783/aws-java-sdk-greengrass-1.12.783.jar:/Users/stephennemeth/.m2/repository/com/amazonaws/aws-java-sdk-athena/1.12.783/aws-java-sdk-athena-1.12.783.jar:/Users/stephennemeth/.m2/repository/com/amazonaws/aws-java-sdk-marketplaceentitlement/1.12.783/aws-java-sdk-marketplaceentitlement-1.12.783.jar:/Users/stephennemeth/.m2/repository/com/amazonaws/aws-java-sdk-codestar/1.12.783/aws-java-sdk-codestar-1.12.783.jar:/Users/stephennemeth/.m2/repository/com/amazonaws/aws-java-sdk-lexmodelbuilding/1.12.783/aws-java-sdk-lexmodelbuilding-1.12.783.jar:/Users/stephennemeth/.m2/repository/com/amazonaws/aws-java-sdk-resourcegroupstaggingapi/1.12.783/aws-java-sdk-resourcegroupstaggingapi-1.12.783.jar:/Users/stephennemeth/.m2/repository/com/amazonaws/aws-java-sdk-pinpoint/1.12.783/aws-java-sdk-pinpoint-1.12.783.jar:/Users/stephennemeth/.m2/repository/com/amazonaws/aws-java-sdk-xray/1.12.783/aws-java-sdk-xray-1.12.783.jar:/Users/stephennemeth/.m2/repository/com/amazonaws/aws-java-sdk-opsworkscm/1.12.783/aws-java-sdk-opsworkscm-1.12.783.jar:/Users/stephennemeth/.m2/repository/com/amazonaws/aws-java-sdk-support/1.12.783/aws-java-sdk-support-1.12.783.jar:/Users/stephennemeth/.m2/repository/com/amazonaws/aws-java-sdk-simpledb/1.12.783/aws-java-sdk-simpledb-1.12.783.jar:/Users/stephennemeth/.m2/repository/com/amazonaws/aws-java-sdk-servicecatalog/1.12.783/aws-java-sdk-servicecatalog-1.12.783.jar:/Users/stephennemeth/.m2/repository/com/amazonaws/aws-java-sdk-servermigration/1.12.783/aws-java-sdk-servermigration-1.12.783.jar:/Users/stephennemeth/.m2/repository/com/amazonaws/aws-java-sdk-simpleworkflow/1.12.783/aws-java-sdk-simpleworkflow-1.12.783.jar:/Users/stephennemeth/.m2/repository/com/amazonaws/aws-java-sdk-storagegateway/1.12.783/aws-java-sdk-storagegateway-1.12.783.jar:/Users/stephennemeth/.m2/repository/com/amazonaws/aws-java-sdk-route53/1.12.783/aws-java-sdk-route53-1.12.783.jar:/Users/stephennemeth/.m2/repository/com/amazonaws/aws-java-sdk-s3/1.12.783/aws-java-sdk-s3-1.12.783.jar:/Users/stephennemeth/.m2/repository/com/amazonaws/aws-java-sdk-importexport/1.12.783/aws-java-sdk-importexport-1.12.783.jar:/Users/stephennemeth/.m2/repository/com/amazonaws/aws-java-sdk-sts/1.12.783/aws-java-sdk-sts-1.12.783.jar:/Users/stephennemeth/.m2/repository/com/amazonaws/aws-java-sdk-sqs/1.12.783/aws-java-sdk-sqs-1.12.783.jar:/Users/stephennemeth/.m2/repository/com/amazonaws/aws-java-sdk-rds/1.12.783/aws-java-sdk-rds-1.12.783.jar:/Users/stephennemeth/.m2/repository/com/amazonaws/aws-java-sdk-redshift/1.12.783/aws-java-sdk-redshift-1.12.783.jar:/Users/stephennemeth/.m2/repository/com/amazonaws/aws-java-sdk-elasticbeanstalk/1.12.783/aws-java-sdk-elasticbeanstalk-1.12.783.jar:/Users/stephennemeth/.m2/repository/com/amazonaws/aws-java-sdk-glacier/1.12.783/aws-java-sdk-glacier-1.12.783.jar:/Users/stephennemeth/.m2/repository/com/amazonaws/aws-java-sdk-iam/1.12.783/aws-java-sdk-iam-1.12.783.jar:/Users/stephennemeth/.m2/repository/com/amazonaws/aws-java-sdk-datapipeline/1.12.783/aws-java-sdk-datapipeline-1.12.783.jar:/Users/stephennemeth/.m2/repository/com/amazonaws/aws-java-sdk-elasticloadbalancing/1.12.783/aws-java-sdk-elasticloadbalancing-1.12.783.jar:/Users/stephennemeth/.m2/repository/com/amazonaws/aws-java-sdk-elasticloadbalancingv2/1.12.783/aws-java-sdk-elasticloadbalancingv2-1.12.783.jar:/Users/stephennemeth/.m2/repository/com/amazonaws/aws-java-sdk-emr/1.12.783/aws-java-sdk-emr-1.12.783.jar:/Users/stephennemeth/.m2/repository/com/amazonaws/aws-java-sdk-elasticache/1.12.783/aws-java-sdk-elasticache-1.12.783.jar:/Users/stephennemeth/.m2/repository/com/amazonaws/aws-java-sdk-elastictranscoder/1.12.783/aws-java-sdk-elastictranscoder-1.12.783.jar:/Users/stephennemeth/.m2/repository/com/amazonaws/aws-java-sdk-ec2/1.12.783/aws-java-sdk-ec2-1.12.783.jar:/Users/stephennemeth/.m2/repository/com/amazonaws/aws-java-sdk-dynamodb/1.12.783/aws-java-sdk-dynamodb-1.12.783.jar:/Users/stephennemeth/.m2/repository/com/amazonaws/aws-java-sdk-sns/1.12.783/aws-java-sdk-sns-1.12.783.jar:/Users/stephennemeth/.m2/repository/com/amazonaws/aws-java-sdk-budgets/1.12.783/aws-java-sdk-budgets-1.12.783.jar:/Users/stephennemeth/.m2/repository/com/amazonaws/aws-java-sdk-cloudtrail/1.12.783/aws-java-sdk-cloudtrail-1.12.783.jar:/Users/stephennemeth/.m2/repository/com/amazonaws/aws-java-sdk-cloudwatch/1.12.783/aws-java-sdk-cloudwatch-1.12.783.jar:/Users/stephennemeth/.m2/repository/com/amazonaws/aws-java-sdk-logs/1.12.783/aws-java-sdk-logs-1.12.783.jar:/Users/stephennemeth/.m2/repository/com/amazonaws/aws-java-sdk-events/1.12.783/aws-java-sdk-events-1.12.783.jar:/Users/stephennemeth/.m2/repository/com/amazonaws/aws-java-sdk-cognitoidentity/1.12.783/aws-java-sdk-cognitoidentity-1.12.783.jar:/Users/stephennemeth/.m2/repository/com/amazonaws/aws-java-sdk-cognitosync/1.12.783/aws-java-sdk-cognitosync-1.12.783.jar:/Users/stephennemeth/.m2/repository/com/amazonaws/aws-java-sdk-directconnect/1.12.783/aws-java-sdk-directconnect-1.12.783.jar:/Users/stephennemeth/.m2/repository/com/amazonaws/aws-java-sdk-cloudformation/1.12.783/aws-java-sdk-cloudformation-1.12.783.jar:/Users/stephennemeth/.m2/repository/com/amazonaws/aws-java-sdk-cloudfront/1.12.783/aws-java-sdk-cloudfront-1.12.783.jar:/Users/stephennemeth/.m2/repository/com/amazonaws/aws-java-sdk-clouddirectory/1.12.783/aws-java-sdk-clouddirectory-1.12.783.jar:/Users/stephennemeth/.m2/repository/com/amazonaws/aws-java-sdk-kinesis/1.12.783/aws-java-sdk-kinesis-1.12.783.jar:/Users/stephennemeth/.m2/repository/com/amazonaws/aws-java-sdk-opsworks/1.12.783/aws-java-sdk-opsworks-1.12.783.jar:/Users/stephennemeth/.m2/repository/com/amazonaws/aws-java-sdk-ses/1.12.783/aws-java-sdk-ses-1.12.783.jar:/Users/stephennemeth/.m2/repository/com/amazonaws/aws-java-sdk-autoscaling/1.12.783/aws-java-sdk-autoscaling-1.12.783.jar:/Users/stephennemeth/.m2/repository/com/amazonaws/aws-java-sdk-cloudsearch/1.12.783/aws-java-sdk-cloudsearch-1.12.783.jar:/Users/stephennemeth/.m2/repository/com/amazonaws/aws-java-sdk-cloudwatchmetrics/1.12.783/aws-java-sdk-cloudwatchmetrics-1.12.783.jar:/Users/stephennemeth/.m2/repository/com/amazonaws/aws-java-sdk-codedeploy/1.12.783/aws-java-sdk-codedeploy-1.12.783.jar:/Users/stephennemeth/.m2/repository/com/amazonaws/aws-java-sdk-codepipeline/1.12.783/aws-java-sdk-codepipeline-1.12.783.jar:/Users/stephennemeth/.m2/repository/com/amazonaws/aws-java-sdk-kms/1.12.783/aws-java-sdk-kms-1.12.783.jar:/Users/stephennemeth/.m2/repository/com/amazonaws/aws-java-sdk-config/1.12.783/aws-java-sdk-config-1.12.783.jar:/Users/stephennemeth/.m2/repository/com/amazonaws/aws-java-sdk-lambda/1.12.783/aws-java-sdk-lambda-1.12.783.jar:/Users/stephennemeth/.m2/repository/com/amazonaws/aws-java-sdk-ecs/1.12.783/aws-java-sdk-ecs-1.12.783.jar:/Users/stephennemeth/.m2/repository/com/amazonaws/aws-java-sdk-ecr/1.12.783/aws-java-sdk-ecr-1.12.783.jar:/Users/stephennemeth/.m2/repository/com/amazonaws/aws-java-sdk-cloudhsm/1.12.783/aws-java-sdk-cloudhsm-1.12.783.jar:/Users/stephennemeth/.m2/repository/com/amazonaws/aws-java-sdk-ssm/1.12.783/aws-java-sdk-ssm-1.12.783.jar:/Users/stephennemeth/.m2/repository/com/amazonaws/aws-java-sdk-workspaces/1.12.783/aws-java-sdk-workspaces-1.12.783.jar:/Users/stephennemeth/.m2/repository/com/amazonaws/aws-java-sdk-machinelearning/1.12.783/aws-java-sdk-machinelearning-1.12.783.jar:/Users/stephennemeth/.m2/repository/com/amazonaws/aws-java-sdk-directory/1.12.783/aws-java-sdk-directory-1.12.783.jar:/Users/stephennemeth/.m2/repository/com/amazonaws/aws-java-sdk-efs/1.12.783/aws-java-sdk-efs-1.12.783.jar:/Users/stephennemeth/.m2/repository/com/amazonaws/aws-java-sdk-codecommit/1.12.783/aws-java-sdk-codecommit-1.12.783.jar:/Users/stephennemeth/.m2/repository/com/amazonaws/aws-java-sdk-devicefarm/1.12.783/aws-java-sdk-devicefarm-1.12.783.jar:/Users/stephennemeth/.m2/repository/com/amazonaws/aws-java-sdk-elasticsearch/1.12.783/aws-java-sdk-elasticsearch-1.12.783.jar:/Users/stephennemeth/.m2/repository/com/amazonaws/aws-java-sdk-waf/1.12.783/aws-java-sdk-waf-1.12.783.jar:/Users/stephennemeth/.m2/repository/com/amazonaws/aws-java-sdk-marketplacecommerceanalytics/1.12.783/aws-java-sdk-marketplacecommerceanalytics-1.12.783.jar:/Users/stephennemeth/.m2/repository/com/amazonaws/aws-java-sdk-inspector/1.12.783/aws-java-sdk-inspector-1.12.783.jar:/Users/stephennemeth/.m2/repository/com/amazonaws/aws-java-sdk-iot/1.12.783/aws-java-sdk-iot-1.12.783.jar:/Users/stephennemeth/.m2/repository/com/amazonaws/aws-java-sdk-api-gateway/1.12.783/aws-java-sdk-api-gateway-1.12.783.jar:/Users/stephennemeth/.m2/repository/com/amazonaws/aws-java-sdk-acm/1.12.783/aws-java-sdk-acm-1.12.783.jar:/Users/stephennemeth/.m2/repository/com/amazonaws/aws-java-sdk-gamelift/1.12.783/aws-java-sdk-gamelift-1.12.783.jar:/Users/stephennemeth/.m2/repository/com/amazonaws/aws-java-sdk-dms/1.12.783/aws-java-sdk-dms-1.12.783.jar:/Users/stephennemeth/.m2/repository/com/amazonaws/aws-java-sdk-marketplacemeteringservice/1.12.783/aws-java-sdk-marketplacemeteringservice-1.12.783.jar:/Users/stephennemeth/.m2/repository/com/amazonaws/aws-java-sdk-cognitoidp/1.12.783/aws-java-sdk-cognitoidp-1.12.783.jar:/Users/stephennemeth/.m2/repository/com/amazonaws/aws-java-sdk-discovery/1.12.783/aws-java-sdk-discovery-1.12.783.jar:/Users/stephennemeth/.m2/repository/com/amazonaws/aws-java-sdk-applicationautoscaling/1.12.783/aws-java-sdk-applicationautoscaling-1.12.783.jar:/Users/stephennemeth/.m2/repository/com/amazonaws/aws-java-sdk-snowball/1.12.783/aws-java-sdk-snowball-1.12.783.jar:/Users/stephennemeth/.m2/repository/com/amazonaws/aws-java-sdk-rekognition/1.12.783/aws-java-sdk-rekognition-1.12.783.jar:/Users/stephennemeth/.m2/repository/com/amazonaws/aws-java-sdk-polly/1.12.783/aws-java-sdk-polly-1.12.783.jar:/Users/stephennemeth/.m2/repository/com/amazonaws/aws-java-sdk-lightsail/1.12.783/aws-java-sdk-lightsail-1.12.783.jar:/Users/stephennemeth/.m2/repository/com/amazonaws/aws-java-sdk-stepfunctions/1.12.783/aws-java-sdk-stepfunctions-1.12.783.jar:/Users/stephennemeth/.m2/repository/com/amazonaws/aws-java-sdk-health/1.12.783/aws-java-sdk-health-1.12.783.jar:/Users/stephennemeth/.m2/repository/com/amazonaws/aws-java-sdk-costandusagereport/1.12.783/aws-java-sdk-costandusagereport-1.12.783.jar:/Users/stephennemeth/.m2/repository/com/amazonaws/aws-java-sdk-codebuild/1.12.783/aws-java-sdk-codebuild-1.12.783.jar:/Users/stephennemeth/.m2/repository/com/amazonaws/aws-java-sdk-appstream/1.12.783/aws-java-sdk-appstream-1.12.783.jar:/Users/stephennemeth/.m2/repository/com/amazonaws/aws-java-sdk-shield/1.12.783/aws-java-sdk-shield-1.12.783.jar:/Users/stephennemeth/.m2/repository/com/amazonaws/aws-java-sdk-batch/1.12.783/aws-java-sdk-batch-1.12.783.jar:/Users/stephennemeth/.m2/repository/com/amazonaws/aws-java-sdk-lex/1.12.783/aws-java-sdk-lex-1.12.783.jar:/Users/stephennemeth/.m2/repository/com/amazonaws/aws-java-sdk-mechanicalturkrequester/1.12.783/aws-java-sdk-mechanicalturkrequester-1.12.783.jar:/Users/stephennemeth/.m2/repository/com/amazonaws/aws-java-sdk-organizations/1.12.783/aws-java-sdk-organizations-1.12.783.jar:/Users/stephennemeth/.m2/repository/com/amazonaws/aws-java-sdk-workdocs/1.12.783/aws-java-sdk-workdocs-1.12.783.jar:/Users/stephennemeth/.m2/repository/com/amazonaws/aws-java-sdk-core/1.12.783/aws-java-sdk-core-1.12.783.jar:/Users/stephennemeth/.m2/repository/commons-logging/commons-logging/1.1.3/commons-logging-1.1.3.jar:/Users/stephennemeth/.m2/repository/commons-codec/commons-codec/1.17.2/commons-codec-1.17.2.jar:/Users/stephennemeth/.m2/repository/org/apache/httpcomponents/httpclient/4.5.13/httpclient-4.5.13.jar:/Users/stephennemeth/.m2/repository/org/apache/httpcomponents/httpcore/4.4.16/httpcore-4.4.16.jar:/Users/stephennemeth/.m2/repository/com/fasterxml/jackson/dataformat/jackson-dataformat-cbor/2.18.3/jackson-dataformat-cbor-2.18.3.jar:/Users/stephennemeth/.m2/repository/joda-time/joda-time/2.12.7/joda-time-2.12.7.jar:/Users/stephennemeth/.m2/repository/com/amazonaws/aws-java-sdk-models/1.12.783/aws-java-sdk-models-1.12.783.jar:/Users/stephennemeth/.m2/repository/com/amazonaws/aws-java-sdk-swf-libraries/1.11.22/aws-java-sdk-swf-libraries-1.11.22.jar:"/>
    <property name="java.vm.vendor" value="Homebrew"/>
    <property name="sun.arch.data.model" value="64"/>
    <property name="java.vendor.url" value="https://github.com/Homebrew/homebrew-core/issues"/>
    <property name="user.timezone" value="America/New_York"/>
    <property name="os.name" value="Mac OS X"/>
    <property name="java.vm.specification.version" value="23"/>
    <property name="APPLICATION_NAME" value="backend"/>
    <property name="sun.java.launcher" value="SUN_STANDARD"/>
    <property name="user.country" value="US"/>
    <property name="sun.boot.library.path" value="/opt/homebrew/Cellar/openjdk/23.0.2/libexec/openjdk.jdk/Contents/Home/lib"/>
    <property name="sun.java.command" value="/Users/stephennemeth/Desktop/chroma/backend/target/surefire/surefirebooter-20250504205138732_3.jar /Users/stephennemeth/Desktop/chroma/backend/target/surefire 2025-05-04T20-51-38_701-jvmRun1 surefire-20250504205138732_1tmp surefire_0-20250504205138732_2tmp"/>
    <property name="http.nonProxyHosts" value="local|*.local|169.254/16|*.169.254/16"/>
    <property name="jdk.debug" value="release"/>
    <property name="surefire.test.class.path" value="/Users/stephennemeth/Desktop/chroma/backend/target/test-classes:/Users/stephennemeth/Desktop/chroma/backend/target/classes:/Users/stephennemeth/.m2/repository/org/springframework/boot/spring-boot-starter-oauth2-authorization-server/3.4.5/spring-boot-starter-oauth2-authorization-server-3.4.5.jar:/Users/stephennemeth/.m2/repository/org/springframework/security/spring-security-oauth2-authorization-server/1.4.3/spring-security-oauth2-authorization-server-1.4.3.jar:/Users/stephennemeth/.m2/repository/org/springframework/security/spring-security-oauth2-core/6.4.5/spring-security-oauth2-core-6.4.5.jar:/Users/stephennemeth/.m2/repository/com/nimbusds/nimbus-jose-jwt/9.47/nimbus-jose-jwt-9.47.jar:/Users/stephennemeth/.m2/repository/com/fasterxml/jackson/core/jackson-databind/2.18.3/jackson-databind-2.18.3.jar:/Users/stephennemeth/.m2/repository/com/fasterxml/jackson/core/jackson-annotations/2.18.3/jackson-annotations-2.18.3.jar:/Users/stephennemeth/.m2/repository/com/fasterxml/jackson/core/jackson-core/2.18.3/jackson-core-2.18.3.jar:/Users/stephennemeth/.m2/repository/org/springframework/boot/spring-boot-starter-oauth2-client/3.4.5/spring-boot-starter-oauth2-client-3.4.5.jar:/Users/stephennemeth/.m2/repository/org/springframework/boot/spring-boot-starter/3.4.5/spring-boot-starter-3.4.5.jar:/Users/stephennemeth/.m2/repository/org/springframework/boot/spring-boot/3.4.5/spring-boot-3.4.5.jar:/Users/stephennemeth/.m2/repository/org/springframework/boot/spring-boot-autoconfigure/3.4.5/spring-boot-autoconfigure-3.4.5.jar:/Users/stephennemeth/.m2/repository/org/springframework/boot/spring-boot-starter-logging/3.4.5/spring-boot-starter-logging-3.4.5.jar:/Users/stephennemeth/.m2/repository/ch/qos/logback/logback-classic/1.5.18/logback-classic-1.5.18.jar:/Users/stephennemeth/.m2/repository/ch/qos/logback/logback-core/1.5.18/logback-core-1.5.18.jar:/Users/stephennemeth/.m2/repository/org/apache/logging/log4j/log4j-to-slf4j/2.24.3/log4j-to-slf4j-2.24.3.jar:/Users/stephennemeth/.m2/repository/org/apache/logging/log4j/log4j-api/2.24.3/log4j-api-2.24.3.jar:/Users/stephennemeth/.m2/repository/org/slf4j/jul-to-slf4j/2.0.17/jul-to-slf4j-2.0.17.jar:/Users/stephennemeth/.m2/repository/jakarta/annotation/jakarta.annotation-api/2.1.1/jakarta.annotation-api-2.1.1.jar:/Users/stephennemeth/.m2/repository/org/yaml/snakeyaml/2.3/snakeyaml-2.3.jar:/Users/stephennemeth/.m2/repository/org/springframework/security/spring-security-config/6.4.5/spring-security-config-6.4.5.jar:/Users/stephennemeth/.m2/repository/org/springframework/spring-beans/6.2.6/spring-beans-6.2.6.jar:/Users/stephennemeth/.m2/repository/org/springframework/security/spring-security-core/6.4.5/spring-security-core-6.4.5.jar:/Users/stephennemeth/.m2/repository/org/springframework/security/spring-security-crypto/6.4.5/spring-security-crypto-6.4.5.jar:/Users/stephennemeth/.m2/repository/org/springframework/spring-expression/6.2.6/spring-expression-6.2.6.jar:/Users/stephennemeth/.m2/repository/org/springframework/security/spring-security-oauth2-client/6.4.5/spring-security-oauth2-client-6.4.5.jar:/Users/stephennemeth/.m2/repository/com/nimbusds/oauth2-oidc-sdk/9.43.6/oauth2-oidc-sdk-9.43.6.jar:/Users/stephennemeth/.m2/repository/com/github/stephenc/jcip/jcip-annotations/1.0-1/jcip-annotations-1.0-1.jar:/Users/stephennemeth/.m2/repository/com/nimbusds/content-type/2.2/content-type-2.2.jar:/Users/stephennemeth/.m2/repository/com/nimbusds/lang-tag/1.7/lang-tag-1.7.jar:/Users/stephennemeth/.m2/repository/org/springframework/security/spring-security-oauth2-jose/6.4.5/spring-security-oauth2-jose-6.4.5.jar:/Users/stephennemeth/.m2/repository/org/springframework/boot/spring-boot-starter-oauth2-resource-server/3.4.5/spring-boot-starter-oauth2-resource-server-3.4.5.jar:/Users/stephennemeth/.m2/repository/org/springframework/security/spring-security-oauth2-resource-server/6.4.5/spring-security-oauth2-resource-server-6.4.5.jar:/Users/stephennemeth/.m2/repository/org/springframework/boot/spring-boot-starter-security/3.4.5/spring-boot-starter-security-3.4.5.jar:/Users/stephennemeth/.m2/repository/org/springframework/spring-aop/6.2.6/spring-aop-6.2.6.jar:/Users/stephennemeth/.m2/repository/org/springframework/security/spring-security-web/6.4.5/spring-security-web-6.4.5.jar:/Users/stephennemeth/.m2/repository/org/springframework/boot/spring-boot-starter-web/3.4.5/spring-boot-starter-web-3.4.5.jar:/Users/stephennemeth/.m2/repository/org/springframework/boot/spring-boot-starter-json/3.4.5/spring-boot-starter-json-3.4.5.jar:/Users/stephennemeth/.m2/repository/com/fasterxml/jackson/datatype/jackson-datatype-jdk8/2.18.3/jackson-datatype-jdk8-2.18.3.jar:/Users/stephennemeth/.m2/repository/com/fasterxml/jackson/datatype/jackson-datatype-jsr310/2.18.3/jackson-datatype-jsr310-2.18.3.jar:/Users/stephennemeth/.m2/repository/com/fasterxml/jackson/module/jackson-module-parameter-names/2.18.3/jackson-module-parameter-names-2.18.3.jar:/Users/stephennemeth/.m2/repository/org/springframework/boot/spring-boot-starter-tomcat/3.4.5/spring-boot-starter-tomcat-3.4.5.jar:/Users/stephennemeth/.m2/repository/org/apache/tomcat/embed/tomcat-embed-core/10.1.40/tomcat-embed-core-10.1.40.jar:/Users/stephennemeth/.m2/repository/org/apache/tomcat/embed/tomcat-embed-el/10.1.40/tomcat-embed-el-10.1.40.jar:/Users/stephennemeth/.m2/repository/org/apache/tomcat/embed/tomcat-embed-websocket/10.1.40/tomcat-embed-websocket-10.1.40.jar:/Users/stephennemeth/.m2/repository/org/springframework/spring-web/6.2.6/spring-web-6.2.6.jar:/Users/stephennemeth/.m2/repository/org/springframework/spring-webmvc/6.2.6/spring-webmvc-6.2.6.jar:/Users/stephennemeth/.m2/repository/org/projectlombok/lombok/1.18.38/lombok-1.18.38.jar:/Users/stephennemeth/.m2/repository/org/springframework/boot/spring-boot-starter-test/3.4.5/spring-boot-starter-test-3.4.5.jar:/Users/stephennemeth/.m2/repository/org/springframework/boot/spring-boot-test/3.4.5/spring-boot-test-3.4.5.jar:/Users/stephennemeth/.m2/repository/org/springframework/boot/spring-boot-test-autoconfigure/3.4.5/spring-boot-test-autoconfigure-3.4.5.jar:/Users/stephennemeth/.m2/repository/com/jayway/jsonpath/json-path/2.9.0/json-path-2.9.0.jar:/Users/stephennemeth/.m2/repository/org/slf4j/slf4j-api/2.0.17/slf4j-api-2.0.17.jar:/Users/stephennemeth/.m2/repository/jakarta/xml/bind/jakarta.xml.bind-api/4.0.2/jakarta.xml.bind-api-4.0.2.jar:/Users/stephennemeth/.m2/repository/jakarta/activation/jakarta.activation-api/2.1.3/jakarta.activation-api-2.1.3.jar:/Users/stephennemeth/.m2/repository/net/minidev/json-smart/2.5.2/json-smart-2.5.2.jar:/Users/stephennemeth/.m2/repository/net/minidev/accessors-smart/2.5.2/accessors-smart-2.5.2.jar:/Users/stephennemeth/.m2/repository/org/ow2/asm/asm/9.7.1/asm-9.7.1.jar:/Users/stephennemeth/.m2/repository/org/assertj/assertj-core/3.26.3/assertj-core-3.26.3.jar:/Users/stephennemeth/.m2/repository/net/bytebuddy/byte-buddy/1.15.11/byte-buddy-1.15.11.jar:/Users/stephennemeth/.m2/repository/org/awaitility/awaitility/4.2.2/awaitility-4.2.2.jar:/Users/stephennemeth/.m2/repository/org/hamcrest/hamcrest/2.2/hamcrest-2.2.jar:/Users/stephennemeth/.m2/repository/org/junit/jupiter/junit-jupiter/5.11.4/junit-jupiter-5.11.4.jar:/Users/stephennemeth/.m2/repository/org/junit/jupiter/junit-jupiter-api/5.11.4/junit-jupiter-api-5.11.4.jar:/Users/stephennemeth/.m2/repository/org/opentest4j/opentest4j/1.3.0/opentest4j-1.3.0.jar:/Users/stephennemeth/.m2/repository/org/junit/platform/junit-platform-commons/1.11.4/junit-platform-commons-1.11.4.jar:/Users/stephennemeth/.m2/repository/org/apiguardian/apiguardian-api/1.1.2/apiguardian-api-1.1.2.jar:/Users/stephennemeth/.m2/repository/org/junit/jupiter/junit-jupiter-params/5.11.4/junit-jupiter-params-5.11.4.jar:/Users/stephennemeth/.m2/repository/org/junit/jupiter/junit-jupiter-engine/5.11.4/junit-jupiter-engine-5.11.4.jar:/Users/stephennemeth/.m2/repository/org/junit/platform/junit-platform-engine/1.11.4/junit-platform-engine-1.11.4.jar:/Users/stephennemeth/.m2/repository/org/mockito/mockito-core/5.14.2/mockito-core-5.14.2.jar:/Users/stephennemeth/.m2/repository/net/bytebuddy/byte-buddy-agent/1.15.11/byte-buddy-agent-1.15.11.jar:/Users/stephennemeth/.m2/repository/org/objenesis/objenesis/3.3/objenesis-3.3.jar:/Users/stephennemeth/.m2/repository/org/mockito/mockito-junit-jupiter/5.14.2/mockito-junit-jupiter-5.14.2.jar:/Users/stephennemeth/.m2/repository/org/skyscreamer/jsonassert/1.5.3/jsonassert-1.5.3.jar:/Users/stephennemeth/.m2/repository/com/vaadin/external/google/android-json/0.0.20131108.vaadin1/android-json-0.0.20131108.vaadin1.jar:/Users/stephennemeth/.m2/repository/org/springframework/spring-core/6.2.6/spring-core-6.2.6.jar:/Users/stephennemeth/.m2/repository/org/springframework/spring-jcl/6.2.6/spring-jcl-6.2.6.jar:/Users/stephennemeth/.m2/repository/org/springframework/spring-test/6.2.6/spring-test-6.2.6.jar:/Users/stephennemeth/.m2/repository/org/xmlunit/xmlunit-core/2.10.0/xmlunit-core-2.10.0.jar:/Users/stephennemeth/.m2/repository/org/springframework/security/spring-security-test/6.4.5/spring-security-test-6.4.5.jar:/Users/stephennemeth/.m2/repository/org/springframework/kafka/spring-kafka/3.3.1/spring-kafka-3.3.1.jar:/Users/stephennemeth/.m2/repository/org/springframework/spring-context/6.2.6/spring-context-6.2.6.jar:/Users/stephennemeth/.m2/repository/org/springframework/spring-messaging/6.2.6/spring-messaging-6.2.6.jar:/Users/stephennemeth/.m2/repository/org/springframework/spring-tx/6.2.6/spring-tx-6.2.6.jar:/Users/stephennemeth/.m2/repository/org/springframework/retry/spring-retry/2.0.11/spring-retry-2.0.11.jar:/Users/stephennemeth/.m2/repository/org/apache/kafka/kafka-clients/3.8.1/kafka-clients-3.8.1.jar:/Users/stephennemeth/.m2/repository/com/github/luben/zstd-jni/1.5.6-4/zstd-jni-1.5.6-4.jar:/Users/stephennemeth/.m2/repository/org/lz4/lz4-java/1.8.0/lz4-java-1.8.0.jar:/Users/stephennemeth/.m2/repository/org/xerial/snappy/snappy-java/1.1.10.5/snappy-java-1.1.10.5.jar:/Users/stephennemeth/.m2/repository/io/micrometer/micrometer-observation/1.14.6/micrometer-observation-1.14.6.jar:/Users/stephennemeth/.m2/repository/io/micrometer/micrometer-commons/1.14.6/micrometer-commons-1.14.6.jar:/Users/stephennemeth/.m2/repository/com/amazonaws/aws-java-sdk/1.12.783/aws-java-sdk-1.12.783.jar:/Users/stephennemeth/.m2/repository/com/amazonaws/aws-java-sdk-qapps/1.12.783/aws-java-sdk-qapps-1.12.783.jar:/Users/stephennemeth/.m2/repository/com/amazonaws/jmespath-java/1.12.783/jmespath-java-1.12.783.jar:/Users/stephennemeth/.m2/repository/com/amazonaws/aws-java-sdk-apptest/1.12.783/aws-java-sdk-apptest-1.12.783.jar:/Users/stephennemeth/.m2/repository/com/amazonaws/aws-java-sdk-pcaconnectorscep/1.12.783/aws-java-sdk-pcaconnectorscep-1.12.783.jar:/Users/stephennemeth/.m2/repository/com/amazonaws/aws-java-sdk-applicationsignals/1.12.783/aws-java-sdk-applicationsignals-1.12.783.jar:/Users/stephennemeth/.m2/repository/com/amazonaws/aws-java-sdk-taxsettings/1.12.783/aws-java-sdk-taxsettings-1.12.783.jar:/Users/stephennemeth/.m2/repository/com/amazonaws/aws-java-sdk-mailmanager/1.12.783/aws-java-sdk-mailmanager-1.12.783.jar:/Users/stephennemeth/.m2/repository/com/amazonaws/aws-java-sdk-route53profiles/1.12.783/aws-java-sdk-route53profiles-1.12.783.jar:/Users/stephennemeth/.m2/repository/com/amazonaws/aws-java-sdk-controlcatalog/1.12.783/aws-java-sdk-controlcatalog-1.12.783.jar:/Users/stephennemeth/.m2/repository/com/amazonaws/aws-java-sdk-deadline/1.12.783/aws-java-sdk-deadline-1.12.783.jar:/Users/stephennemeth/.m2/repository/com/amazonaws/aws-java-sdk-codeconnections/1.12.783/aws-java-sdk-codeconnections-1.12.783.jar:/Users/stephennemeth/.m2/repository/com/amazonaws/aws-java-sdk-timestreaminfluxdb/1.12.783/aws-java-sdk-timestreaminfluxdb-1.12.783.jar:/Users/stephennemeth/.m2/repository/com/amazonaws/aws-java-sdk-chatbot/1.12.783/aws-java-sdk-chatbot-1.12.783.jar:/Users/stephennemeth/.m2/repository/com/amazonaws/aws-java-sdk-artifact/1.12.783/aws-java-sdk-artifact-1.12.783.jar:/Users/stephennemeth/.m2/repository/com/amazonaws/aws-java-sdk-supplychain/1.12.783/aws-java-sdk-supplychain-1.12.783.jar:/Users/stephennemeth/.m2/repository/com/amazonaws/aws-java-sdk-networkmonitor/1.12.783/aws-java-sdk-networkmonitor-1.12.783.jar:/Users/stephennemeth/.m2/repository/com/amazonaws/aws-java-sdk-marketplaceagreement/1.12.783/aws-java-sdk-marketplaceagreement-1.12.783.jar:/Users/stephennemeth/.m2/repository/com/amazonaws/aws-java-sdk-marketplacedeployment/1.12.783/aws-java-sdk-marketplacedeployment-1.12.783.jar:/Users/stephennemeth/.m2/repository/com/amazonaws/aws-java-sdk-cleanroomsml/1.12.783/aws-java-sdk-cleanroomsml-1.12.783.jar:/Users/stephennemeth/.m2/repository/com/amazonaws/aws-java-sdk-bedrockagent/1.12.783/aws-java-sdk-bedrockagent-1.12.783.jar:/Users/stephennemeth/.m2/repository/com/amazonaws/aws-java-sdk-qconnect/1.12.783/aws-java-sdk-qconnect-1.12.783.jar:/Users/stephennemeth/.m2/repository/com/amazonaws/aws-java-sdk-qbusiness/1.12.783/aws-java-sdk-qbusiness-1.12.783.jar:/Users/stephennemeth/.m2/repository/com/amazonaws/aws-java-sdk-bedrockagentruntime/1.12.783/aws-java-sdk-bedrockagentruntime-1.12.783.jar:/Users/stephennemeth/.m2/repository/com/amazonaws/aws-java-sdk-b2bi/1.12.783/aws-java-sdk-b2bi-1.12.783.jar:/Users/stephennemeth/.m2/repository/com/amazonaws/aws-java-sdk-workspacesthinclient/1.12.783/aws-java-sdk-workspacesthinclient-1.12.783.jar:/Users/stephennemeth/.m2/repository/com/amazonaws/aws-java-sdk-eksauth/1.12.783/aws-java-sdk-eksauth-1.12.783.jar:/Users/stephennemeth/.m2/repository/com/amazonaws/aws-java-sdk-freetier/1.12.783/aws-java-sdk-freetier-1.12.783.jar:/Users/stephennemeth/.m2/repository/com/amazonaws/aws-java-sdk-bcmdataexports/1.12.783/aws-java-sdk-bcmdataexports-1.12.783.jar:/Users/stephennemeth/.m2/repository/com/amazonaws/aws-java-sdk-repostspace/1.12.783/aws-java-sdk-repostspace-1.12.783.jar:/Users/stephennemeth/.m2/repository/com/amazonaws/aws-java-sdk-costoptimizationhub/1.12.783/aws-java-sdk-costoptimizationhub-1.12.783.jar:/Users/stephennemeth/.m2/repository/com/amazonaws/aws-java-sdk-inspectorscan/1.12.783/aws-java-sdk-inspectorscan-1.12.783.jar:/Users/stephennemeth/.m2/repository/com/amazonaws/aws-java-sdk-trustedadvisor/1.12.783/aws-java-sdk-trustedadvisor-1.12.783.jar:/Users/stephennemeth/.m2/repository/com/amazonaws/aws-java-sdk-launchwizard/1.12.783/aws-java-sdk-launchwizard-1.12.783.jar:/Users/stephennemeth/.m2/repository/com/amazonaws/aws-java-sdk-datazoneexternal/1.12.783/aws-java-sdk-datazoneexternal-1.12.783.jar:/Users/stephennemeth/.m2/repository/com/amazonaws/aws-java-sdk-bedrock/1.12.783/aws-java-sdk-bedrock-1.12.783.jar:/Users/stephennemeth/.m2/repository/com/amazonaws/aws-java-sdk-bedrockruntime/1.12.783/aws-java-sdk-bedrockruntime-1.12.783.jar:/Users/stephennemeth/.m2/repository/com/amazonaws/aws-java-sdk-neptunedata/1.12.783/aws-java-sdk-neptunedata-1.12.783.jar:/Users/stephennemeth/.m2/repository/com/amazonaws/aws-java-sdk-pcaconnectorad/1.12.783/aws-java-sdk-pcaconnectorad-1.12.783.jar:/Users/stephennemeth/.m2/repository/com/amazonaws/aws-java-sdk-managedblockchainquery/1.12.783/aws-java-sdk-managedblockchainquery-1.12.783.jar:/Users/stephennemeth/.m2/repository/com/amazonaws/aws-java-sdk-entityresolution/1.12.783/aws-java-sdk-entityresolution-1.12.783.jar:/Users/stephennemeth/.m2/repository/com/amazonaws/aws-java-sdk-medicalimaging/1.12.783/aws-java-sdk-medicalimaging-1.12.783.jar:/Users/stephennemeth/.m2/repository/com/amazonaws/aws-java-sdk-appfabric/1.12.783/aws-java-sdk-appfabric-1.12.783.jar:/Users/stephennemeth/.m2/repository/com/amazonaws/aws-java-sdk-verifiedpermissions/1.12.783/aws-java-sdk-verifiedpermissions-1.12.783.jar:/Users/stephennemeth/.m2/repository/com/amazonaws/aws-java-sdk-codegurusecurity/1.12.783/aws-java-sdk-codegurusecurity-1.12.783.jar:/Users/stephennemeth/.m2/repository/com/amazonaws/aws-java-sdk-paymentcryptography/1.12.783/aws-java-sdk-paymentcryptography-1.12.783.jar:/Users/stephennemeth/.m2/repository/com/amazonaws/aws-java-sdk-paymentcryptographydata/1.12.783/aws-java-sdk-paymentcryptographydata-1.12.783.jar:/Users/stephennemeth/.m2/repository/com/amazonaws/aws-java-sdk-mediapackagev2/1.12.783/aws-java-sdk-mediapackagev2-1.12.783.jar:/Users/stephennemeth/.m2/repository/com/amazonaws/aws-java-sdk-osis/1.12.783/aws-java-sdk-osis-1.12.783.jar:/Users/stephennemeth/.m2/repository/com/amazonaws/aws-java-sdk-vpclattice/1.12.783/aws-java-sdk-vpclattice-1.12.783.jar:/Users/stephennemeth/.m2/repository/com/amazonaws/aws-java-sdk-ivsrealtime/1.12.783/aws-java-sdk-ivsrealtime-1.12.783.jar:/Users/stephennemeth/.m2/repository/com/amazonaws/aws-java-sdk-internetmonitor/1.12.783/aws-java-sdk-internetmonitor-1.12.783.jar:/Users/stephennemeth/.m2/repository/com/amazonaws/aws-java-sdk-tnb/1.12.783/aws-java-sdk-tnb-1.12.783.jar:/Users/stephennemeth/.m2/repository/com/amazonaws/aws-java-sdk-cloudtraildata/1.12.783/aws-java-sdk-cloudtraildata-1.12.783.jar:/Users/stephennemeth/.m2/repository/com/amazonaws/aws-java-sdk-cleanrooms/1.12.783/aws-java-sdk-cleanrooms-1.12.783.jar:/Users/stephennemeth/.m2/repository/com/amazonaws/aws-java-sdk-kendraranking/1.12.783/aws-java-sdk-kendraranking-1.12.783.jar:/Users/stephennemeth/.m2/repository/com/amazonaws/aws-java-sdk-licensemanagerlinuxsubscriptions/1.12.783/aws-java-sdk-licensemanagerlinuxsubscriptions-1.12.783.jar:/Users/stephennemeth/.m2/repository/com/amazonaws/aws-java-sdk-kinesisvideowebrtcstorage/1.12.783/aws-java-sdk-kinesisvideowebrtcstorage-1.12.783.jar:/Users/stephennemeth/.m2/repository/com/amazonaws/aws-java-sdk-sagemakermetrics/1.12.783/aws-java-sdk-sagemakermetrics-1.12.783.jar:/Users/stephennemeth/.m2/repository/com/amazonaws/aws-java-sdk-pipes/1.12.783/aws-java-sdk-pipes-1.12.783.jar:/Users/stephennemeth/.m2/repository/com/amazonaws/aws-java-sdk-sagemakergeospatial/1.12.783/aws-java-sdk-sagemakergeospatial-1.12.783.jar:/Users/stephennemeth/.m2/repository/com/amazonaws/aws-java-sdk-docdbelastic/1.12.783/aws-java-sdk-docdbelastic-1.12.783.jar:/Users/stephennemeth/.m2/repository/com/amazonaws/aws-java-sdk-omics/1.12.783/aws-java-sdk-omics-1.12.783.jar:/Users/stephennemeth/.m2/repository/com/amazonaws/aws-java-sdk-opensearchserverless/1.12.783/aws-java-sdk-opensearchserverless-1.12.783.jar:/Users/stephennemeth/.m2/repository/com/amazonaws/aws-java-sdk-securitylake/1.12.783/aws-java-sdk-securitylake-1.12.783.jar:/Users/stephennemeth/.m2/repository/com/amazonaws/aws-java-sdk-simspaceweaver/1.12.783/aws-java-sdk-simspaceweaver-1.12.783.jar:/Users/stephennemeth/.m2/repository/com/amazonaws/aws-java-sdk-arczonalshift/1.12.783/aws-java-sdk-arczonalshift-1.12.783.jar:/Users/stephennemeth/.m2/repository/com/amazonaws/aws-java-sdk-oam/1.12.783/aws-java-sdk-oam-1.12.783.jar:/Users/stephennemeth/.m2/repository/com/amazonaws/aws-java-sdk-chimesdkvoice/1.12.783/aws-java-sdk-chimesdkvoice-1.12.783.jar:/Users/stephennemeth/.m2/repository/com/amazonaws/aws-java-sdk-ssmsap/1.12.783/aws-java-sdk-ssmsap-1.12.783.jar:/Users/stephennemeth/.m2/repository/com/amazonaws/aws-java-sdk-scheduler/1.12.783/aws-java-sdk-scheduler-1.12.783.jar:/Users/stephennemeth/.m2/repository/com/amazonaws/aws-java-sdk-resourceexplorer2/1.12.783/aws-java-sdk-resourceexplorer2-1.12.783.jar:/Users/stephennemeth/.m2/repository/com/amazonaws/aws-java-sdk-connectcases/1.12.783/aws-java-sdk-connectcases-1.12.783.jar:/Users/stephennemeth/.m2/repository/com/amazonaws/aws-java-sdk-migrationhuborchestrator/1.12.783/aws-java-sdk-migrationhuborchestrator-1.12.783.jar:/Users/stephennemeth/.m2/repository/com/amazonaws/aws-java-sdk-iotfleetwise/1.12.783/aws-java-sdk-iotfleetwise-1.12.783.jar:/Users/stephennemeth/.m2/repository/com/amazonaws/aws-java-sdk-controltower/1.12.783/aws-java-sdk-controltower-1.12.783.jar:/Users/stephennemeth/.m2/repository/com/amazonaws/aws-java-sdk-supportapp/1.12.783/aws-java-sdk-supportapp-1.12.783.jar:/Users/stephennemeth/.m2/repository/com/amazonaws/aws-java-sdk-private5g/1.12.783/aws-java-sdk-private5g-1.12.783.jar:/Users/stephennemeth/.m2/repository/com/amazonaws/aws-java-sdk-licensemanagerusersubscriptions/1.12.783/aws-java-sdk-licensemanagerusersubscriptions-1.12.783.jar:/Users/stephennemeth/.m2/repository/com/amazonaws/aws-java-sdk-iamrolesanywhere/1.12.783/aws-java-sdk-iamrolesanywhere-1.12.783.jar:/Users/stephennemeth/.m2/repository/com/amazonaws/aws-java-sdk-redshiftserverless/1.12.783/aws-java-sdk-redshiftserverless-1.12.783.jar:/Users/stephennemeth/.m2/repository/com/amazonaws/aws-java-sdk-connectcampaign/1.12.783/aws-java-sdk-connectcampaign-1.12.783.jar:/Users/stephennemeth/.m2/repository/com/amazonaws/aws-java-sdk-mainframemodernization/1.12.783/aws-java-sdk-mainframemodernization-1.12.783.jar:/Users/stephennemeth/.m2/repository/com/amazonaws/aws-java-sdk-emrserverless/1.12.783/aws-java-sdk-emrserverless-1.12.783.jar:/Users/stephennemeth/.m2/repository/com/amazonaws/aws-java-sdk-chimesdkmediapipelines/1.12.783/aws-java-sdk-chimesdkmediapipelines-1.12.783.jar:/Users/stephennemeth/.m2/repository/com/amazonaws/aws-java-sdk-ivschat/1.12.783/aws-java-sdk-ivschat-1.12.783.jar:/Users/stephennemeth/.m2/repository/com/amazonaws/aws-java-sdk-pinpointsmsvoicev2/1.12.783/aws-java-sdk-pinpointsmsvoicev2-1.12.783.jar:/Users/stephennemeth/.m2/repository/com/amazonaws/aws-java-sdk-billingconductor/1.12.783/aws-java-sdk-billingconductor-1.12.783.jar:/Users/stephennemeth/.m2/repository/com/amazonaws/aws-java-sdk-keyspaces/1.12.783/aws-java-sdk-keyspaces-1.12.783.jar:/Users/stephennemeth/.m2/repository/com/amazonaws/aws-java-sdk-amplifyuibuilder/1.12.783/aws-java-sdk-amplifyuibuilder-1.12.783.jar:/Users/stephennemeth/.m2/repository/com/amazonaws/aws-java-sdk-backupgateway/1.12.783/aws-java-sdk-backupgateway-1.12.783.jar:/Users/stephennemeth/.m2/repository/com/amazonaws/aws-java-sdk-workspacesweb/1.12.783/aws-java-sdk-workspacesweb-1.12.783.jar:/Users/stephennemeth/.m2/repository/com/amazonaws/aws-java-sdk-iottwinmaker/1.12.783/aws-java-sdk-iottwinmaker-1.12.783.jar:/Users/stephennemeth/.m2/repository/com/amazonaws/aws-java-sdk-recyclebin/1.12.783/aws-java-sdk-recyclebin-1.12.783.jar:/Users/stephennemeth/.m2/repository/com/amazonaws/aws-java-sdk-cloudwatchrum/1.12.783/aws-java-sdk-cloudwatchrum-1.12.783.jar:/Users/stephennemeth/.m2/repository/com/amazonaws/aws-java-sdk-cloudwatchevidently/1.12.783/aws-java-sdk-cloudwatchevidently-1.12.783.jar:/Users/stephennemeth/.m2/repository/com/amazonaws/aws-java-sdk-inspector2/1.12.783/aws-java-sdk-inspector2-1.12.783.jar:/Users/stephennemeth/.m2/repository/com/amazonaws/aws-java-sdk-migrationhubrefactorspaces/1.12.783/aws-java-sdk-migrationhubrefactorspaces-1.12.783.jar:/Users/stephennemeth/.m2/repository/com/amazonaws/aws-java-sdk-appconfigdata/1.12.783/aws-java-sdk-appconfigdata-1.12.783.jar:/Users/stephennemeth/.m2/repository/com/amazonaws/aws-java-sdk-drs/1.12.783/aws-java-sdk-drs-1.12.783.jar:/Users/stephennemeth/.m2/repository/com/amazonaws/aws-java-sdk-migrationhubstrategyrecommendations/1.12.783/aws-java-sdk-migrationhubstrategyrecommendations-1.12.783.jar:/Users/stephennemeth/.m2/repository/com/amazonaws/aws-java-sdk-resiliencehub/1.12.783/aws-java-sdk-resiliencehub-1.12.783.jar:/Users/stephennemeth/.m2/repository/com/amazonaws/aws-java-sdk-chimesdkmeetings/1.12.783/aws-java-sdk-chimesdkmeetings-1.12.783.jar:/Users/stephennemeth/.m2/repository/com/amazonaws/aws-java-sdk-panorama/1.12.783/aws-java-sdk-panorama-1.12.783.jar:/Users/stephennemeth/.m2/repository/com/amazonaws/aws-java-sdk-managedgrafana/1.12.783/aws-java-sdk-managedgrafana-1.12.783.jar:/Users/stephennemeth/.m2/repository/com/amazonaws/aws-java-sdk-cloudcontrolapi/1.12.783/aws-java-sdk-cloudcontrolapi-1.12.783.jar:/Users/stephennemeth/.m2/repository/com/amazonaws/aws-java-sdk-account/1.12.783/aws-java-sdk-account-1.12.783.jar:/Users/stephennemeth/.m2/repository/com/amazonaws/aws-java-sdk-voiceid/1.12.783/aws-java-sdk-voiceid-1.12.783.jar:/Users/stephennemeth/.m2/repository/com/amazonaws/aws-java-sdk-connectwisdom/1.12.783/aws-java-sdk-connectwisdom-1.12.783.jar:/Users/stephennemeth/.m2/repository/com/amazonaws/aws-java-sdk-kafkaconnect/1.12.783/aws-java-sdk-kafkaconnect-1.12.783.jar:/Users/stephennemeth/.m2/repository/com/amazonaws/aws-java-sdk-opensearch/1.12.783/aws-java-sdk-opensearch-1.12.783.jar:/Users/stephennemeth/.m2/repository/com/amazonaws/aws-java-sdk-memorydb/1.12.783/aws-java-sdk-memorydb-1.12.783.jar:/Users/stephennemeth/.m2/repository/com/amazonaws/aws-java-sdk-snowdevicemanagement/1.12.783/aws-java-sdk-snowdevicemanagement-1.12.783.jar:/Users/stephennemeth/.m2/repository/com/amazonaws/aws-java-sdk-chimesdkidentity/1.12.783/aws-java-sdk-chimesdkidentity-1.12.783.jar:/Users/stephennemeth/.m2/repository/com/amazonaws/aws-java-sdk-chimesdkmessaging/1.12.783/aws-java-sdk-chimesdkmessaging-1.12.783.jar:/Users/stephennemeth/.m2/repository/com/amazonaws/aws-java-sdk-route53recoverycluster/1.12.783/aws-java-sdk-route53recoverycluster-1.12.783.jar:/Users/stephennemeth/.m2/repository/com/amazonaws/aws-java-sdk-route53recoverycontrolconfig/1.12.783/aws-java-sdk-route53recoverycontrolconfig-1.12.783.jar:/Users/stephennemeth/.m2/repository/com/amazonaws/aws-java-sdk-route53recoveryreadiness/1.12.783/aws-java-sdk-route53recoveryreadiness-1.12.783.jar:/Users/stephennemeth/.m2/repository/com/amazonaws/aws-java-sdk-proton/1.12.783/aws-java-sdk-proton-1.12.783.jar:/Users/stephennemeth/.m2/repository/com/amazonaws/aws-java-sdk-apprunner/1.12.783/aws-java-sdk-apprunner-1.12.783.jar:/Users/stephennemeth/.m2/repository/com/amazonaws/aws-java-sdk-applicationcostprofiler/1.12.783/aws-java-sdk-applicationcostprofiler-1.12.783.jar:/Users/stephennemeth/.m2/repository/com/amazonaws/aws-java-sdk-ssmcontacts/1.12.783/aws-java-sdk-ssmcontacts-1.12.783.jar:/Users/stephennemeth/.m2/repository/com/amazonaws/aws-java-sdk-ssmincidents/1.12.783/aws-java-sdk-ssmincidents-1.12.783.jar:/Users/stephennemeth/.m2/repository/com/amazonaws/aws-java-sdk-finspacedata/1.12.783/aws-java-sdk-finspacedata-1.12.783.jar:/Users/stephennemeth/.m2/repository/com/amazonaws/aws-java-sdk-finspace/1.12.783/aws-java-sdk-finspace-1.12.783.jar:/Users/stephennemeth/.m2/repository/com/amazonaws/aws-java-sdk-nimblestudio/1.12.783/aws-java-sdk-nimblestudio-1.12.783.jar:/Users/stephennemeth/.m2/repository/com/amazonaws/aws-java-sdk-lookoutequipment/1.12.783/aws-java-sdk-lookoutequipment-1.12.783.jar:/Users/stephennemeth/.m2/repository/com/amazonaws/aws-java-sdk-mgn/1.12.783/aws-java-sdk-mgn-1.12.783.jar:/Users/stephennemeth/.m2/repository/com/amazonaws/aws-java-sdk-lookoutmetrics/1.12.783/aws-java-sdk-lookoutmetrics-1.12.783.jar:/Users/stephennemeth/.m2/repository/com/amazonaws/aws-java-sdk-fis/1.12.783/aws-java-sdk-fis-1.12.783.jar:/Users/stephennemeth/.m2/repository/com/amazonaws/aws-java-sdk-lexmodelsv2/1.12.783/aws-java-sdk-lexmodelsv2-1.12.783.jar:/Users/stephennemeth/.m2/repository/com/amazonaws/aws-java-sdk-lexruntimev2/1.12.783/aws-java-sdk-lexruntimev2-1.12.783.jar:/Users/stephennemeth/.m2/repository/com/amazonaws/aws-java-sdk-wellarchitected/1.12.783/aws-java-sdk-wellarchitected-1.12.783.jar:/Users/stephennemeth/.m2/repository/com/amazonaws/aws-java-sdk-location/1.12.783/aws-java-sdk-location-1.12.783.jar:/Users/stephennemeth/.m2/repository/com/amazonaws/aws-java-sdk-iotdeviceadvisor/1.12.783/aws-java-sdk-iotdeviceadvisor-1.12.783.jar:/Users/stephennemeth/.m2/repository/com/amazonaws/aws-java-sdk-iotfleethub/1.12.783/aws-java-sdk-iotfleethub-1.12.783.jar:/Users/stephennemeth/.m2/repository/com/amazonaws/aws-java-sdk-iotwireless/1.12.783/aws-java-sdk-iotwireless-1.12.783.jar:/Users/stephennemeth/.m2/repository/com/amazonaws/aws-java-sdk-greengrassv2/1.12.783/aws-java-sdk-greengrassv2-1.12.783.jar:/Users/stephennemeth/.m2/repository/com/amazonaws/aws-java-sdk-prometheus/1.12.783/aws-java-sdk-prometheus-1.12.783.jar:/Users/stephennemeth/.m2/repository/com/amazonaws/aws-java-sdk-auditmanager/1.12.783/aws-java-sdk-auditmanager-1.12.783.jar:/Users/stephennemeth/.m2/repository/com/amazonaws/aws-java-sdk-healthlake/1.12.783/aws-java-sdk-healthlake-1.12.783.jar:/Users/stephennemeth/.m2/repository/com/amazonaws/aws-java-sdk-sagemakeredgemanager/1.12.783/aws-java-sdk-sagemakeredgemanager-1.12.783.jar:/Users/stephennemeth/.m2/repository/com/amazonaws/aws-java-sdk-emrcontainers/1.12.783/aws-java-sdk-emrcontainers-1.12.783.jar:/Users/stephennemeth/.m2/repository/com/amazonaws/aws-java-sdk-customerprofiles/1.12.783/aws-java-sdk-customerprofiles-1.12.783.jar:/Users/stephennemeth/.m2/repository/com/amazonaws/aws-java-sdk-lookoutforvision/1.12.783/aws-java-sdk-lookoutforvision-1.12.783.jar:/Users/stephennemeth/.m2/repository/com/amazonaws/aws-java-sdk-connectcontactlens/1.12.783/aws-java-sdk-connectcontactlens-1.12.783.jar:/Users/stephennemeth/.m2/repository/com/amazonaws/aws-java-sdk-amplifybackend/1.12.783/aws-java-sdk-amplifybackend-1.12.783.jar:/Users/stephennemeth/.m2/repository/com/amazonaws/aws-java-sdk-ecrpublic/1.12.783/aws-java-sdk-ecrpublic-1.12.783.jar:/Users/stephennemeth/.m2/repository/com/amazonaws/aws-java-sdk-appintegrations/1.12.783/aws-java-sdk-appintegrations-1.12.783.jar:/Users/stephennemeth/.m2/repository/com/amazonaws/aws-java-sdk-sagemakerfeaturestoreruntime/1.12.783/aws-java-sdk-sagemakerfeaturestoreruntime-1.12.783.jar:/Users/stephennemeth/.m2/repository/com/amazonaws/aws-java-sdk-devopsguru/1.12.783/aws-java-sdk-devopsguru-1.12.783.jar:/Users/stephennemeth/.m2/repository/com/amazonaws/aws-java-sdk-mwaa/1.12.783/aws-java-sdk-mwaa-1.12.783.jar:/Users/stephennemeth/.m2/repository/com/amazonaws/aws-java-sdk-networkfirewall/1.12.783/aws-java-sdk-networkfirewall-1.12.783.jar:/Users/stephennemeth/.m2/repository/com/amazonaws/aws-java-sdk-appregistry/1.12.783/aws-java-sdk-appregistry-1.12.783.jar:/Users/stephennemeth/.m2/repository/com/amazonaws/aws-java-sdk-gluedatabrew/1.12.783/aws-java-sdk-gluedatabrew-1.12.783.jar:/Users/stephennemeth/.m2/repository/com/amazonaws/aws-java-sdk-s3outposts/1.12.783/aws-java-sdk-s3outposts-1.12.783.jar:/Users/stephennemeth/.m2/repository/com/amazonaws/aws-java-sdk-timestreamquery/1.12.783/aws-java-sdk-timestreamquery-1.12.783.jar:/Users/stephennemeth/.m2/repository/com/amazonaws/aws-java-sdk-timestreamwrite/1.12.783/aws-java-sdk-timestreamwrite-1.12.783.jar:/Users/stephennemeth/.m2/repository/com/amazonaws/aws-java-sdk-ssoadmin/1.12.783/aws-java-sdk-ssoadmin-1.12.783.jar:/Users/stephennemeth/.m2/repository/com/amazonaws/aws-java-sdk-redshiftdataapi/1.12.783/aws-java-sdk-redshiftdataapi-1.12.783.jar:/Users/stephennemeth/.m2/repository/com/amazonaws/aws-java-sdk-appflow/1.12.783/aws-java-sdk-appflow-1.12.783.jar:/Users/stephennemeth/.m2/repository/com/amazonaws/aws-java-sdk-identitystore/1.12.783/aws-java-sdk-identitystore-1.12.783.jar:/Users/stephennemeth/.m2/repository/com/amazonaws/aws-java-sdk-braket/1.12.783/aws-java-sdk-braket-1.12.783.jar:/Users/stephennemeth/.m2/repository/com/amazonaws/aws-java-sdk-ivs/1.12.783/aws-java-sdk-ivs-1.12.783.jar:/Users/stephennemeth/.m2/repository/com/amazonaws/aws-java-sdk-codeartifact/1.12.783/aws-java-sdk-codeartifact-1.12.783.jar:/Users/stephennemeth/.m2/repository/com/amazonaws/aws-java-sdk-macie2/1.12.783/aws-java-sdk-macie2-1.12.783.jar:/Users/stephennemeth/.m2/repository/com/amazonaws/aws-java-sdk-iotsitewise/1.12.783/aws-java-sdk-iotsitewise-1.12.783.jar:/Users/stephennemeth/.m2/repository/com/amazonaws/aws-java-sdk-synthetics/1.12.783/aws-java-sdk-synthetics-1.12.783.jar:/Users/stephennemeth/.m2/repository/com/amazonaws/aws-java-sdk-codestarconnections/1.12.783/aws-java-sdk-codestarconnections-1.12.783.jar:/Users/stephennemeth/.m2/repository/com/amazonaws/aws-java-sdk-detective/1.12.783/aws-java-sdk-detective-1.12.783.jar:/Users/stephennemeth/.m2/repository/com/amazonaws/aws-java-sdk-kinesisvideosignalingchannels/1.12.783/aws-java-sdk-kinesisvideosignalingchannels-1.12.783.jar:/Users/stephennemeth/.m2/repository/com/amazonaws/aws-java-sdk-ebs/1.12.783/aws-java-sdk-ebs-1.12.783.jar:/Users/stephennemeth/.m2/repository/com/amazonaws/aws-java-sdk-augmentedairuntime/1.12.783/aws-java-sdk-augmentedairuntime-1.12.783.jar:/Users/stephennemeth/.m2/repository/com/amazonaws/aws-java-sdk-outposts/1.12.783/aws-java-sdk-outposts-1.12.783.jar:/Users/stephennemeth/.m2/repository/com/amazonaws/aws-java-sdk-codeguruprofiler/1.12.783/aws-java-sdk-codeguruprofiler-1.12.783.jar:/Users/stephennemeth/.m2/repository/com/amazonaws/aws-java-sdk-codegurureviewer/1.12.783/aws-java-sdk-codegurureviewer-1.12.783.jar:/Users/stephennemeth/.m2/repository/com/amazonaws/aws-java-sdk-frauddetector/1.12.783/aws-java-sdk-frauddetector-1.12.783.jar:/Users/stephennemeth/.m2/repository/com/amazonaws/aws-java-sdk-kendra/1.12.783/aws-java-sdk-kendra-1.12.783.jar:/Users/stephennemeth/.m2/repository/com/amazonaws/aws-java-sdk-networkmanager/1.12.783/aws-java-sdk-networkmanager-1.12.783.jar:/Users/stephennemeth/.m2/repository/com/amazonaws/aws-java-sdk-computeoptimizer/1.12.783/aws-java-sdk-computeoptimizer-1.12.783.jar:/Users/stephennemeth/.m2/repository/com/amazonaws/aws-java-sdk-accessanalyzer/1.12.783/aws-java-sdk-accessanalyzer-1.12.783.jar:/Users/stephennemeth/.m2/repository/com/amazonaws/aws-java-sdk-schemas/1.12.783/aws-java-sdk-schemas-1.12.783.jar:/Users/stephennemeth/.m2/repository/com/amazonaws/aws-java-sdk-imagebuilder/1.12.783/aws-java-sdk-imagebuilder-1.12.783.jar:/Users/stephennemeth/.m2/repository/com/amazonaws/aws-java-sdk-elasticinference/1.12.783/aws-java-sdk-elasticinference-1.12.783.jar:/Users/stephennemeth/.m2/repository/com/amazonaws/aws-java-sdk-iotsecuretunneling/1.12.783/aws-java-sdk-iotsecuretunneling-1.12.783.jar:/Users/stephennemeth/.m2/repository/com/amazonaws/aws-java-sdk-appconfig/1.12.783/aws-java-sdk-appconfig-1.12.783.jar:/Users/stephennemeth/.m2/repository/com/amazonaws/aws-java-sdk-wafv2/1.12.783/aws-java-sdk-wafv2-1.12.783.jar:/Users/stephennemeth/.m2/repository/com/amazonaws/aws-java-sdk-connectparticipant/1.12.783/aws-java-sdk-connectparticipant-1.12.783.jar:/Users/stephennemeth/.m2/repository/com/amazonaws/aws-java-sdk-migrationhubconfig/1.12.783/aws-java-sdk-migrationhubconfig-1.12.783.jar:/Users/stephennemeth/.m2/repository/com/amazonaws/aws-java-sdk-dataexchange/1.12.783/aws-java-sdk-dataexchange-1.12.783.jar:/Users/stephennemeth/.m2/repository/com/amazonaws/aws-java-sdk-sesv2/1.12.783/aws-java-sdk-sesv2-1.12.783.jar:/Users/stephennemeth/.m2/repository/com/amazonaws/aws-java-sdk-marketplacecatalog/1.12.783/aws-java-sdk-marketplacecatalog-1.12.783.jar:/Users/stephennemeth/.m2/repository/com/amazonaws/aws-java-sdk-ssooidc/1.12.783/aws-java-sdk-ssooidc-1.12.783.jar:/Users/stephennemeth/.m2/repository/com/amazonaws/aws-java-sdk-sso/1.12.783/aws-java-sdk-sso-1.12.783.jar:/Users/stephennemeth/.m2/repository/com/amazonaws/aws-java-sdk-savingsplans/1.12.783/aws-java-sdk-savingsplans-1.12.783.jar:/Users/stephennemeth/.m2/repository/com/amazonaws/aws-java-sdk-codestarnotifications/1.12.783/aws-java-sdk-codestarnotifications-1.12.783.jar:/Users/stephennemeth/.m2/repository/com/amazonaws/aws-java-sdk-workmailmessageflow/1.12.783/aws-java-sdk-workmailmessageflow-1.12.783.jar:/Users/stephennemeth/.m2/repository/com/amazonaws/aws-java-sdk-qldbsession/1.12.783/aws-java-sdk-qldbsession-1.12.783.jar:/Users/stephennemeth/.m2/repository/com/amazonaws/aws-java-sdk-qldb/1.12.783/aws-java-sdk-qldb-1.12.783.jar:/Users/stephennemeth/.m2/repository/com/amazonaws/aws-java-sdk-forecastquery/1.12.783/aws-java-sdk-forecastquery-1.12.783.jar:/Users/stephennemeth/.m2/repository/com/amazonaws/aws-java-sdk-forecast/1.12.783/aws-java-sdk-forecast-1.12.783.jar:/Users/stephennemeth/.m2/repository/com/amazonaws/aws-java-sdk-lakeformation/1.12.783/aws-java-sdk-lakeformation-1.12.783.jar:/Users/stephennemeth/.m2/repository/com/amazonaws/aws-java-sdk-eventbridge/1.12.783/aws-java-sdk-eventbridge-1.12.783.jar:/Users/stephennemeth/.m2/repository/com/amazonaws/aws-java-sdk-ec2instanceconnect/1.12.783/aws-java-sdk-ec2instanceconnect-1.12.783.jar:/Users/stephennemeth/.m2/repository/com/amazonaws/aws-java-sdk-applicationinsights/1.12.783/aws-java-sdk-applicationinsights-1.12.783.jar:/Users/stephennemeth/.m2/repository/com/amazonaws/aws-java-sdk-servicequotas/1.12.783/aws-java-sdk-servicequotas-1.12.783.jar:/Users/stephennemeth/.m2/repository/com/amazonaws/aws-java-sdk-personalizeevents/1.12.783/aws-java-sdk-personalizeevents-1.12.783.jar:/Users/stephennemeth/.m2/repository/com/amazonaws/aws-java-sdk-personalize/1.12.783/aws-java-sdk-personalize-1.12.783.jar:/Users/stephennemeth/.m2/repository/com/amazonaws/aws-java-sdk-personalizeruntime/1.12.783/aws-java-sdk-personalizeruntime-1.12.783.jar:/Users/stephennemeth/.m2/repository/com/amazonaws/aws-java-sdk-ioteventsdata/1.12.783/aws-java-sdk-ioteventsdata-1.12.783.jar:/Users/stephennemeth/.m2/repository/com/amazonaws/aws-java-sdk-iotevents/1.12.783/aws-java-sdk-iotevents-1.12.783.jar:/Users/stephennemeth/.m2/repository/com/amazonaws/aws-java-sdk-iotthingsgraph/1.12.783/aws-java-sdk-iotthingsgraph-1.12.783.jar:/Users/stephennemeth/.m2/repository/com/amazonaws/aws-java-sdk-groundstation/1.12.783/aws-java-sdk-groundstation-1.12.783.jar:/Users/stephennemeth/.m2/repository/com/amazonaws/aws-java-sdk-mediapackagevod/1.12.783/aws-java-sdk-mediapackagevod-1.12.783.jar:/Users/stephennemeth/.m2/repository/com/amazonaws/aws-java-sdk-managedblockchain/1.12.783/aws-java-sdk-managedblockchain-1.12.783.jar:/Users/stephennemeth/.m2/repository/com/amazonaws/aws-java-sdk-textract/1.12.783/aws-java-sdk-textract-1.12.783.jar:/Users/stephennemeth/.m2/repository/com/amazonaws/aws-java-sdk-worklink/1.12.783/aws-java-sdk-worklink-1.12.783.jar:/Users/stephennemeth/.m2/repository/com/amazonaws/aws-java-sdk-backup/1.12.783/aws-java-sdk-backup-1.12.783.jar:/Users/stephennemeth/.m2/repository/com/amazonaws/aws-java-sdk-docdb/1.12.783/aws-java-sdk-docdb-1.12.783.jar:/Users/stephennemeth/.m2/repository/com/amazonaws/aws-java-sdk-apigatewayv2/1.12.783/aws-java-sdk-apigatewayv2-1.12.783.jar:/Users/stephennemeth/.m2/repository/com/amazonaws/aws-java-sdk-apigatewaymanagementapi/1.12.783/aws-java-sdk-apigatewaymanagementapi-1.12.783.jar:/Users/stephennemeth/.m2/repository/com/amazonaws/aws-java-sdk-kafka/1.12.783/aws-java-sdk-kafka-1.12.783.jar:/Users/stephennemeth/.m2/repository/com/amazonaws/aws-java-sdk-appmesh/1.12.783/aws-java-sdk-appmesh-1.12.783.jar:/Users/stephennemeth/.m2/repository/com/amazonaws/aws-java-sdk-licensemanager/1.12.783/aws-java-sdk-licensemanager-1.12.783.jar:/Users/stephennemeth/.m2/repository/com/amazonaws/aws-java-sdk-securityhub/1.12.783/aws-java-sdk-securityhub-1.12.783.jar:/Users/stephennemeth/.m2/repository/com/amazonaws/aws-java-sdk-fsx/1.12.783/aws-java-sdk-fsx-1.12.783.jar:/Users/stephennemeth/.m2/repository/com/amazonaws/aws-java-sdk-mediaconnect/1.12.783/aws-java-sdk-mediaconnect-1.12.783.jar:/Users/stephennemeth/.m2/repository/com/amazonaws/aws-java-sdk-kinesisanalyticsv2/1.12.783/aws-java-sdk-kinesisanalyticsv2-1.12.783.jar:/Users/stephennemeth/.m2/repository/com/amazonaws/aws-java-sdk-comprehendmedical/1.12.783/aws-java-sdk-comprehendmedical-1.12.783.jar:/Users/stephennemeth/.m2/repository/com/amazonaws/aws-java-sdk-globalaccelerator/1.12.783/aws-java-sdk-globalaccelerator-1.12.783.jar:/Users/stephennemeth/.m2/repository/com/amazonaws/aws-java-sdk-transfer/1.12.783/aws-java-sdk-transfer-1.12.783.jar:/Users/stephennemeth/.m2/repository/com/amazonaws/aws-java-sdk-datasync/1.12.783/aws-java-sdk-datasync-1.12.783.jar:/Users/stephennemeth/.m2/repository/com/amazonaws/aws-java-sdk-robomaker/1.12.783/aws-java-sdk-robomaker-1.12.783.jar:/Users/stephennemeth/.m2/repository/com/amazonaws/aws-java-sdk-amplify/1.12.783/aws-java-sdk-amplify-1.12.783.jar:/Users/stephennemeth/.m2/repository/com/amazonaws/aws-java-sdk-quicksight/1.12.783/aws-java-sdk-quicksight-1.12.783.jar:/Users/stephennemeth/.m2/repository/com/amazonaws/aws-java-sdk-rdsdata/1.12.783/aws-java-sdk-rdsdata-1.12.783.jar:/Users/stephennemeth/.m2/repository/com/amazonaws/aws-java-sdk-route53resolver/1.12.783/aws-java-sdk-route53resolver-1.12.783.jar:/Users/stephennemeth/.m2/repository/com/amazonaws/aws-java-sdk-ram/1.12.783/aws-java-sdk-ram-1.12.783.jar:/Users/stephennemeth/.m2/repository/com/amazonaws/aws-java-sdk-s3control/1.12.783/aws-java-sdk-s3control-1.12.783.jar:/Users/stephennemeth/.m2/repository/com/amazonaws/aws-java-sdk-pinpointsmsvoice/1.12.783/aws-java-sdk-pinpointsmsvoice-1.12.783.jar:/Users/stephennemeth/.m2/repository/com/amazonaws/aws-java-sdk-pinpointemail/1.12.783/aws-java-sdk-pinpointemail-1.12.783.jar:/Users/stephennemeth/.m2/repository/com/amazonaws/aws-java-sdk-chime/1.12.783/aws-java-sdk-chime-1.12.783.jar:/Users/stephennemeth/.m2/repository/com/amazonaws/aws-java-sdk-signer/1.12.783/aws-java-sdk-signer-1.12.783.jar:/Users/stephennemeth/.m2/repository/com/amazonaws/aws-java-sdk-dlm/1.12.783/aws-java-sdk-dlm-1.12.783.jar:/Users/stephennemeth/.m2/repository/com/amazonaws/aws-java-sdk-eks/1.12.783/aws-java-sdk-eks-1.12.783.jar:/Users/stephennemeth/.m2/repository/com/amazonaws/aws-java-sdk-mediatailor/1.12.783/aws-java-sdk-mediatailor-1.12.783.jar:/Users/stephennemeth/.m2/repository/com/amazonaws/aws-java-sdk-neptune/1.12.783/aws-java-sdk-neptune-1.12.783.jar:/Users/stephennemeth/.m2/repository/com/amazonaws/aws-java-sdk-pi/1.12.783/aws-java-sdk-pi-1.12.783.jar:/Users/stephennemeth/.m2/repository/com/amazonaws/aws-java-sdk-iot1clickprojects/1.12.783/aws-java-sdk-iot1clickprojects-1.12.783.jar:/Users/stephennemeth/.m2/repository/com/amazonaws/aws-java-sdk-iot1clickdevices/1.12.783/aws-java-sdk-iot1clickdevices-1.12.783.jar:/Users/stephennemeth/.m2/repository/com/amazonaws/aws-java-sdk-iotanalytics/1.12.783/aws-java-sdk-iotanalytics-1.12.783.jar:/Users/stephennemeth/.m2/repository/com/amazonaws/aws-java-sdk-acmpca/1.12.783/aws-java-sdk-acmpca-1.12.783.jar:/Users/stephennemeth/.m2/repository/com/amazonaws/aws-java-sdk-secretsmanager/1.12.783/aws-java-sdk-secretsmanager-1.12.783.jar:/Users/stephennemeth/.m2/repository/com/amazonaws/aws-java-sdk-fms/1.12.783/aws-java-sdk-fms-1.12.783.jar:/Users/stephennemeth/.m2/repository/com/amazonaws/aws-java-sdk-connect/1.12.783/aws-java-sdk-connect-1.12.783.jar:/Users/stephennemeth/.m2/repository/com/amazonaws/aws-java-sdk-transcribe/1.12.783/aws-java-sdk-transcribe-1.12.783.jar:/Users/stephennemeth/.m2/repository/com/amazonaws/aws-java-sdk-autoscalingplans/1.12.783/aws-java-sdk-autoscalingplans-1.12.783.jar:/Users/stephennemeth/.m2/repository/com/amazonaws/aws-java-sdk-workmail/1.12.783/aws-java-sdk-workmail-1.12.783.jar:/Users/stephennemeth/.m2/repository/com/amazonaws/aws-java-sdk-servicediscovery/1.12.783/aws-java-sdk-servicediscovery-1.12.783.jar:/Users/stephennemeth/.m2/repository/com/amazonaws/aws-java-sdk-cloud9/1.12.783/aws-java-sdk-cloud9-1.12.783.jar:/Users/stephennemeth/.m2/repository/com/amazonaws/aws-java-sdk-serverlessapplicationrepository/1.12.783/aws-java-sdk-serverlessapplicationrepository-1.12.783.jar:/Users/stephennemeth/.m2/repository/com/amazonaws/aws-java-sdk-resourcegroups/1.12.783/aws-java-sdk-resourcegroups-1.12.783.jar:/Users/stephennemeth/.m2/repository/com/amazonaws/aws-java-sdk-comprehend/1.12.783/aws-java-sdk-comprehend-1.12.783.jar:/Users/stephennemeth/.m2/repository/com/amazonaws/aws-java-sdk-translate/1.12.783/aws-java-sdk-translate-1.12.783.jar:/Users/stephennemeth/.m2/repository/com/amazonaws/aws-java-sdk-sagemaker/1.12.783/aws-java-sdk-sagemaker-1.12.783.jar:/Users/stephennemeth/.m2/repository/com/amazonaws/aws-java-sdk-iotjobsdataplane/1.12.783/aws-java-sdk-iotjobsdataplane-1.12.783.jar:/Users/stephennemeth/.m2/repository/com/amazonaws/aws-java-sdk-sagemakerruntime/1.12.783/aws-java-sdk-sagemakerruntime-1.12.783.jar:/Users/stephennemeth/.m2/repository/com/amazonaws/aws-java-sdk-kinesisvideo/1.12.783/aws-java-sdk-kinesisvideo-1.12.783.jar:/Users/stephennemeth/.m2/repository/io/netty/netty-codec-http/4.1.119.Final/netty-codec-http-4.1.119.Final.jar:/Users/stephennemeth/.m2/repository/io/netty/netty-common/4.1.119.Final/netty-common-4.1.119.Final.jar:/Users/stephennemeth/.m2/repository/io/netty/netty-buffer/4.1.119.Final/netty-buffer-4.1.119.Final.jar:/Users/stephennemeth/.m2/repository/io/netty/netty-transport/4.1.119.Final/netty-transport-4.1.119.Final.jar:/Users/stephennemeth/.m2/repository/io/netty/netty-codec/4.1.119.Final/netty-codec-4.1.119.Final.jar:/Users/stephennemeth/.m2/repository/io/netty/netty-handler/4.1.119.Final/netty-handler-4.1.119.Final.jar:/Users/stephennemeth/.m2/repository/io/netty/netty-resolver/4.1.119.Final/netty-resolver-4.1.119.Final.jar:/Users/stephennemeth/.m2/repository/io/netty/netty-transport-native-unix-common/4.1.119.Final/netty-transport-native-unix-common-4.1.119.Final.jar:/Users/stephennemeth/.m2/repository/com/amazonaws/aws-java-sdk-appsync/1.12.783/aws-java-sdk-appsync-1.12.783.jar:/Users/stephennemeth/.m2/repository/com/amazonaws/aws-java-sdk-guardduty/1.12.783/aws-java-sdk-guardduty-1.12.783.jar:/Users/stephennemeth/.m2/repository/com/amazonaws/aws-java-sdk-mq/1.12.783/aws-java-sdk-mq-1.12.783.jar:/Users/stephennemeth/.m2/repository/com/amazonaws/aws-java-sdk-mediaconvert/1.12.783/aws-java-sdk-mediaconvert-1.12.783.jar:/Users/stephennemeth/.m2/repository/com/amazonaws/aws-java-sdk-mediastore/1.12.783/aws-java-sdk-mediastore-1.12.783.jar:/Users/stephennemeth/.m2/repository/com/amazonaws/aws-java-sdk-mediastoredata/1.12.783/aws-java-sdk-mediastoredata-1.12.783.jar:/Users/stephennemeth/.m2/repository/com/amazonaws/aws-java-sdk-medialive/1.12.783/aws-java-sdk-medialive-1.12.783.jar:/Users/stephennemeth/.m2/repository/com/amazonaws/aws-java-sdk-mediapackage/1.12.783/aws-java-sdk-mediapackage-1.12.783.jar:/Users/stephennemeth/.m2/repository/com/amazonaws/aws-java-sdk-costexplorer/1.12.783/aws-java-sdk-costexplorer-1.12.783.jar:/Users/stephennemeth/.m2/repository/com/amazonaws/aws-java-sdk-pricing/1.12.783/aws-java-sdk-pricing-1.12.783.jar:/Users/stephennemeth/.m2/repository/com/amazonaws/aws-java-sdk-cloudhsmv2/1.12.783/aws-java-sdk-cloudhsmv2-1.12.783.jar:/Users/stephennemeth/.m2/repository/com/amazonaws/aws-java-sdk-glue/1.12.783/aws-java-sdk-glue-1.12.783.jar:/Users/stephennemeth/.m2/repository/com/amazonaws/aws-java-sdk-migrationhub/1.12.783/aws-java-sdk-migrationhub-1.12.783.jar:/Users/stephennemeth/.m2/repository/com/amazonaws/aws-java-sdk-dax/1.12.783/aws-java-sdk-dax-1.12.783.jar:/Users/stephennemeth/.m2/repository/com/amazonaws/aws-java-sdk-greengrass/1.12.783/aws-java-sdk-greengrass-1.12.783.jar:/Users/stephennemeth/.m2/repository/com/amazonaws/aws-java-sdk-athena/1.12.783/aws-java-sdk-athena-1.12.783.jar:/Users/stephennemeth/.m2/repository/com/amazonaws/aws-java-sdk-marketplaceentitlement/1.12.783/aws-java-sdk-marketplaceentitlement-1.12.783.jar:/Users/stephennemeth/.m2/repository/com/amazonaws/aws-java-sdk-codestar/1.12.783/aws-java-sdk-codestar-1.12.783.jar:/Users/stephennemeth/.m2/repository/com/amazonaws/aws-java-sdk-lexmodelbuilding/1.12.783/aws-java-sdk-lexmodelbuilding-1.12.783.jar:/Users/stephennemeth/.m2/repository/com/amazonaws/aws-java-sdk-resourcegroupstaggingapi/1.12.783/aws-java-sdk-resourcegroupstaggingapi-1.12.783.jar:/Users/stephennemeth/.m2/repository/com/amazonaws/aws-java-sdk-pinpoint/1.12.783/aws-java-sdk-pinpoint-1.12.783.jar:/Users/stephennemeth/.m2/repository/com/amazonaws/aws-java-sdk-xray/1.12.783/aws-java-sdk-xray-1.12.783.jar:/Users/stephennemeth/.m2/repository/com/amazonaws/aws-java-sdk-opsworkscm/1.12.783/aws-java-sdk-opsworkscm-1.12.783.jar:/Users/stephennemeth/.m2/repository/com/amazonaws/aws-java-sdk-support/1.12.783/aws-java-sdk-support-1.12.783.jar:/Users/stephennemeth/.m2/repository/com/amazonaws/aws-java-sdk-simpledb/1.12.783/aws-java-sdk-simpledb-1.12.783.jar:/Users/stephennemeth/.m2/repository/com/amazonaws/aws-java-sdk-servicecatalog/1.12.783/aws-java-sdk-servicecatalog-1.12.783.jar:/Users/stephennemeth/.m2/repository/com/amazonaws/aws-java-sdk-servermigration/1.12.783/aws-java-sdk-servermigration-1.12.783.jar:/Users/stephennemeth/.m2/repository/com/amazonaws/aws-java-sdk-simpleworkflow/1.12.783/aws-java-sdk-simpleworkflow-1.12.783.jar:/Users/stephennemeth/.m2/repository/com/amazonaws/aws-java-sdk-storagegateway/1.12.783/aws-java-sdk-storagegateway-1.12.783.jar:/Users/stephennemeth/.m2/repository/com/amazonaws/aws-java-sdk-route53/1.12.783/aws-java-sdk-route53-1.12.783.jar:/Users/stephennemeth/.m2/repository/com/amazonaws/aws-java-sdk-s3/1.12.783/aws-java-sdk-s3-1.12.783.jar:/Users/stephennemeth/.m2/repository/com/amazonaws/aws-java-sdk-importexport/1.12.783/aws-java-sdk-importexport-1.12.783.jar:/Users/stephennemeth/.m2/repository/com/amazonaws/aws-java-sdk-sts/1.12.783/aws-java-sdk-sts-1.12.783.jar:/Users/stephennemeth/.m2/repository/com/amazonaws/aws-java-sdk-sqs/1.12.783/aws-java-sdk-sqs-1.12.783.jar:/Users/stephennemeth/.m2/repository/com/amazonaws/aws-java-sdk-rds/1.12.783/aws-java-sdk-rds-1.12.783.jar:/Users/stephennemeth/.m2/repository/com/amazonaws/aws-java-sdk-redshift/1.12.783/aws-java-sdk-redshift-1.12.783.jar:/Users/stephennemeth/.m2/repository/com/amazonaws/aws-java-sdk-elasticbeanstalk/1.12.783/aws-java-sdk-elasticbeanstalk-1.12.783.jar:/Users/stephennemeth/.m2/repository/com/amazonaws/aws-java-sdk-glacier/1.12.783/aws-java-sdk-glacier-1.12.783.jar:/Users/stephennemeth/.m2/repository/com/amazonaws/aws-java-sdk-iam/1.12.783/aws-java-sdk-iam-1.12.783.jar:/Users/stephennemeth/.m2/repository/com/amazonaws/aws-java-sdk-datapipeline/1.12.783/aws-java-sdk-datapipeline-1.12.783.jar:/Users/stephennemeth/.m2/repository/com/amazonaws/aws-java-sdk-elasticloadbalancing/1.12.783/aws-java-sdk-elasticloadbalancing-1.12.783.jar:/Users/stephennemeth/.m2/repository/com/amazonaws/aws-java-sdk-elasticloadbalancingv2/1.12.783/aws-java-sdk-elasticloadbalancingv2-1.12.783.jar:/Users/stephennemeth/.m2/repository/com/amazonaws/aws-java-sdk-emr/1.12.783/aws-java-sdk-emr-1.12.783.jar:/Users/stephennemeth/.m2/repository/com/amazonaws/aws-java-sdk-elasticache/1.12.783/aws-java-sdk-elasticache-1.12.783.jar:/Users/stephennemeth/.m2/repository/com/amazonaws/aws-java-sdk-elastictranscoder/1.12.783/aws-java-sdk-elastictranscoder-1.12.783.jar:/Users/stephennemeth/.m2/repository/com/amazonaws/aws-java-sdk-ec2/1.12.783/aws-java-sdk-ec2-1.12.783.jar:/Users/stephennemeth/.m2/repository/com/amazonaws/aws-java-sdk-dynamodb/1.12.783/aws-java-sdk-dynamodb-1.12.783.jar:/Users/stephennemeth/.m2/repository/com/amazonaws/aws-java-sdk-sns/1.12.783/aws-java-sdk-sns-1.12.783.jar:/Users/stephennemeth/.m2/repository/com/amazonaws/aws-java-sdk-budgets/1.12.783/aws-java-sdk-budgets-1.12.783.jar:/Users/stephennemeth/.m2/repository/com/amazonaws/aws-java-sdk-cloudtrail/1.12.783/aws-java-sdk-cloudtrail-1.12.783.jar:/Users/stephennemeth/.m2/repository/com/amazonaws/aws-java-sdk-cloudwatch/1.12.783/aws-java-sdk-cloudwatch-1.12.783.jar:/Users/stephennemeth/.m2/repository/com/amazonaws/aws-java-sdk-logs/1.12.783/aws-java-sdk-logs-1.12.783.jar:/Users/stephennemeth/.m2/repository/com/amazonaws/aws-java-sdk-events/1.12.783/aws-java-sdk-events-1.12.783.jar:/Users/stephennemeth/.m2/repository/com/amazonaws/aws-java-sdk-cognitoidentity/1.12.783/aws-java-sdk-cognitoidentity-1.12.783.jar:/Users/stephennemeth/.m2/repository/com/amazonaws/aws-java-sdk-cognitosync/1.12.783/aws-java-sdk-cognitosync-1.12.783.jar:/Users/stephennemeth/.m2/repository/com/amazonaws/aws-java-sdk-directconnect/1.12.783/aws-java-sdk-directconnect-1.12.783.jar:/Users/stephennemeth/.m2/repository/com/amazonaws/aws-java-sdk-cloudformation/1.12.783/aws-java-sdk-cloudformation-1.12.783.jar:/Users/stephennemeth/.m2/repository/com/amazonaws/aws-java-sdk-cloudfront/1.12.783/aws-java-sdk-cloudfront-1.12.783.jar:/Users/stephennemeth/.m2/repository/com/amazonaws/aws-java-sdk-clouddirectory/1.12.783/aws-java-sdk-clouddirectory-1.12.783.jar:/Users/stephennemeth/.m2/repository/com/amazonaws/aws-java-sdk-kinesis/1.12.783/aws-java-sdk-kinesis-1.12.783.jar:/Users/stephennemeth/.m2/repository/com/amazonaws/aws-java-sdk-opsworks/1.12.783/aws-java-sdk-opsworks-1.12.783.jar:/Users/stephennemeth/.m2/repository/com/amazonaws/aws-java-sdk-ses/1.12.783/aws-java-sdk-ses-1.12.783.jar:/Users/stephennemeth/.m2/repository/com/amazonaws/aws-java-sdk-autoscaling/1.12.783/aws-java-sdk-autoscaling-1.12.783.jar:/Users/stephennemeth/.m2/repository/com/amazonaws/aws-java-sdk-cloudsearch/1.12.783/aws-java-sdk-cloudsearch-1.12.783.jar:/Users/stephennemeth/.m2/repository/com/amazonaws/aws-java-sdk-cloudwatchmetrics/1.12.783/aws-java-sdk-cloudwatchmetrics-1.12.783.jar:/Users/stephennemeth/.m2/repository/com/amazonaws/aws-java-sdk-codedeploy/1.12.783/aws-java-sdk-codedeploy-1.12.783.jar:/Users/stephennemeth/.m2/repository/com/amazonaws/aws-java-sdk-codepipeline/1.12.783/aws-java-sdk-codepipeline-1.12.783.jar:/Users/stephennemeth/.m2/repository/com/amazonaws/aws-java-sdk-kms/1.12.783/aws-java-sdk-kms-1.12.783.jar:/Users/stephennemeth/.m2/repository/com/amazonaws/aws-java-sdk-config/1.12.783/aws-java-sdk-config-1.12.783.jar:/Users/stephennemeth/.m2/repository/com/amazonaws/aws-java-sdk-lambda/1.12.783/aws-java-sdk-lambda-1.12.783.jar:/Users/stephennemeth/.m2/repository/com/amazonaws/aws-java-sdk-ecs/1.12.783/aws-java-sdk-ecs-1.12.783.jar:/Users/stephennemeth/.m2/repository/com/amazonaws/aws-java-sdk-ecr/1.12.783/aws-java-sdk-ecr-1.12.783.jar:/Users/stephennemeth/.m2/repository/com/amazonaws/aws-java-sdk-cloudhsm/1.12.783/aws-java-sdk-cloudhsm-1.12.783.jar:/Users/stephennemeth/.m2/repository/com/amazonaws/aws-java-sdk-ssm/1.12.783/aws-java-sdk-ssm-1.12.783.jar:/Users/stephennemeth/.m2/repository/com/amazonaws/aws-java-sdk-workspaces/1.12.783/aws-java-sdk-workspaces-1.12.783.jar:/Users/stephennemeth/.m2/repository/com/amazonaws/aws-java-sdk-machinelearning/1.12.783/aws-java-sdk-machinelearning-1.12.783.jar:/Users/stephennemeth/.m2/repository/com/amazonaws/aws-java-sdk-directory/1.12.783/aws-java-sdk-directory-1.12.783.jar:/Users/stephennemeth/.m2/repository/com/amazonaws/aws-java-sdk-efs/1.12.783/aws-java-sdk-efs-1.12.783.jar:/Users/stephennemeth/.m2/repository/com/amazonaws/aws-java-sdk-codecommit/1.12.783/aws-java-sdk-codecommit-1.12.783.jar:/Users/stephennemeth/.m2/repository/com/amazonaws/aws-java-sdk-devicefarm/1.12.783/aws-java-sdk-devicefarm-1.12.783.jar:/Users/stephennemeth/.m2/repository/com/amazonaws/aws-java-sdk-elasticsearch/1.12.783/aws-java-sdk-elasticsearch-1.12.783.jar:/Users/stephennemeth/.m2/repository/com/amazonaws/aws-java-sdk-waf/1.12.783/aws-java-sdk-waf-1.12.783.jar:/Users/stephennemeth/.m2/repository/com/amazonaws/aws-java-sdk-marketplacecommerceanalytics/1.12.783/aws-java-sdk-marketplacecommerceanalytics-1.12.783.jar:/Users/stephennemeth/.m2/repository/com/amazonaws/aws-java-sdk-inspector/1.12.783/aws-java-sdk-inspector-1.12.783.jar:/Users/stephennemeth/.m2/repository/com/amazonaws/aws-java-sdk-iot/1.12.783/aws-java-sdk-iot-1.12.783.jar:/Users/stephennemeth/.m2/repository/com/amazonaws/aws-java-sdk-api-gateway/1.12.783/aws-java-sdk-api-gateway-1.12.783.jar:/Users/stephennemeth/.m2/repository/com/amazonaws/aws-java-sdk-acm/1.12.783/aws-java-sdk-acm-1.12.783.jar:/Users/stephennemeth/.m2/repository/com/amazonaws/aws-java-sdk-gamelift/1.12.783/aws-java-sdk-gamelift-1.12.783.jar:/Users/stephennemeth/.m2/repository/com/amazonaws/aws-java-sdk-dms/1.12.783/aws-java-sdk-dms-1.12.783.jar:/Users/stephennemeth/.m2/repository/com/amazonaws/aws-java-sdk-marketplacemeteringservice/1.12.783/aws-java-sdk-marketplacemeteringservice-1.12.783.jar:/Users/stephennemeth/.m2/repository/com/amazonaws/aws-java-sdk-cognitoidp/1.12.783/aws-java-sdk-cognitoidp-1.12.783.jar:/Users/stephennemeth/.m2/repository/com/amazonaws/aws-java-sdk-discovery/1.12.783/aws-java-sdk-discovery-1.12.783.jar:/Users/stephennemeth/.m2/repository/com/amazonaws/aws-java-sdk-applicationautoscaling/1.12.783/aws-java-sdk-applicationautoscaling-1.12.783.jar:/Users/stephennemeth/.m2/repository/com/amazonaws/aws-java-sdk-snowball/1.12.783/aws-java-sdk-snowball-1.12.783.jar:/Users/stephennemeth/.m2/repository/com/amazonaws/aws-java-sdk-rekognition/1.12.783/aws-java-sdk-rekognition-1.12.783.jar:/Users/stephennemeth/.m2/repository/com/amazonaws/aws-java-sdk-polly/1.12.783/aws-java-sdk-polly-1.12.783.jar:/Users/stephennemeth/.m2/repository/com/amazonaws/aws-java-sdk-lightsail/1.12.783/aws-java-sdk-lightsail-1.12.783.jar:/Users/stephennemeth/.m2/repository/com/amazonaws/aws-java-sdk-stepfunctions/1.12.783/aws-java-sdk-stepfunctions-1.12.783.jar:/Users/stephennemeth/.m2/repository/com/amazonaws/aws-java-sdk-health/1.12.783/aws-java-sdk-health-1.12.783.jar:/Users/stephennemeth/.m2/repository/com/amazonaws/aws-java-sdk-costandusagereport/1.12.783/aws-java-sdk-costandusagereport-1.12.783.jar:/Users/stephennemeth/.m2/repository/com/amazonaws/aws-java-sdk-codebuild/1.12.783/aws-java-sdk-codebuild-1.12.783.jar:/Users/stephennemeth/.m2/repository/com/amazonaws/aws-java-sdk-appstream/1.12.783/aws-java-sdk-appstream-1.12.783.jar:/Users/stephennemeth/.m2/repository/com/amazonaws/aws-java-sdk-shield/1.12.783/aws-java-sdk-shield-1.12.783.jar:/Users/stephennemeth/.m2/repository/com/amazonaws/aws-java-sdk-batch/1.12.783/aws-java-sdk-batch-1.12.783.jar:/Users/stephennemeth/.m2/repository/com/amazonaws/aws-java-sdk-lex/1.12.783/aws-java-sdk-lex-1.12.783.jar:/Users/stephennemeth/.m2/repository/com/amazonaws/aws-java-sdk-mechanicalturkrequester/1.12.783/aws-java-sdk-mechanicalturkrequester-1.12.783.jar:/Users/stephennemeth/.m2/repository/com/amazonaws/aws-java-sdk-organizations/1.12.783/aws-java-sdk-organizations-1.12.783.jar:/Users/stephennemeth/.m2/repository/com/amazonaws/aws-java-sdk-workdocs/1.12.783/aws-java-sdk-workdocs-1.12.783.jar:/Users/stephennemeth/.m2/repository/com/amazonaws/aws-java-sdk-core/1.12.783/aws-java-sdk-core-1.12.783.jar:/Users/stephennemeth/.m2/repository/commons-logging/commons-logging/1.1.3/commons-logging-1.1.3.jar:/Users/stephennemeth/.m2/repository/commons-codec/commons-codec/1.17.2/commons-codec-1.17.2.jar:/Users/stephennemeth/.m2/repository/org/apache/httpcomponents/httpclient/4.5.13/httpclient-4.5.13.jar:/Users/stephennemeth/.m2/repository/org/apache/httpcomponents/httpcore/4.4.16/httpcore-4.4.16.jar:/Users/stephennemeth/.m2/repository/com/fasterxml/jackson/dataformat/jackson-dataformat-cbor/2.18.3/jackson-dataformat-cbor-2.18.3.jar:/Users/stephennemeth/.m2/repository/joda-time/joda-time/2.12.7/joda-time-2.12.7.jar:/Users/stephennemeth/.m2/repository/com/amazonaws/aws-java-sdk-models/1.12.783/aws-java-sdk-models-1.12.783.jar:/Users/stephennemeth/.m2/repository/com/amazonaws/aws-java-sdk-swf-libraries/1.11.22/aws-java-sdk-swf-libraries-1.11.22.jar:"/>
    <property name="sun.cpu.endian" value="little"/>
    <property name="user.home" value="/Users/stephennemeth"/>
    <property name="user.language" value="en"/>
    <property name="java.specification.vendor" value="Oracle Corporation"/>
    <property name="java.version.date" value="2025-01-21"/>
    <property name="java.home" value="/opt/homebrew/Cellar/openjdk/23.0.2/libexec/openjdk.jdk/Contents/Home"/>
    <property name="file.separator" value="/"/>
    <property name="basedir" value="/Users/stephennemeth/Desktop/chroma/backend"/>
    <property name="java.vm.compressedOopsMode" value="Zero based"/>
    <property name="line.separator" value="&#10;"/>
    <property name="java.vm.specification.vendor" value="Oracle Corporation"/>
    <property name="java.specification.name" value="Java Platform API Specification"/>
    <property name="FILE_LOG_CHARSET" value="UTF-8"/>
    <property name="java.awt.headless" value="true"/>
    <property name="apple.awt.application.name" value="ForkedBooter"/>
    <property name="surefire.real.class.path" value="/Users/stephennemeth/Desktop/chroma/backend/target/surefire/surefirebooter-20250504205138732_3.jar"/>
    <property name="sun.management.compiler" value="HotSpot 64-Bit Tiered Compilers"/>
    <property name="ftp.nonProxyHosts" value="local|*.local|169.254/16|*.169.254/16"/>
    <property name="java.runtime.version" value="23.0.2"/>
    <property name="user.name" value="stephennemeth"/>
    <property name="stdout.encoding" value="UTF-8"/>
    <property name="path.separator" value=":"/>
    <property name="os.version" value="14.6.1"/>
    <property name="java.runtime.name" value="OpenJDK Runtime Environment"/>
    <property name="file.encoding" value="UTF-8"/>
    <property name="java.vm.name" value="OpenJDK 64-Bit Server VM"/>
    <property name="java.vendor.version" value="Homebrew"/>
    <property name="localRepository" value="/Users/stephennemeth/.m2/repository"/>
    <property name="java.vendor.url.bug" value="https://github.com/Homebrew/homebrew-core/issues"/>
    <property name="java.io.tmpdir" value="/var/folders/hn/87dkpsmn2dxfxz601wxxb7wr0000gn/T/"/>
    <property name="java.version" value="23.0.2"/>
    <property name="user.dir" value="/Users/stephennemeth/Desktop/chroma/backend"/>
    <property name="os.arch" value="aarch64"/>
    <property name="java.vm.specification.name" value="Java Virtual Machine Specification"/>
    <property name="PID" value="24954"/>
    <property name="CONSOLE_LOG_CHARSET" value="UTF-8"/>
    <property name="native.encoding" value="UTF-8"/>
    <property name="java.library.path" value="/Users/stephennemeth/Library/Java/Extensions:/Library/Java/Extensions:/Network/Library/Java/Extensions:/System/Library/Java/Extensions:/usr/lib/java:."/>
    <property name="java.vm.info" value="mixed mode, sharing"/>
    <property name="stderr.encoding" value="UTF-8"/>
    <property name="java.vendor" value="Homebrew"/>
    <property name="java.vm.version" value="23.0.2"/>
    <property name="sun.io.unicode.encoding" value="UnicodeBig"/>
    <property name="socksNonProxyHosts" value="local|*.local|169.254/16|*.169.254/16"/>
    <property name="java.class.version" value="67.0"/>
    <property name="LOGGED_APPLICATION_NAME" value="[backend] "/>
  </properties>
  <testcase name="contextLoads" classname="com.chroma.backend.BackendApplicationTests" time="0.028">
    <error message="Failed to load ApplicationContext for [WebMergedContextConfiguration@7fd987ef testClass = com.chroma.backend.BackendApplicationTests, locations = [], classes = [com.chroma.backend.BackendApplication], contextInitializerClasses = [], activeProfiles = [], propertySourceDescriptors = [], propertySourceProperties = [&quot;org.springframework.boot.test.context.SpringBootTestContextBootstrapper=true&quot;], contextCustomizers = [org.springframework.boot.test.context.filter.ExcludeFilterContextCustomizer@181e731e, org.springframework.boot.test.json.DuplicateJsonObjectContextCustomizerFactory$DuplicateJsonObjectContextCustomizer@17d88132, org.springframework.boot.test.mock.mockito.MockitoContextCustomizer@0, org.springframework.boot.test.web.client.TestRestTemplateContextCustomizer@3403e2ac, org.springframework.boot.test.web.reactor.netty.DisableReactorResourceFactoryGlobalResourcesContextCustomizerFactory$DisableReactorResourceFactoryGlobalResourcesContextCustomizerCustomizer@30c93896, org.springframework.boot.test.autoconfigure.OnFailureConditionReportContextCustomizerFactory$OnFailureConditionReportContextCustomizer@21ba0741, org.springframework.boot.test.autoconfigure.actuate.observability.ObservabilityContextCustomizerFactory$DisableObservabilityContextCustomizer@1f, org.springframework.boot.test.autoconfigure.properties.PropertyMappingContextCustomizer@0, org.springframework.boot.test.autoconfigure.web.servlet.WebDriverContextCustomizer@ca30bc1, org.springframework.test.context.support.DynamicPropertiesContextCustomizer@0, org.springframework.boot.test.context.SpringBootTestAnnotation@b89f8827], resourceBasePath = &quot;src/main/webapp&quot;, contextLoader = org.springframework.boot.test.context.SpringBootContextLoader, parent = null]" type="java.lang.IllegalStateException"><![CDATA[java.lang.IllegalStateException: Failed to load ApplicationContext for [WebMergedContextConfiguration@7fd987ef testClass = com.chroma.backend.BackendApplicationTests, locations = [], classes = [com.chroma.backend.BackendApplication], contextInitializerClasses = [], activeProfiles = [], propertySourceDescriptors = [], propertySourceProperties = ["org.springframework.boot.test.context.SpringBootTestContextBootstrapper=true"], contextCustomizers = [org.springframework.boot.test.context.filter.ExcludeFilterContextCustomizer@181e731e, org.springframework.boot.test.json.DuplicateJsonObjectContextCustomizerFactory$DuplicateJsonObjectContextCustomizer@17d88132, org.springframework.boot.test.mock.mockito.MockitoContextCustomizer@0, org.springframework.boot.test.web.client.TestRestTemplateContextCustomizer@3403e2ac, org.springframework.boot.test.web.reactor.netty.DisableReactorResourceFactoryGlobalResourcesContextCustomizerFactory$DisableReactorResourceFactoryGlobalResourcesContextCustomizerCustomizer@30c93896, org.springframework.boot.test.autoconfigure.OnFailureConditionReportContextCustomizerFactory$OnFailureConditionReportContextCustomizer@21ba0741, org.springframework.boot.test.autoconfigure.actuate.observability.ObservabilityContextCustomizerFactory$DisableObservabilityContextCustomizer@1f, org.springframework.boot.test.autoconfigure.properties.PropertyMappingContextCustomizer@0, org.springframework.boot.test.autoconfigure.web.servlet.WebDriverContextCustomizer@ca30bc1, org.springframework.test.context.support.DynamicPropertiesContextCustomizer@0, org.springframework.boot.test.context.SpringBootTestAnnotation@b89f8827], resourceBasePath = "src/main/webapp", contextLoader = org.springframework.boot.test.context.SpringBootContextLoader, parent = null]
	at org.springframework.test.context.cache.DefaultCacheAwareContextLoaderDelegate.loadContext(DefaultCacheAwareContextLoaderDelegate.java:180)
	at org.springframework.test.context.support.DefaultTestContext.getApplicationContext(DefaultTestContext.java:130)
	at org.springframework.test.context.web.ServletTestExecutionListener.setUpRequestContextIfNecessary(ServletTestExecutionListener.java:200)
	at org.springframework.test.context.web.ServletTestExecutionListener.prepareTestInstance(ServletTestExecutionListener.java:139)
	at org.springframework.test.context.TestContextManager.prepareTestInstance(TestContextManager.java:260)
	at org.springframework.test.context.junit.jupiter.SpringExtension.postProcessTestInstance(SpringExtension.java:159)
	at java.base/java.util.stream.ForEachOps$ForEachOp$OfRef.accept(ForEachOps.java:184)
	at java.base/java.util.stream.ReferencePipeline$3$1.accept(ReferencePipeline.java:215)
	at java.base/java.util.stream.ReferencePipeline$2$1.accept(ReferencePipeline.java:197)
	at java.base/java.util.stream.ReferencePipeline$3$1.accept(ReferencePipeline.java:215)
	at java.base/java.util.ArrayList$ArrayListSpliterator.forEachRemaining(ArrayList.java:1709)
	at java.base/java.util.stream.AbstractPipeline.copyInto(AbstractPipeline.java:570)
	at java.base/java.util.stream.AbstractPipeline.wrapAndCopyInto(AbstractPipeline.java:560)
	at java.base/java.util.stream.ForEachOps$ForEachOp.evaluateSequential(ForEachOps.java:151)
	at java.base/java.util.stream.ForEachOps$ForEachOp$OfRef.evaluateSequential(ForEachOps.java:174)
	at java.base/java.util.stream.AbstractPipeline.evaluate(AbstractPipeline.java:265)
	at java.base/java.util.stream.ReferencePipeline.forEach(ReferencePipeline.java:636)
	at java.base/java.util.Optional.orElseGet(Optional.java:364)
	at java.base/java.util.ArrayList.forEach(ArrayList.java:1597)
	at java.base/java.util.ArrayList.forEach(ArrayList.java:1597)
Caused by: org.springframework.beans.factory.BeanCreationException: Error creating bean with name 's3Config': Injection of autowired dependencies failed
	at org.springframework.beans.factory.annotation.AutowiredAnnotationBeanPostProcessor.postProcessProperties(AutowiredAnnotationBeanPostProcessor.java:515)
	at org.springframework.beans.factory.support.AbstractAutowireCapableBeanFactory.populateBean(AbstractAutowireCapableBeanFactory.java:1451)
	at org.springframework.beans.factory.support.AbstractAutowireCapableBeanFactory.doCreateBean(AbstractAutowireCapableBeanFactory.java:606)
	at org.springframework.beans.factory.support.AbstractAutowireCapableBeanFactory.createBean(AbstractAutowireCapableBeanFactory.java:529)
	at org.springframework.beans.factory.support.AbstractBeanFactory.lambda$doGetBean$0(AbstractBeanFactory.java:339)
	at org.springframework.beans.factory.support.DefaultSingletonBeanRegistry.getSingleton(DefaultSingletonBeanRegistry.java:371)
	at org.springframework.beans.factory.support.AbstractBeanFactory.doGetBean(AbstractBeanFactory.java:337)
	at org.springframework.beans.factory.support.AbstractBeanFactory.getBean(AbstractBeanFactory.java:202)
	at org.springframework.beans.factory.support.DefaultListableBeanFactory.instantiateSingleton(DefaultListableBeanFactory.java:1221)
	at org.springframework.beans.factory.support.DefaultListableBeanFactory.preInstantiateSingleton(DefaultListableBeanFactory.java:1187)
	at org.springframework.beans.factory.support.DefaultListableBeanFactory.preInstantiateSingletons(DefaultListableBeanFactory.java:1122)
	at org.springframework.context.support.AbstractApplicationContext.finishBeanFactoryInitialization(AbstractApplicationContext.java:987)
	at org.springframework.context.support.AbstractApplicationContext.refresh(AbstractApplicationContext.java:627)
	at org.springframework.boot.SpringApplication.refresh(SpringApplication.java:753)
	at org.springframework.boot.SpringApplication.refreshContext(SpringApplication.java:439)
	at org.springframework.boot.SpringApplication.run(SpringApplication.java:318)
	at org.springframework.boot.test.context.SpringBootContextLoader.lambda$loadContext$3(SpringBootContextLoader.java:144)
	at org.springframework.util.function.ThrowingSupplier.get(ThrowingSupplier.java:58)
	at org.springframework.util.function.ThrowingSupplier.get(ThrowingSupplier.java:46)
	at org.springframework.boot.SpringApplication.withHook(SpringApplication.java:1462)
	at org.springframework.boot.test.context.SpringBootContextLoader$ContextLoaderHook.run(SpringBootContextLoader.java:563)
	at org.springframework.boot.test.context.SpringBootContextLoader.loadContext(SpringBootContextLoader.java:144)
	at org.springframework.boot.test.context.SpringBootContextLoader.loadContext(SpringBootContextLoader.java:110)
	at org.springframework.test.context.cache.DefaultCacheAwareContextLoaderDelegate.loadContextInternal(DefaultCacheAwareContextLoaderDelegate.java:225)
	at org.springframework.test.context.cache.DefaultCacheAwareContextLoaderDelegate.loadContext(DefaultCacheAwareContextLoaderDelegate.java:152)
	... 19 more
Caused by: org.springframework.util.PlaceholderResolutionException: Could not resolve placeholder 'aws.accessKeyId' in value "${aws.accessKeyId}"
	at org.springframework.util.PlaceholderResolutionException.withValue(PlaceholderResolutionException.java:81)
	at org.springframework.util.PlaceholderParser$ParsedValue.resolve(PlaceholderParser.java:423)
	at org.springframework.util.PlaceholderParser.replacePlaceholders(PlaceholderParser.java:128)
	at org.springframework.util.PropertyPlaceholderHelper.parseStringValue(PropertyPlaceholderHelper.java:118)
	at org.springframework.util.PropertyPlaceholderHelper.replacePlaceholders(PropertyPlaceholderHelper.java:114)
	at org.springframework.core.env.AbstractPropertyResolver.doResolvePlaceholders(AbstractPropertyResolver.java:255)
	at org.springframework.core.env.AbstractPropertyResolver.resolveRequiredPlaceholders(AbstractPropertyResolver.java:226)
	at org.springframework.context.support.PropertySourcesPlaceholderConfigurer.lambda$processProperties$0(PropertySourcesPlaceholderConfigurer.java:201)
	at org.springframework.beans.factory.support.AbstractBeanFactory.resolveEmbeddedValue(AbstractBeanFactory.java:971)
	at org.springframework.beans.factory.support.DefaultListableBeanFactory.doResolveDependency(DefaultListableBeanFactory.java:1649)
	at org.springframework.beans.factory.support.DefaultListableBeanFactory.resolveDependency(DefaultListableBeanFactory.java:1627)
	at org.springframework.beans.factory.annotation.AutowiredAnnotationBeanPostProcessor$AutowiredFieldElement.resolveFieldValue(AutowiredAnnotationBeanPostProcessor.java:785)
	at org.springframework.beans.factory.annotation.AutowiredAnnotationBeanPostProcessor$AutowiredFieldElement.inject(AutowiredAnnotationBeanPostProcessor.java:768)
	at org.springframework.beans.factory.annotation.InjectionMetadata.inject(InjectionMetadata.java:146)
	at org.springframework.beans.factory.annotation.AutowiredAnnotationBeanPostProcessor.postProcessProperties(AutowiredAnnotationBeanPostProcessor.java:509)
	... 43 more
]]></error>
    <system-out><![CDATA[20:51:39.087 [main] INFO org.springframework.test.context.support.AnnotationConfigContextLoaderUtils -- Could not detect default configuration classes for test class [com.chroma.backend.BackendApplicationTests]: BackendApplicationTests does not declare any static, non-private, non-final, nested classes annotated with @Configuration.
20:51:39.133 [main] INFO org.springframework.boot.test.context.SpringBootTestContextBootstrapper -- Found @SpringBootConfiguration com.chroma.backend.BackendApplication for test class com.chroma.backend.BackendApplicationTests

  .   ____          _            __ _ _
 /\\ / ___'_ __ _ _(_)_ __  __ _ \ \ \ \
( ( )\___ | '_ | '_| | '_ \/ _` | \ \ \ \
 \\/  ___)| |_)| | | | | || (_| |  ) ) ) )
  '  |____| .__|_| |_|_| |_\__, | / / / /
 =========|_|==============|___/=/_/_/_/

 :: Spring Boot ::                (v3.4.5)

2025-05-04T20:51:39.270-04:00  INFO 24954 --- [backend] [           main] c.c.backend.BackendApplicationTests      : Starting BackendApplicationTests using Java 23.0.2 with PID 24954 (started by stephennemeth in /Users/stephennemeth/Desktop/chroma/backend)
2025-05-04T20:51:39.270-04:00  INFO 24954 --- [backend] [           main] c.c.backend.BackendApplicationTests      : No active profile set, falling back to 1 default profile: "default"
2025-05-04T20:51:39.593-04:00  WARN 24954 --- [backend] [           main] o.s.w.c.s.GenericWebApplicationContext   : Exception encountered during context initialization - cancelling refresh attempt: org.springframework.beans.factory.BeanCreationException: Error creating bean with name 's3Config': Injection of autowired dependencies failed
2025-05-04T20:51:39.604-04:00  INFO 24954 --- [backend] [           main] .s.b.a.l.ConditionEvaluationReportLogger : 

Error starting ApplicationContext. To display the condition evaluation report re-run your application with 'debug' enabled.
2025-05-04T20:51:39.610-04:00 ERROR 24954 --- [backend] [           main] o.s.boot.SpringApplication               : Application run failed

org.springframework.beans.factory.BeanCreationException: Error creating bean with name 's3Config': Injection of autowired dependencies failed
	at org.springframework.beans.factory.annotation.AutowiredAnnotationBeanPostProcessor.postProcessProperties(AutowiredAnnotationBeanPostProcessor.java:515) ~[spring-beans-6.2.6.jar:6.2.6]
	at org.springframework.beans.factory.support.AbstractAutowireCapableBeanFactory.populateBean(AbstractAutowireCapableBeanFactory.java:1451) ~[spring-beans-6.2.6.jar:6.2.6]
	at org.springframework.beans.factory.support.AbstractAutowireCapableBeanFactory.doCreateBean(AbstractAutowireCapableBeanFactory.java:606) ~[spring-beans-6.2.6.jar:6.2.6]
	at org.springframework.beans.factory.support.AbstractAutowireCapableBeanFactory.createBean(AbstractAutowireCapableBeanFactory.java:529) ~[spring-beans-6.2.6.jar:6.2.6]
	at org.springframework.beans.factory.support.AbstractBeanFactory.lambda$doGetBean$0(AbstractBeanFactory.java:339) ~[spring-beans-6.2.6.jar:6.2.6]
	at org.springframework.beans.factory.support.DefaultSingletonBeanRegistry.getSingleton(DefaultSingletonBeanRegistry.java:371) ~[spring-beans-6.2.6.jar:6.2.6]
	at org.springframework.beans.factory.support.AbstractBeanFactory.doGetBean(AbstractBeanFactory.java:337) ~[spring-beans-6.2.6.jar:6.2.6]
	at org.springframework.beans.factory.support.AbstractBeanFactory.getBean(AbstractBeanFactory.java:202) ~[spring-beans-6.2.6.jar:6.2.6]
	at org.springframework.beans.factory.support.DefaultListableBeanFactory.instantiateSingleton(DefaultListableBeanFactory.java:1221) ~[spring-beans-6.2.6.jar:6.2.6]
	at org.springframework.beans.factory.support.DefaultListableBeanFactory.preInstantiateSingleton(DefaultListableBeanFactory.java:1187) ~[spring-beans-6.2.6.jar:6.2.6]
	at org.springframework.beans.factory.support.DefaultListableBeanFactory.preInstantiateSingletons(DefaultListableBeanFactory.java:1122) ~[spring-beans-6.2.6.jar:6.2.6]
	at org.springframework.context.support.AbstractApplicationContext.finishBeanFactoryInitialization(AbstractApplicationContext.java:987) ~[spring-context-6.2.6.jar:6.2.6]
	at org.springframework.context.support.AbstractApplicationContext.refresh(AbstractApplicationContext.java:627) ~[spring-context-6.2.6.jar:6.2.6]
	at org.springframework.boot.SpringApplication.refresh(SpringApplication.java:753) ~[spring-boot-3.4.5.jar:3.4.5]
	at org.springframework.boot.SpringApplication.refreshContext(SpringApplication.java:439) ~[spring-boot-3.4.5.jar:3.4.5]
	at org.springframework.boot.SpringApplication.run(SpringApplication.java:318) ~[spring-boot-3.4.5.jar:3.4.5]
	at org.springframework.boot.test.context.SpringBootContextLoader.lambda$loadContext$3(SpringBootContextLoader.java:144) ~[spring-boot-test-3.4.5.jar:3.4.5]
	at org.springframework.util.function.ThrowingSupplier.get(ThrowingSupplier.java:58) ~[spring-core-6.2.6.jar:6.2.6]
	at org.springframework.util.function.ThrowingSupplier.get(ThrowingSupplier.java:46) ~[spring-core-6.2.6.jar:6.2.6]
	at org.springframework.boot.SpringApplication.withHook(SpringApplication.java:1462) ~[spring-boot-3.4.5.jar:3.4.5]
	at org.springframework.boot.test.context.SpringBootContextLoader$ContextLoaderHook.run(SpringBootContextLoader.java:563) ~[spring-boot-test-3.4.5.jar:3.4.5]
	at org.springframework.boot.test.context.SpringBootContextLoader.loadContext(SpringBootContextLoader.java:144) ~[spring-boot-test-3.4.5.jar:3.4.5]
	at org.springframework.boot.test.context.SpringBootContextLoader.loadContext(SpringBootContextLoader.java:110) ~[spring-boot-test-3.4.5.jar:3.4.5]
	at org.springframework.test.context.cache.DefaultCacheAwareContextLoaderDelegate.loadContextInternal(DefaultCacheAwareContextLoaderDelegate.java:225) ~[spring-test-6.2.6.jar:6.2.6]
	at org.springframework.test.context.cache.DefaultCacheAwareContextLoaderDelegate.loadContext(DefaultCacheAwareContextLoaderDelegate.java:152) ~[spring-test-6.2.6.jar:6.2.6]
	at org.springframework.test.context.support.DefaultTestContext.getApplicationContext(DefaultTestContext.java:130) ~[spring-test-6.2.6.jar:6.2.6]
	at org.springframework.test.context.web.ServletTestExecutionListener.setUpRequestContextIfNecessary(ServletTestExecutionListener.java:200) ~[spring-test-6.2.6.jar:6.2.6]
	at org.springframework.test.context.web.ServletTestExecutionListener.prepareTestInstance(ServletTestExecutionListener.java:139) ~[spring-test-6.2.6.jar:6.2.6]
	at org.springframework.test.context.TestContextManager.prepareTestInstance(TestContextManager.java:260) ~[spring-test-6.2.6.jar:6.2.6]
	at org.springframework.test.context.junit.jupiter.SpringExtension.postProcessTestInstance(SpringExtension.java:159) ~[spring-test-6.2.6.jar:6.2.6]
	at org.junit.jupiter.engine.descriptor.ClassBasedTestDescriptor.lambda$invokeTestInstancePostProcessors$11(ClassBasedTestDescriptor.java:378) ~[junit-jupiter-engine-5.11.4.jar:5.11.4]
	at org.junit.jupiter.engine.descriptor.ClassBasedTestDescriptor.executeAndMaskThrowable(ClassBasedTestDescriptor.java:383) ~[junit-jupiter-engine-5.11.4.jar:5.11.4]
	at org.junit.jupiter.engine.descriptor.ClassBasedTestDescriptor.lambda$invokeTestInstancePostProcessors$12(ClassBasedTestDescriptor.java:378) ~[junit-jupiter-engine-5.11.4.jar:5.11.4]
	at java.base/java.util.stream.ForEachOps$ForEachOp$OfRef.accept(ForEachOps.java:184) ~[na:na]
	at java.base/java.util.stream.ReferencePipeline$3$1.accept(ReferencePipeline.java:215) ~[na:na]
	at java.base/java.util.stream.ReferencePipeline$2$1.accept(ReferencePipeline.java:197) ~[na:na]
	at java.base/java.util.stream.ReferencePipeline$3$1.accept(ReferencePipeline.java:215) ~[na:na]
	at java.base/java.util.ArrayList$ArrayListSpliterator.forEachRemaining(ArrayList.java:1709) ~[na:na]
	at java.base/java.util.stream.AbstractPipeline.copyInto(AbstractPipeline.java:570) ~[na:na]
	at java.base/java.util.stream.AbstractPipeline.wrapAndCopyInto(AbstractPipeline.java:560) ~[na:na]
	at java.base/java.util.stream.ForEachOps$ForEachOp.evaluateSequential(ForEachOps.java:151) ~[na:na]
	at java.base/java.util.stream.ForEachOps$ForEachOp$OfRef.evaluateSequential(ForEachOps.java:174) ~[na:na]
	at java.base/java.util.stream.AbstractPipeline.evaluate(AbstractPipeline.java:265) ~[na:na]
	at java.base/java.util.stream.ReferencePipeline.forEach(ReferencePipeline.java:636) ~[na:na]
	at org.junit.jupiter.engine.descriptor.ClassBasedTestDescriptor.invokeTestInstancePostProcessors(ClassBasedTestDescriptor.java:377) ~[junit-jupiter-engine-5.11.4.jar:5.11.4]
	at org.junit.jupiter.engine.descriptor.ClassBasedTestDescriptor.lambda$instantiateAndPostProcessTestInstance$7(ClassBasedTestDescriptor.java:290) ~[junit-jupiter-engine-5.11.4.jar:5.11.4]
	at org.junit.platform.engine.support.hierarchical.ThrowableCollector.execute(ThrowableCollector.java:73) ~[junit-platform-engine-1.11.4.jar:1.11.4]
	at org.junit.jupiter.engine.descriptor.ClassBasedTestDescriptor.instantiateAndPostProcessTestInstance(ClassBasedTestDescriptor.java:289) ~[junit-jupiter-engine-5.11.4.jar:5.11.4]
	at org.junit.jupiter.engine.descriptor.ClassBasedTestDescriptor.lambda$testInstancesProvider$5(ClassBasedTestDescriptor.java:279) ~[junit-jupiter-engine-5.11.4.jar:5.11.4]
	at java.base/java.util.Optional.orElseGet(Optional.java:364) ~[na:na]
	at org.junit.jupiter.engine.descriptor.ClassBasedTestDescriptor.lambda$testInstancesProvider$6(ClassBasedTestDescriptor.java:278) ~[junit-jupiter-engine-5.11.4.jar:5.11.4]
	at org.junit.jupiter.engine.execution.TestInstancesProvider.getTestInstances(TestInstancesProvider.java:31) ~[junit-jupiter-engine-5.11.4.jar:5.11.4]
	at org.junit.jupiter.engine.descriptor.TestMethodTestDescriptor.lambda$prepare$1(TestMethodTestDescriptor.java:105) ~[junit-jupiter-engine-5.11.4.jar:5.11.4]
	at org.junit.platform.engine.support.hierarchical.ThrowableCollector.execute(ThrowableCollector.java:73) ~[junit-platform-engine-1.11.4.jar:1.11.4]
	at org.junit.jupiter.engine.descriptor.TestMethodTestDescriptor.prepare(TestMethodTestDescriptor.java:104) ~[junit-jupiter-engine-5.11.4.jar:5.11.4]
	at org.junit.jupiter.engine.descriptor.TestMethodTestDescriptor.prepare(TestMethodTestDescriptor.java:68) ~[junit-jupiter-engine-5.11.4.jar:5.11.4]
	at org.junit.platform.engine.support.hierarchical.NodeTestTask.lambda$prepare$2(NodeTestTask.java:128) ~[junit-platform-engine-1.11.4.jar:1.11.4]
	at org.junit.platform.engine.support.hierarchical.ThrowableCollector.execute(ThrowableCollector.java:73) ~[junit-platform-engine-1.11.4.jar:1.11.4]
	at org.junit.platform.engine.support.hierarchical.NodeTestTask.prepare(NodeTestTask.java:128) ~[junit-platform-engine-1.11.4.jar:1.11.4]
	at org.junit.platform.engine.support.hierarchical.NodeTestTask.execute(NodeTestTask.java:95) ~[junit-platform-engine-1.11.4.jar:1.11.4]
	at java.base/java.util.ArrayList.forEach(ArrayList.java:1597) ~[na:na]
	at org.junit.platform.engine.support.hierarchical.SameThreadHierarchicalTestExecutorService.invokeAll(SameThreadHierarchicalTestExecutorService.java:41) ~[junit-platform-engine-1.11.4.jar:1.11.4]
	at org.junit.platform.engine.support.hierarchical.NodeTestTask.lambda$executeRecursively$6(NodeTestTask.java:160) ~[junit-platform-engine-1.11.4.jar:1.11.4]
	at org.junit.platform.engine.support.hierarchical.ThrowableCollector.execute(ThrowableCollector.java:73) ~[junit-platform-engine-1.11.4.jar:1.11.4]
	at org.junit.platform.engine.support.hierarchical.NodeTestTask.lambda$executeRecursively$8(NodeTestTask.java:146) ~[junit-platform-engine-1.11.4.jar:1.11.4]
	at org.junit.platform.engine.support.hierarchical.Node.around(Node.java:137) ~[junit-platform-engine-1.11.4.jar:1.11.4]
	at org.junit.platform.engine.support.hierarchical.NodeTestTask.lambda$executeRecursively$9(NodeTestTask.java:144) ~[junit-platform-engine-1.11.4.jar:1.11.4]
	at org.junit.platform.engine.support.hierarchical.ThrowableCollector.execute(ThrowableCollector.java:73) ~[junit-platform-engine-1.11.4.jar:1.11.4]
	at org.junit.platform.engine.support.hierarchical.NodeTestTask.executeRecursively(NodeTestTask.java:143) ~[junit-platform-engine-1.11.4.jar:1.11.4]
	at org.junit.platform.engine.support.hierarchical.NodeTestTask.execute(NodeTestTask.java:100) ~[junit-platform-engine-1.11.4.jar:1.11.4]
	at java.base/java.util.ArrayList.forEach(ArrayList.java:1597) ~[na:na]
	at org.junit.platform.engine.support.hierarchical.SameThreadHierarchicalTestExecutorService.invokeAll(SameThreadHierarchicalTestExecutorService.java:41) ~[junit-platform-engine-1.11.4.jar:1.11.4]
	at org.junit.platform.engine.support.hierarchical.NodeTestTask.lambda$executeRecursively$6(NodeTestTask.java:160) ~[junit-platform-engine-1.11.4.jar:1.11.4]
	at org.junit.platform.engine.support.hierarchical.ThrowableCollector.execute(ThrowableCollector.java:73) ~[junit-platform-engine-1.11.4.jar:1.11.4]
	at org.junit.platform.engine.support.hierarchical.NodeTestTask.lambda$executeRecursively$8(NodeTestTask.java:146) ~[junit-platform-engine-1.11.4.jar:1.11.4]
	at org.junit.platform.engine.support.hierarchical.Node.around(Node.java:137) ~[junit-platform-engine-1.11.4.jar:1.11.4]
	at org.junit.platform.engine.support.hierarchical.NodeTestTask.lambda$executeRecursively$9(NodeTestTask.java:144) ~[junit-platform-engine-1.11.4.jar:1.11.4]
	at org.junit.platform.engine.support.hierarchical.ThrowableCollector.execute(ThrowableCollector.java:73) ~[junit-platform-engine-1.11.4.jar:1.11.4]
	at org.junit.platform.engine.support.hierarchical.NodeTestTask.executeRecursively(NodeTestTask.java:143) ~[junit-platform-engine-1.11.4.jar:1.11.4]
	at org.junit.platform.engine.support.hierarchical.NodeTestTask.execute(NodeTestTask.java:100) ~[junit-platform-engine-1.11.4.jar:1.11.4]
	at org.junit.platform.engine.support.hierarchical.SameThreadHierarchicalTestExecutorService.submit(SameThreadHierarchicalTestExecutorService.java:35) ~[junit-platform-engine-1.11.4.jar:1.11.4]
	at org.junit.platform.engine.support.hierarchical.HierarchicalTestExecutor.execute(HierarchicalTestExecutor.java:57) ~[junit-platform-engine-1.11.4.jar:1.11.4]
	at org.junit.platform.engine.support.hierarchical.HierarchicalTestEngine.execute(HierarchicalTestEngine.java:54) ~[junit-platform-engine-1.11.4.jar:1.11.4]
	at org.junit.platform.launcher.core.EngineExecutionOrchestrator.execute(EngineExecutionOrchestrator.java:198) ~[junit-platform-launcher-1.11.4.jar:1.11.4]
	at org.junit.platform.launcher.core.EngineExecutionOrchestrator.execute(EngineExecutionOrchestrator.java:169) ~[junit-platform-launcher-1.11.4.jar:1.11.4]
	at org.junit.platform.launcher.core.EngineExecutionOrchestrator.execute(EngineExecutionOrchestrator.java:93) ~[junit-platform-launcher-1.11.4.jar:1.11.4]
	at org.junit.platform.launcher.core.EngineExecutionOrchestrator.lambda$execute$0(EngineExecutionOrchestrator.java:58) ~[junit-platform-launcher-1.11.4.jar:1.11.4]
	at org.junit.platform.launcher.core.EngineExecutionOrchestrator.withInterceptedStreams(EngineExecutionOrchestrator.java:141) ~[junit-platform-launcher-1.11.4.jar:1.11.4]
	at org.junit.platform.launcher.core.EngineExecutionOrchestrator.execute(EngineExecutionOrchestrator.java:57) ~[junit-platform-launcher-1.11.4.jar:1.11.4]
	at org.junit.platform.launcher.core.DefaultLauncher.execute(DefaultLauncher.java:103) ~[junit-platform-launcher-1.11.4.jar:1.11.4]
	at org.junit.platform.launcher.core.DefaultLauncher.execute(DefaultLauncher.java:85) ~[junit-platform-launcher-1.11.4.jar:1.11.4]
	at org.junit.platform.launcher.core.DelegatingLauncher.execute(DelegatingLauncher.java:47) ~[junit-platform-launcher-1.11.4.jar:1.11.4]
	at org.apache.maven.surefire.junitplatform.LazyLauncher.execute(LazyLauncher.java:56) ~[surefire-junit-platform-3.5.3.jar:3.5.3]
	at org.apache.maven.surefire.junitplatform.JUnitPlatformProvider.execute(JUnitPlatformProvider.java:194) ~[surefire-junit-platform-3.5.3.jar:3.5.3]
	at org.apache.maven.surefire.junitplatform.JUnitPlatformProvider.invokeAllTests(JUnitPlatformProvider.java:150) ~[surefire-junit-platform-3.5.3.jar:3.5.3]
	at org.apache.maven.surefire.junitplatform.JUnitPlatformProvider.invoke(JUnitPlatformProvider.java:124) ~[surefire-junit-platform-3.5.3.jar:3.5.3]
	at org.apache.maven.surefire.booter.ForkedBooter.runSuitesInProcess(ForkedBooter.java:385) ~[surefire-booter-3.5.3.jar:3.5.3]
	at org.apache.maven.surefire.booter.ForkedBooter.execute(ForkedBooter.java:162) ~[surefire-booter-3.5.3.jar:3.5.3]
	at org.apache.maven.surefire.booter.ForkedBooter.run(ForkedBooter.java:507) ~[surefire-booter-3.5.3.jar:3.5.3]
	at org.apache.maven.surefire.booter.ForkedBooter.main(ForkedBooter.java:495) ~[surefire-booter-3.5.3.jar:3.5.3]
Caused by: org.springframework.util.PlaceholderResolutionException: Could not resolve placeholder 'aws.accessKeyId' in value "${aws.accessKeyId}"
	at org.springframework.util.PlaceholderResolutionException.withValue(PlaceholderResolutionException.java:81) ~[spring-core-6.2.6.jar:6.2.6]
	at org.springframework.util.PlaceholderParser$ParsedValue.resolve(PlaceholderParser.java:423) ~[spring-core-6.2.6.jar:6.2.6]
	at org.springframework.util.PlaceholderParser.replacePlaceholders(PlaceholderParser.java:128) ~[spring-core-6.2.6.jar:6.2.6]
	at org.springframework.util.PropertyPlaceholderHelper.parseStringValue(PropertyPlaceholderHelper.java:118) ~[spring-core-6.2.6.jar:6.2.6]
	at org.springframework.util.PropertyPlaceholderHelper.replacePlaceholders(PropertyPlaceholderHelper.java:114) ~[spring-core-6.2.6.jar:6.2.6]
	at org.springframework.core.env.AbstractPropertyResolver.doResolvePlaceholders(AbstractPropertyResolver.java:255) ~[spring-core-6.2.6.jar:6.2.6]
	at org.springframework.core.env.AbstractPropertyResolver.resolveRequiredPlaceholders(AbstractPropertyResolver.java:226) ~[spring-core-6.2.6.jar:6.2.6]
	at org.springframework.context.support.PropertySourcesPlaceholderConfigurer.lambda$processProperties$0(PropertySourcesPlaceholderConfigurer.java:201) ~[spring-context-6.2.6.jar:6.2.6]
	at org.springframework.beans.factory.support.AbstractBeanFactory.resolveEmbeddedValue(AbstractBeanFactory.java:971) ~[spring-beans-6.2.6.jar:6.2.6]
	at org.springframework.beans.factory.support.DefaultListableBeanFactory.doResolveDependency(DefaultListableBeanFactory.java:1649) ~[spring-beans-6.2.6.jar:6.2.6]
	at org.springframework.beans.factory.support.DefaultListableBeanFactory.resolveDependency(DefaultListableBeanFactory.java:1627) ~[spring-beans-6.2.6.jar:6.2.6]
	at org.springframework.beans.factory.annotation.AutowiredAnnotationBeanPostProcessor$AutowiredFieldElement.resolveFieldValue(AutowiredAnnotationBeanPostProcessor.java:785) ~[spring-beans-6.2.6.jar:6.2.6]
	at org.springframework.beans.factory.annotation.AutowiredAnnotationBeanPostProcessor$AutowiredFieldElement.inject(AutowiredAnnotationBeanPostProcessor.java:768) ~[spring-beans-6.2.6.jar:6.2.6]
	at org.springframework.beans.factory.annotation.InjectionMetadata.inject(InjectionMetadata.java:146) ~[spring-beans-6.2.6.jar:6.2.6]
	at org.springframework.beans.factory.annotation.AutowiredAnnotationBeanPostProcessor.postProcessProperties(AutowiredAnnotationBeanPostProcessor.java:509) ~[spring-beans-6.2.6.jar:6.2.6]
	... 99 common frames omitted

2025-05-04T20:51:39.614-04:00  WARN 24954 --- [backend] [           main] o.s.test.context.TestContextManager      : Caught exception while allowing TestExecutionListener [org.springframework.test.context.web.ServletTestExecutionListener] to prepare test instance [com.chroma.backend.BackendApplicationTests@7209ffb5]

java.lang.IllegalStateException: Failed to load ApplicationContext for [WebMergedContextConfiguration@7fd987ef testClass = com.chroma.backend.BackendApplicationTests, locations = [], classes = [com.chroma.backend.BackendApplication], contextInitializerClasses = [], activeProfiles = [], propertySourceDescriptors = [], propertySourceProperties = ["org.springframework.boot.test.context.SpringBootTestContextBootstrapper=true"], contextCustomizers = [org.springframework.boot.test.context.filter.ExcludeFilterContextCustomizer@181e731e, org.springframework.boot.test.json.DuplicateJsonObjectContextCustomizerFactory$DuplicateJsonObjectContextCustomizer@17d88132, org.springframework.boot.test.mock.mockito.MockitoContextCustomizer@0, org.springframework.boot.test.web.client.TestRestTemplateContextCustomizer@3403e2ac, org.springframework.boot.test.web.reactor.netty.DisableReactorResourceFactoryGlobalResourcesContextCustomizerFactory$DisableReactorResourceFactoryGlobalResourcesContextCustomizerCustomizer@30c93896, org.springframework.boot.test.autoconfigure.OnFailureConditionReportContextCustomizerFactory$OnFailureConditionReportContextCustomizer@21ba0741, org.springframework.boot.test.autoconfigure.actuate.observability.ObservabilityContextCustomizerFactory$DisableObservabilityContextCustomizer@1f, org.springframework.boot.test.autoconfigure.properties.PropertyMappingContextCustomizer@0, org.springframework.boot.test.autoconfigure.web.servlet.WebDriverContextCustomizer@ca30bc1, org.springframework.test.context.support.DynamicPropertiesContextCustomizer@0, org.springframework.boot.test.context.SpringBootTestAnnotation@b89f8827], resourceBasePath = "src/main/webapp", contextLoader = org.springframework.boot.test.context.SpringBootContextLoader, parent = null]
	at org.springframework.test.context.cache.DefaultCacheAwareContextLoaderDelegate.loadContext(DefaultCacheAwareContextLoaderDelegate.java:180) ~[spring-test-6.2.6.jar:6.2.6]
	at org.springframework.test.context.support.DefaultTestContext.getApplicationContext(DefaultTestContext.java:130) ~[spring-test-6.2.6.jar:6.2.6]
	at org.springframework.test.context.web.ServletTestExecutionListener.setUpRequestContextIfNecessary(ServletTestExecutionListener.java:200) ~[spring-test-6.2.6.jar:6.2.6]
	at org.springframework.test.context.web.ServletTestExecutionListener.prepareTestInstance(ServletTestExecutionListener.java:139) ~[spring-test-6.2.6.jar:6.2.6]
	at org.springframework.test.context.TestContextManager.prepareTestInstance(TestContextManager.java:260) ~[spring-test-6.2.6.jar:6.2.6]
	at org.springframework.test.context.junit.jupiter.SpringExtension.postProcessTestInstance(SpringExtension.java:159) ~[spring-test-6.2.6.jar:6.2.6]
	at org.junit.jupiter.engine.descriptor.ClassBasedTestDescriptor.lambda$invokeTestInstancePostProcessors$11(ClassBasedTestDescriptor.java:378) ~[junit-jupiter-engine-5.11.4.jar:5.11.4]
	at org.junit.jupiter.engine.descriptor.ClassBasedTestDescriptor.executeAndMaskThrowable(ClassBasedTestDescriptor.java:383) ~[junit-jupiter-engine-5.11.4.jar:5.11.4]
	at org.junit.jupiter.engine.descriptor.ClassBasedTestDescriptor.lambda$invokeTestInstancePostProcessors$12(ClassBasedTestDescriptor.java:378) ~[junit-jupiter-engine-5.11.4.jar:5.11.4]
	at java.base/java.util.stream.ForEachOps$ForEachOp$OfRef.accept(ForEachOps.java:184) ~[na:na]
	at java.base/java.util.stream.ReferencePipeline$3$1.accept(ReferencePipeline.java:215) ~[na:na]
	at java.base/java.util.stream.ReferencePipeline$2$1.accept(ReferencePipeline.java:197) ~[na:na]
	at java.base/java.util.stream.ReferencePipeline$3$1.accept(ReferencePipeline.java:215) ~[na:na]
	at java.base/java.util.ArrayList$ArrayListSpliterator.forEachRemaining(ArrayList.java:1709) ~[na:na]
	at java.base/java.util.stream.AbstractPipeline.copyInto(AbstractPipeline.java:570) ~[na:na]
	at java.base/java.util.stream.AbstractPipeline.wrapAndCopyInto(AbstractPipeline.java:560) ~[na:na]
	at java.base/java.util.stream.ForEachOps$ForEachOp.evaluateSequential(ForEachOps.java:151) ~[na:na]
	at java.base/java.util.stream.ForEachOps$ForEachOp$OfRef.evaluateSequential(ForEachOps.java:174) ~[na:na]
	at java.base/java.util.stream.AbstractPipeline.evaluate(AbstractPipeline.java:265) ~[na:na]
	at java.base/java.util.stream.ReferencePipeline.forEach(ReferencePipeline.java:636) ~[na:na]
	at org.junit.jupiter.engine.descriptor.ClassBasedTestDescriptor.invokeTestInstancePostProcessors(ClassBasedTestDescriptor.java:377) ~[junit-jupiter-engine-5.11.4.jar:5.11.4]
	at org.junit.jupiter.engine.descriptor.ClassBasedTestDescriptor.lambda$instantiateAndPostProcessTestInstance$7(ClassBasedTestDescriptor.java:290) ~[junit-jupiter-engine-5.11.4.jar:5.11.4]
	at org.junit.platform.engine.support.hierarchical.ThrowableCollector.execute(ThrowableCollector.java:73) ~[junit-platform-engine-1.11.4.jar:1.11.4]
	at org.junit.jupiter.engine.descriptor.ClassBasedTestDescriptor.instantiateAndPostProcessTestInstance(ClassBasedTestDescriptor.java:289) ~[junit-jupiter-engine-5.11.4.jar:5.11.4]
	at org.junit.jupiter.engine.descriptor.ClassBasedTestDescriptor.lambda$testInstancesProvider$5(ClassBasedTestDescriptor.java:279) ~[junit-jupiter-engine-5.11.4.jar:5.11.4]
	at java.base/java.util.Optional.orElseGet(Optional.java:364) ~[na:na]
	at org.junit.jupiter.engine.descriptor.ClassBasedTestDescriptor.lambda$testInstancesProvider$6(ClassBasedTestDescriptor.java:278) ~[junit-jupiter-engine-5.11.4.jar:5.11.4]
	at org.junit.jupiter.engine.execution.TestInstancesProvider.getTestInstances(TestInstancesProvider.java:31) ~[junit-jupiter-engine-5.11.4.jar:5.11.4]
	at org.junit.jupiter.engine.descriptor.TestMethodTestDescriptor.lambda$prepare$1(TestMethodTestDescriptor.java:105) ~[junit-jupiter-engine-5.11.4.jar:5.11.4]
	at org.junit.platform.engine.support.hierarchical.ThrowableCollector.execute(ThrowableCollector.java:73) ~[junit-platform-engine-1.11.4.jar:1.11.4]
	at org.junit.jupiter.engine.descriptor.TestMethodTestDescriptor.prepare(TestMethodTestDescriptor.java:104) ~[junit-jupiter-engine-5.11.4.jar:5.11.4]
	at org.junit.jupiter.engine.descriptor.TestMethodTestDescriptor.prepare(TestMethodTestDescriptor.java:68) ~[junit-jupiter-engine-5.11.4.jar:5.11.4]
	at org.junit.platform.engine.support.hierarchical.NodeTestTask.lambda$prepare$2(NodeTestTask.java:128) ~[junit-platform-engine-1.11.4.jar:1.11.4]
	at org.junit.platform.engine.support.hierarchical.ThrowableCollector.execute(ThrowableCollector.java:73) ~[junit-platform-engine-1.11.4.jar:1.11.4]
	at org.junit.platform.engine.support.hierarchical.NodeTestTask.prepare(NodeTestTask.java:128) ~[junit-platform-engine-1.11.4.jar:1.11.4]
	at org.junit.platform.engine.support.hierarchical.NodeTestTask.execute(NodeTestTask.java:95) ~[junit-platform-engine-1.11.4.jar:1.11.4]
	at java.base/java.util.ArrayList.forEach(ArrayList.java:1597) ~[na:na]
	at org.junit.platform.engine.support.hierarchical.SameThreadHierarchicalTestExecutorService.invokeAll(SameThreadHierarchicalTestExecutorService.java:41) ~[junit-platform-engine-1.11.4.jar:1.11.4]
	at org.junit.platform.engine.support.hierarchical.NodeTestTask.lambda$executeRecursively$6(NodeTestTask.java:160) ~[junit-platform-engine-1.11.4.jar:1.11.4]
	at org.junit.platform.engine.support.hierarchical.ThrowableCollector.execute(ThrowableCollector.java:73) ~[junit-platform-engine-1.11.4.jar:1.11.4]
	at org.junit.platform.engine.support.hierarchical.NodeTestTask.lambda$executeRecursively$8(NodeTestTask.java:146) ~[junit-platform-engine-1.11.4.jar:1.11.4]
	at org.junit.platform.engine.support.hierarchical.Node.around(Node.java:137) ~[junit-platform-engine-1.11.4.jar:1.11.4]
	at org.junit.platform.engine.support.hierarchical.NodeTestTask.lambda$executeRecursively$9(NodeTestTask.java:144) ~[junit-platform-engine-1.11.4.jar:1.11.4]
	at org.junit.platform.engine.support.hierarchical.ThrowableCollector.execute(ThrowableCollector.java:73) ~[junit-platform-engine-1.11.4.jar:1.11.4]
	at org.junit.platform.engine.support.hierarchical.NodeTestTask.executeRecursively(NodeTestTask.java:143) ~[junit-platform-engine-1.11.4.jar:1.11.4]
	at org.junit.platform.engine.support.hierarchical.NodeTestTask.execute(NodeTestTask.java:100) ~[junit-platform-engine-1.11.4.jar:1.11.4]
	at java.base/java.util.ArrayList.forEach(ArrayList.java:1597) ~[na:na]
	at org.junit.platform.engine.support.hierarchical.SameThreadHierarchicalTestExecutorService.invokeAll(SameThreadHierarchicalTestExecutorService.java:41) ~[junit-platform-engine-1.11.4.jar:1.11.4]
	at org.junit.platform.engine.support.hierarchical.NodeTestTask.lambda$executeRecursively$6(NodeTestTask.java:160) ~[junit-platform-engine-1.11.4.jar:1.11.4]
	at org.junit.platform.engine.support.hierarchical.ThrowableCollector.execute(ThrowableCollector.java:73) ~[junit-platform-engine-1.11.4.jar:1.11.4]
	at org.junit.platform.engine.support.hierarchical.NodeTestTask.lambda$executeRecursively$8(NodeTestTask.java:146) ~[junit-platform-engine-1.11.4.jar:1.11.4]
	at org.junit.platform.engine.support.hierarchical.Node.around(Node.java:137) ~[junit-platform-engine-1.11.4.jar:1.11.4]
	at org.junit.platform.engine.support.hierarchical.NodeTestTask.lambda$executeRecursively$9(NodeTestTask.java:144) ~[junit-platform-engine-1.11.4.jar:1.11.4]
	at org.junit.platform.engine.support.hierarchical.ThrowableCollector.execute(ThrowableCollector.java:73) ~[junit-platform-engine-1.11.4.jar:1.11.4]
	at org.junit.platform.engine.support.hierarchical.NodeTestTask.executeRecursively(NodeTestTask.java:143) ~[junit-platform-engine-1.11.4.jar:1.11.4]
	at org.junit.platform.engine.support.hierarchical.NodeTestTask.execute(NodeTestTask.java:100) ~[junit-platform-engine-1.11.4.jar:1.11.4]
	at org.junit.platform.engine.support.hierarchical.SameThreadHierarchicalTestExecutorService.submit(SameThreadHierarchicalTestExecutorService.java:35) ~[junit-platform-engine-1.11.4.jar:1.11.4]
	at org.junit.platform.engine.support.hierarchical.HierarchicalTestExecutor.execute(HierarchicalTestExecutor.java:57) ~[junit-platform-engine-1.11.4.jar:1.11.4]
	at org.junit.platform.engine.support.hierarchical.HierarchicalTestEngine.execute(HierarchicalTestEngine.java:54) ~[junit-platform-engine-1.11.4.jar:1.11.4]
	at org.junit.platform.launcher.core.EngineExecutionOrchestrator.execute(EngineExecutionOrchestrator.java:198) ~[junit-platform-launcher-1.11.4.jar:1.11.4]
	at org.junit.platform.launcher.core.EngineExecutionOrchestrator.execute(EngineExecutionOrchestrator.java:169) ~[junit-platform-launcher-1.11.4.jar:1.11.4]
	at org.junit.platform.launcher.core.EngineExecutionOrchestrator.execute(EngineExecutionOrchestrator.java:93) ~[junit-platform-launcher-1.11.4.jar:1.11.4]
	at org.junit.platform.launcher.core.EngineExecutionOrchestrator.lambda$execute$0(EngineExecutionOrchestrator.java:58) ~[junit-platform-launcher-1.11.4.jar:1.11.4]
	at org.junit.platform.launcher.core.EngineExecutionOrchestrator.withInterceptedStreams(EngineExecutionOrchestrator.java:141) ~[junit-platform-launcher-1.11.4.jar:1.11.4]
	at org.junit.platform.launcher.core.EngineExecutionOrchestrator.execute(EngineExecutionOrchestrator.java:57) ~[junit-platform-launcher-1.11.4.jar:1.11.4]
	at org.junit.platform.launcher.core.DefaultLauncher.execute(DefaultLauncher.java:103) ~[junit-platform-launcher-1.11.4.jar:1.11.4]
	at org.junit.platform.launcher.core.DefaultLauncher.execute(DefaultLauncher.java:85) ~[junit-platform-launcher-1.11.4.jar:1.11.4]
	at org.junit.platform.launcher.core.DelegatingLauncher.execute(DelegatingLauncher.java:47) ~[junit-platform-launcher-1.11.4.jar:1.11.4]
	at org.apache.maven.surefire.junitplatform.LazyLauncher.execute(LazyLauncher.java:56) ~[surefire-junit-platform-3.5.3.jar:3.5.3]
	at org.apache.maven.surefire.junitplatform.JUnitPlatformProvider.execute(JUnitPlatformProvider.java:194) ~[surefire-junit-platform-3.5.3.jar:3.5.3]
	at org.apache.maven.surefire.junitplatform.JUnitPlatformProvider.invokeAllTests(JUnitPlatformProvider.java:150) ~[surefire-junit-platform-3.5.3.jar:3.5.3]
	at org.apache.maven.surefire.junitplatform.JUnitPlatformProvider.invoke(JUnitPlatformProvider.java:124) ~[surefire-junit-platform-3.5.3.jar:3.5.3]
	at org.apache.maven.surefire.booter.ForkedBooter.runSuitesInProcess(ForkedBooter.java:385) ~[surefire-booter-3.5.3.jar:3.5.3]
	at org.apache.maven.surefire.booter.ForkedBooter.execute(ForkedBooter.java:162) ~[surefire-booter-3.5.3.jar:3.5.3]
	at org.apache.maven.surefire.booter.ForkedBooter.run(ForkedBooter.java:507) ~[surefire-booter-3.5.3.jar:3.5.3]
	at org.apache.maven.surefire.booter.ForkedBooter.main(ForkedBooter.java:495) ~[surefire-booter-3.5.3.jar:3.5.3]
Caused by: org.springframework.beans.factory.BeanCreationException: Error creating bean with name 's3Config': Injection of autowired dependencies failed
	at org.springframework.beans.factory.annotation.AutowiredAnnotationBeanPostProcessor.postProcessProperties(AutowiredAnnotationBeanPostProcessor.java:515) ~[spring-beans-6.2.6.jar:6.2.6]
	at org.springframework.beans.factory.support.AbstractAutowireCapableBeanFactory.populateBean(AbstractAutowireCapableBeanFactory.java:1451) ~[spring-beans-6.2.6.jar:6.2.6]
	at org.springframework.beans.factory.support.AbstractAutowireCapableBeanFactory.doCreateBean(AbstractAutowireCapableBeanFactory.java:606) ~[spring-beans-6.2.6.jar:6.2.6]
	at org.springframework.beans.factory.support.AbstractAutowireCapableBeanFactory.createBean(AbstractAutowireCapableBeanFactory.java:529) ~[spring-beans-6.2.6.jar:6.2.6]
	at org.springframework.beans.factory.support.AbstractBeanFactory.lambda$doGetBean$0(AbstractBeanFactory.java:339) ~[spring-beans-6.2.6.jar:6.2.6]
	at org.springframework.beans.factory.support.DefaultSingletonBeanRegistry.getSingleton(DefaultSingletonBeanRegistry.java:371) ~[spring-beans-6.2.6.jar:6.2.6]
	at org.springframework.beans.factory.support.AbstractBeanFactory.doGetBean(AbstractBeanFactory.java:337) ~[spring-beans-6.2.6.jar:6.2.6]
	at org.springframework.beans.factory.support.AbstractBeanFactory.getBean(AbstractBeanFactory.java:202) ~[spring-beans-6.2.6.jar:6.2.6]
	at org.springframework.beans.factory.support.DefaultListableBeanFactory.instantiateSingleton(DefaultListableBeanFactory.java:1221) ~[spring-beans-6.2.6.jar:6.2.6]
	at org.springframework.beans.factory.support.DefaultListableBeanFactory.preInstantiateSingleton(DefaultListableBeanFactory.java:1187) ~[spring-beans-6.2.6.jar:6.2.6]
	at org.springframework.beans.factory.support.DefaultListableBeanFactory.preInstantiateSingletons(DefaultListableBeanFactory.java:1122) ~[spring-beans-6.2.6.jar:6.2.6]
	at org.springframework.context.support.AbstractApplicationContext.finishBeanFactoryInitialization(AbstractApplicationContext.java:987) ~[spring-context-6.2.6.jar:6.2.6]
	at org.springframework.context.support.AbstractApplicationContext.refresh(AbstractApplicationContext.java:627) ~[spring-context-6.2.6.jar:6.2.6]
	at org.springframework.boot.SpringApplication.refresh(SpringApplication.java:753) ~[spring-boot-3.4.5.jar:3.4.5]
	at org.springframework.boot.SpringApplication.refreshContext(SpringApplication.java:439) ~[spring-boot-3.4.5.jar:3.4.5]
	at org.springframework.boot.SpringApplication.run(SpringApplication.java:318) ~[spring-boot-3.4.5.jar:3.4.5]
	at org.springframework.boot.test.context.SpringBootContextLoader.lambda$loadContext$3(SpringBootContextLoader.java:144) ~[spring-boot-test-3.4.5.jar:3.4.5]
	at org.springframework.util.function.ThrowingSupplier.get(ThrowingSupplier.java:58) ~[spring-core-6.2.6.jar:6.2.6]
	at org.springframework.util.function.ThrowingSupplier.get(ThrowingSupplier.java:46) ~[spring-core-6.2.6.jar:6.2.6]
	at org.springframework.boot.SpringApplication.withHook(SpringApplication.java:1462) ~[spring-boot-3.4.5.jar:3.4.5]
	at org.springframework.boot.test.context.SpringBootContextLoader$ContextLoaderHook.run(SpringBootContextLoader.java:563) ~[spring-boot-test-3.4.5.jar:3.4.5]
	at org.springframework.boot.test.context.SpringBootContextLoader.loadContext(SpringBootContextLoader.java:144) ~[spring-boot-test-3.4.5.jar:3.4.5]
	at org.springframework.boot.test.context.SpringBootContextLoader.loadContext(SpringBootContextLoader.java:110) ~[spring-boot-test-3.4.5.jar:3.4.5]
	at org.springframework.test.context.cache.DefaultCacheAwareContextLoaderDelegate.loadContextInternal(DefaultCacheAwareContextLoaderDelegate.java:225) ~[spring-test-6.2.6.jar:6.2.6]
	at org.springframework.test.context.cache.DefaultCacheAwareContextLoaderDelegate.loadContext(DefaultCacheAwareContextLoaderDelegate.java:152) ~[spring-test-6.2.6.jar:6.2.6]
	... 75 common frames omitted
Caused by: org.springframework.util.PlaceholderResolutionException: Could not resolve placeholder 'aws.accessKeyId' in value "${aws.accessKeyId}"
	at org.springframework.util.PlaceholderResolutionException.withValue(PlaceholderResolutionException.java:81) ~[spring-core-6.2.6.jar:6.2.6]
	at org.springframework.util.PlaceholderParser$ParsedValue.resolve(PlaceholderParser.java:423) ~[spring-core-6.2.6.jar:6.2.6]
	at org.springframework.util.PlaceholderParser.replacePlaceholders(PlaceholderParser.java:128) ~[spring-core-6.2.6.jar:6.2.6]
	at org.springframework.util.PropertyPlaceholderHelper.parseStringValue(PropertyPlaceholderHelper.java:118) ~[spring-core-6.2.6.jar:6.2.6]
	at org.springframework.util.PropertyPlaceholderHelper.replacePlaceholders(PropertyPlaceholderHelper.java:114) ~[spring-core-6.2.6.jar:6.2.6]
	at org.springframework.core.env.AbstractPropertyResolver.doResolvePlaceholders(AbstractPropertyResolver.java:255) ~[spring-core-6.2.6.jar:6.2.6]
	at org.springframework.core.env.AbstractPropertyResolver.resolveRequiredPlaceholders(AbstractPropertyResolver.java:226) ~[spring-core-6.2.6.jar:6.2.6]
	at org.springframework.context.support.PropertySourcesPlaceholderConfigurer.lambda$processProperties$0(PropertySourcesPlaceholderConfigurer.java:201) ~[spring-context-6.2.6.jar:6.2.6]
	at org.springframework.beans.factory.support.AbstractBeanFactory.resolveEmbeddedValue(AbstractBeanFactory.java:971) ~[spring-beans-6.2.6.jar:6.2.6]
	at org.springframework.beans.factory.support.DefaultListableBeanFactory.doResolveDependency(DefaultListableBeanFactory.java:1649) ~[spring-beans-6.2.6.jar:6.2.6]
	at org.springframework.beans.factory.support.DefaultListableBeanFactory.resolveDependency(DefaultListableBeanFactory.java:1627) ~[spring-beans-6.2.6.jar:6.2.6]
	at org.springframework.beans.factory.annotation.AutowiredAnnotationBeanPostProcessor$AutowiredFieldElement.resolveFieldValue(AutowiredAnnotationBeanPostProcessor.java:785) ~[spring-beans-6.2.6.jar:6.2.6]
	at org.springframework.beans.factory.annotation.AutowiredAnnotationBeanPostProcessor$AutowiredFieldElement.inject(AutowiredAnnotationBeanPostProcessor.java:768) ~[spring-beans-6.2.6.jar:6.2.6]
	at org.springframework.beans.factory.annotation.InjectionMetadata.inject(InjectionMetadata.java:146) ~[spring-beans-6.2.6.jar:6.2.6]
	at org.springframework.beans.factory.annotation.AutowiredAnnotationBeanPostProcessor.postProcessProperties(AutowiredAnnotationBeanPostProcessor.java:509) ~[spring-beans-6.2.6.jar:6.2.6]
	... 99 common frames omitted

]]></system-out>
    <system-err><![CDATA[


============================
CONDITIONS EVALUATION REPORT
============================


Positive matches:
-----------------

   AopAutoConfiguration matched:
      - @ConditionalOnProperty (spring.aop.auto=true) matched (OnPropertyCondition)

   AopAutoConfiguration.ClassProxyingConfiguration matched:
      - @ConditionalOnMissingClass did not find unwanted class 'org.aspectj.weaver.Advice' (OnClassCondition)
      - @ConditionalOnProperty (spring.aop.proxy-target-class=true) matched (OnPropertyCondition)

   ApplicationAvailabilityAutoConfiguration#applicationAvailability matched:
      - @ConditionalOnMissingBean (types: org.springframework.boot.availability.ApplicationAvailability; SearchStrategy: all) did not find any beans (OnBeanCondition)

   DispatcherServletAutoConfiguration matched:
      - @ConditionalOnClass found required class 'org.springframework.web.servlet.DispatcherServlet' (OnClassCondition)
      - found 'session' scope (OnWebApplicationCondition)

   DispatcherServletAutoConfiguration.DispatcherServletConfiguration matched:
      - @ConditionalOnClass found required class 'jakarta.servlet.ServletRegistration' (OnClassCondition)
      - Default DispatcherServlet did not find dispatcher servlet beans (DispatcherServletAutoConfiguration.DefaultDispatcherServletCondition)

   DispatcherServletAutoConfiguration.DispatcherServletRegistrationConfiguration matched:
      - @ConditionalOnClass found required class 'jakarta.servlet.ServletRegistration' (OnClassCondition)
      - DispatcherServlet Registration did not find servlet registration bean (DispatcherServletAutoConfiguration.DispatcherServletRegistrationCondition)

   DispatcherServletAutoConfiguration.DispatcherServletRegistrationConfiguration#dispatcherServletRegistration matched:
      - @ConditionalOnBean (names: dispatcherServlet types: org.springframework.web.servlet.DispatcherServlet; SearchStrategy: all) found bean 'dispatcherServlet' (OnBeanCondition)

   ErrorMvcAutoConfiguration matched:
      - @ConditionalOnClass found required classes 'jakarta.servlet.Servlet', 'org.springframework.web.servlet.DispatcherServlet' (OnClassCondition)
      - found 'session' scope (OnWebApplicationCondition)

   ErrorMvcAutoConfiguration#basicErrorController matched:
      - @ConditionalOnMissingBean (types: org.springframework.boot.web.servlet.error.ErrorController; SearchStrategy: current) did not find any beans (OnBeanCondition)

   ErrorMvcAutoConfiguration#errorAttributes matched:
      - @ConditionalOnMissingBean (types: org.springframework.boot.web.servlet.error.ErrorAttributes; SearchStrategy: current) did not find any beans (OnBeanCondition)

   ErrorMvcAutoConfiguration.DefaultErrorViewResolverConfiguration#conventionErrorViewResolver matched:
      - @ConditionalOnBean (types: org.springframework.web.servlet.DispatcherServlet; SearchStrategy: all) found bean 'dispatcherServlet'; @ConditionalOnMissingBean (types: org.springframework.boot.autoconfigure.web.servlet.error.ErrorViewResolver; SearchStrategy: all) did not find any beans (OnBeanCondition)

   ErrorMvcAutoConfiguration.WhitelabelErrorViewConfiguration matched:
      - @ConditionalOnProperty (server.error.whitelabel.enabled) matched (OnPropertyCondition)
      - ErrorTemplate Missing did not find error template view (ErrorMvcAutoConfiguration.ErrorTemplateMissingCondition)

   ErrorMvcAutoConfiguration.WhitelabelErrorViewConfiguration#beanNameViewResolver matched:
      - @ConditionalOnMissingBean (types: org.springframework.web.servlet.view.BeanNameViewResolver; SearchStrategy: all) did not find any beans (OnBeanCondition)

   ErrorMvcAutoConfiguration.WhitelabelErrorViewConfiguration#defaultErrorView matched:
      - @ConditionalOnMissingBean (names: error; SearchStrategy: all) did not find any beans (OnBeanCondition)

   GenericCacheConfiguration matched:
      - Cache org.springframework.boot.autoconfigure.cache.GenericCacheConfiguration automatic cache type (CacheCondition)

   HttpClientAutoConfiguration matched:
      - @ConditionalOnClass found required class 'org.springframework.http.client.ClientHttpRequestFactory' (OnClassCondition)
      - NoneNestedConditions 0 matched 1 did not; NestedCondition on NotReactiveWebApplicationCondition.ReactiveWebApplication did not find reactive web application classes (NotReactiveWebApplicationCondition)

   HttpClientAutoConfiguration#clientHttpRequestFactoryBuilder matched:
      - @ConditionalOnMissingBean (types: org.springframework.boot.http.client.ClientHttpRequestFactoryBuilder; SearchStrategy: all) did not find any beans (OnBeanCondition)

   HttpClientAutoConfiguration#clientHttpRequestFactorySettings matched:
      - @ConditionalOnMissingBean (types: org.springframework.boot.http.client.ClientHttpRequestFactorySettings; SearchStrategy: all) did not find any beans (OnBeanCondition)

   HttpEncodingAutoConfiguration matched:
      - @ConditionalOnClass found required class 'org.springframework.web.filter.CharacterEncodingFilter' (OnClassCondition)
      - found 'session' scope (OnWebApplicationCondition)
      - @ConditionalOnProperty (server.servlet.encoding.enabled) matched (OnPropertyCondition)

   HttpEncodingAutoConfiguration#characterEncodingFilter matched:
      - @ConditionalOnMissingBean (types: org.springframework.web.filter.CharacterEncodingFilter; SearchStrategy: all) did not find any beans (OnBeanCondition)

   HttpMessageConvertersAutoConfiguration matched:
      - @ConditionalOnClass found required class 'org.springframework.http.converter.HttpMessageConverter' (OnClassCondition)
      - NoneNestedConditions 0 matched 1 did not; NestedCondition on HttpMessageConvertersAutoConfiguration.NotReactiveWebApplicationCondition.ReactiveWebApplication did not find reactive web application classes (HttpMessageConvertersAutoConfiguration.NotReactiveWebApplicationCondition)

   HttpMessageConvertersAutoConfiguration#messageConverters matched:
      - @ConditionalOnMissingBean (types: org.springframework.boot.autoconfigure.http.HttpMessageConverters; SearchStrategy: all) did not find any beans (OnBeanCondition)

   HttpMessageConvertersAutoConfiguration.StringHttpMessageConverterConfiguration matched:
      - @ConditionalOnClass found required class 'org.springframework.http.converter.StringHttpMessageConverter' (OnClassCondition)

   HttpMessageConvertersAutoConfiguration.StringHttpMessageConverterConfiguration#stringHttpMessageConverter matched:
      - @ConditionalOnMissingBean (types: org.springframework.http.converter.StringHttpMessageConverter; SearchStrategy: all) did not find any beans (OnBeanCondition)

   JacksonAutoConfiguration matched:
      - @ConditionalOnClass found required class 'com.fasterxml.jackson.databind.ObjectMapper' (OnClassCondition)

   JacksonAutoConfiguration.Jackson2ObjectMapperBuilderCustomizerConfiguration matched:
      - @ConditionalOnClass found required class 'org.springframework.http.converter.json.Jackson2ObjectMapperBuilder' (OnClassCondition)

   JacksonAutoConfiguration.JacksonObjectMapperBuilderConfiguration matched:
      - @ConditionalOnClass found required class 'org.springframework.http.converter.json.Jackson2ObjectMapperBuilder' (OnClassCondition)

   JacksonAutoConfiguration.JacksonObjectMapperBuilderConfiguration#jacksonObjectMapperBuilder matched:
      - @ConditionalOnMissingBean (types: org.springframework.http.converter.json.Jackson2ObjectMapperBuilder; SearchStrategy: all) did not find any beans (OnBeanCondition)

   JacksonAutoConfiguration.JacksonObjectMapperConfiguration matched:
      - @ConditionalOnClass found required class 'org.springframework.http.converter.json.Jackson2ObjectMapperBuilder' (OnClassCondition)

   JacksonAutoConfiguration.JacksonObjectMapperConfiguration#jacksonObjectMapper matched:
      - @ConditionalOnMissingBean (types: com.fasterxml.jackson.databind.ObjectMapper; SearchStrategy: all) did not find any beans (OnBeanCondition)

   JacksonAutoConfiguration.ParameterNamesModuleConfiguration matched:
      - @ConditionalOnClass found required class 'com.fasterxml.jackson.module.paramnames.ParameterNamesModule' (OnClassCondition)

   JacksonAutoConfiguration.ParameterNamesModuleConfiguration#parameterNamesModule matched:
      - @ConditionalOnMissingBean (types: com.fasterxml.jackson.module.paramnames.ParameterNamesModule; SearchStrategy: all) did not find any beans (OnBeanCondition)

   JacksonHttpMessageConvertersConfiguration.MappingJackson2HttpMessageConverterConfiguration matched:
      - @ConditionalOnClass found required class 'com.fasterxml.jackson.databind.ObjectMapper' (OnClassCondition)
      - @ConditionalOnProperty (spring.mvc.converters.preferred-json-mapper=jackson) matched (OnPropertyCondition)
      - @ConditionalOnBean (types: com.fasterxml.jackson.databind.ObjectMapper; SearchStrategy: all) found bean 'jacksonObjectMapper' (OnBeanCondition)

   JacksonHttpMessageConvertersConfiguration.MappingJackson2HttpMessageConverterConfiguration#mappingJackson2HttpMessageConverter matched:
      - @ConditionalOnMissingBean (types: org.springframework.http.converter.json.MappingJackson2HttpMessageConverter ignored: org.springframework.hateoas.server.mvc.TypeConstrainedMappingJackson2HttpMessageConverter,org.springframework.data.rest.webmvc.alps.AlpsJsonHttpMessageConverter; SearchStrategy: all) did not find any beans (OnBeanCondition)

   KafkaAnnotationDrivenConfiguration matched:
      - @ConditionalOnClass found required class 'org.springframework.kafka.annotation.EnableKafka' (OnClassCondition)

   KafkaAnnotationDrivenConfiguration#kafkaListenerContainerFactory matched:
      - @ConditionalOnMissingBean (names: kafkaListenerContainerFactory; SearchStrategy: all) did not find any beans (OnBeanCondition)

   KafkaAnnotationDrivenConfiguration#kafkaListenerContainerFactoryConfigurer matched:
      - @ConditionalOnMissingBean (types: org.springframework.boot.autoconfigure.kafka.ConcurrentKafkaListenerContainerFactoryConfigurer; SearchStrategy: all) did not find any beans (OnBeanCondition)
      - @ConditionalOnThreading found PLATFORM (OnThreadingCondition)

   KafkaAnnotationDrivenConfiguration.EnableKafkaConfiguration matched:
      - @ConditionalOnMissingBean (names: org.springframework.kafka.config.internalKafkaListenerAnnotationProcessor; SearchStrategy: all) did not find any beans (OnBeanCondition)

   KafkaAutoConfiguration matched:
      - @ConditionalOnClass found required class 'org.springframework.kafka.core.KafkaTemplate' (OnClassCondition)

   KafkaAutoConfiguration#kafkaAdmin matched:
      - @ConditionalOnMissingBean (types: org.springframework.kafka.core.KafkaAdmin; SearchStrategy: all) did not find any beans (OnBeanCondition)

   KafkaAutoConfiguration#kafkaConnectionDetails matched:
      - @ConditionalOnMissingBean (types: org.springframework.boot.autoconfigure.kafka.KafkaConnectionDetails; SearchStrategy: all) did not find any beans (OnBeanCondition)

   KafkaAutoConfiguration#kafkaConsumerFactory matched:
      - @ConditionalOnMissingBean (types: org.springframework.kafka.core.ConsumerFactory; SearchStrategy: all) did not find any beans (OnBeanCondition)

   KafkaAutoConfiguration#kafkaProducerListener matched:
      - @ConditionalOnMissingBean (types: org.springframework.kafka.support.ProducerListener; SearchStrategy: all) did not find any beans (OnBeanCondition)

   LifecycleAutoConfiguration#defaultLifecycleProcessor matched:
      - @ConditionalOnMissingBean (names: lifecycleProcessor; SearchStrategy: current) did not find any beans (OnBeanCondition)

   MultipartAutoConfiguration matched:
      - @ConditionalOnClass found required classes 'jakarta.servlet.Servlet', 'org.springframework.web.multipart.support.StandardServletMultipartResolver', 'jakarta.servlet.MultipartConfigElement' (OnClassCondition)
      - found 'session' scope (OnWebApplicationCondition)
      - @ConditionalOnProperty (spring.servlet.multipart.enabled) matched (OnPropertyCondition)

   MultipartAutoConfiguration#multipartConfigElement matched:
      - @ConditionalOnMissingBean (types: jakarta.servlet.MultipartConfigElement; SearchStrategy: all) did not find any beans (OnBeanCondition)

   MultipartAutoConfiguration#multipartResolver matched:
      - @ConditionalOnMissingBean (types: org.springframework.web.multipart.MultipartResolver; SearchStrategy: all) did not find any beans (OnBeanCondition)

   NettyAutoConfiguration matched:
      - @ConditionalOnClass found required class 'io.netty.util.NettyRuntime' (OnClassCondition)

   NoOpCacheConfiguration matched:
      - Cache org.springframework.boot.autoconfigure.cache.NoOpCacheConfiguration automatic cache type (CacheCondition)

   OAuth2AuthorizationServerAutoConfiguration matched:
      - @ConditionalOnClass found required class 'org.springframework.security.oauth2.server.authorization.OAuth2Authorization' (OnClassCondition)
      - found 'session' scope (OnWebApplicationCondition)

   OAuth2AuthorizationServerConfiguration#authorizationServerSettings matched:
      - @ConditionalOnMissingBean (types: org.springframework.security.oauth2.server.authorization.settings.AuthorizationServerSettings; SearchStrategy: all) did not find any beans (OnBeanCondition)

   OAuth2AuthorizationServerJwtAutoConfiguration matched:
      - @ConditionalOnClass found required classes 'org.springframework.security.oauth2.server.authorization.OAuth2Authorization', 'com.nimbusds.jose.jwk.source.JWKSource' (OnClassCondition)
      - found 'session' scope (OnWebApplicationCondition)

   OAuth2AuthorizationServerJwtAutoConfiguration#jwkSource matched:
      - @ConditionalOnMissingBean (types: com.nimbusds.jose.jwk.source.JWKSource; SearchStrategy: all) did not find any beans (OnBeanCondition)

   OAuth2AuthorizationServerJwtAutoConfiguration.JwtDecoderConfiguration matched:
      - @ConditionalOnClass found required class 'org.springframework.security.oauth2.jwt.JwtDecoder' (OnClassCondition)

   OAuth2AuthorizationServerJwtAutoConfiguration.JwtDecoderConfiguration#jwtDecoder matched:
      - @ConditionalOnMissingBean (types: org.springframework.security.oauth2.jwt.JwtDecoder; SearchStrategy: all) did not find any beans (OnBeanCondition)

   OAuth2ClientAutoConfiguration matched:
      - @ConditionalOnClass found required classes 'org.springframework.security.config.annotation.web.configuration.EnableWebSecurity', 'org.springframework.security.oauth2.client.registration.ClientRegistration' (OnClassCondition)
      - found 'session' scope (OnWebApplicationCondition)

   OAuth2ResourceServerAutoConfiguration matched:
      - @ConditionalOnClass found required class 'org.springframework.security.oauth2.server.resource.authentication.BearerTokenAuthenticationToken' (OnClassCondition)
      - found 'session' scope (OnWebApplicationCondition)

   OAuth2ResourceServerJwtConfiguration.JwtDecoderConfiguration matched:
      - @ConditionalOnMissingBean (types: org.springframework.security.oauth2.jwt.JwtDecoder; SearchStrategy: all) did not find any beans (OnBeanCondition)

   OAuth2ResourceServerJwtConfiguration.OAuth2SecurityFilterChainConfiguration matched:
      - AllNestedConditions 2 matched 0 did not; NestedCondition on DefaultWebSecurityCondition.Beans @ConditionalOnMissingBean (types: org.springframework.security.web.SecurityFilterChain; SearchStrategy: all) did not find any beans; NestedCondition on DefaultWebSecurityCondition.Classes @ConditionalOnClass found required classes 'org.springframework.security.web.SecurityFilterChain', 'org.springframework.security.config.annotation.web.builders.HttpSecurity' (DefaultWebSecurityCondition)

   OAuth2ResourceServerOpaqueTokenConfiguration.OAuth2SecurityFilterChainConfiguration matched:
      - AllNestedConditions 2 matched 0 did not; NestedCondition on DefaultWebSecurityCondition.Beans @ConditionalOnMissingBean (types: org.springframework.security.web.SecurityFilterChain; SearchStrategy: all) did not find any beans; NestedCondition on DefaultWebSecurityCondition.Classes @ConditionalOnClass found required classes 'org.springframework.security.web.SecurityFilterChain', 'org.springframework.security.config.annotation.web.builders.HttpSecurity' (DefaultWebSecurityCondition)

   OAuth2ResourceServerOpaqueTokenConfiguration.OpaqueTokenIntrospectionClientConfiguration matched:
      - @ConditionalOnMissingBean (types: org.springframework.security.oauth2.server.resource.introspection.OpaqueTokenIntrospector; SearchStrategy: all) did not find any beans (OnBeanCondition)

   Oauth2ResourceServerConfiguration.JwtConfiguration matched:
      - @ConditionalOnClass found required class 'org.springframework.security.oauth2.jwt.JwtDecoder' (OnClassCondition)

   PersistenceExceptionTranslationAutoConfiguration matched:
      - @ConditionalOnClass found required class 'org.springframework.dao.annotation.PersistenceExceptionTranslationPostProcessor' (OnClassCondition)

   PersistenceExceptionTranslationAutoConfiguration#persistenceExceptionTranslationPostProcessor matched:
      - @ConditionalOnProperty (spring.dao.exceptiontranslation.enabled) matched (OnPropertyCondition)
      - @ConditionalOnMissingBean (types: org.springframework.dao.annotation.PersistenceExceptionTranslationPostProcessor; SearchStrategy: all) did not find any beans (OnBeanCondition)

   PropertyPlaceholderAutoConfiguration#propertySourcesPlaceholderConfigurer matched:
      - @ConditionalOnMissingBean (types: org.springframework.context.support.PropertySourcesPlaceholderConfigurer; SearchStrategy: current) did not find any beans (OnBeanCondition)

   RestClientAutoConfiguration matched:
      - @ConditionalOnClass found required class 'org.springframework.web.client.RestClient' (OnClassCondition)
      - NoneNestedConditions 0 matched 1 did not; NestedCondition on NotReactiveWebApplicationCondition.ReactiveWebApplication did not find reactive web application classes (NotReactiveWebApplicationCondition)

   RestClientAutoConfiguration#httpMessageConvertersRestClientCustomizer matched:
      - @ConditionalOnMissingBean (types: org.springframework.boot.autoconfigure.web.client.HttpMessageConvertersRestClientCustomizer; SearchStrategy: all) did not find any beans (OnBeanCondition)

   RestClientAutoConfiguration#restClientBuilder matched:
      - @ConditionalOnMissingBean (types: org.springframework.web.client.RestClient$Builder; SearchStrategy: all) did not find any beans (OnBeanCondition)

   RestClientAutoConfiguration#restClientBuilderConfigurer matched:
      - @ConditionalOnMissingBean (types: org.springframework.boot.autoconfigure.web.client.RestClientBuilderConfigurer; SearchStrategy: all) did not find any beans (OnBeanCondition)

   RestClientAutoConfiguration#restClientSsl matched:
      - @ConditionalOnBean (types: org.springframework.boot.ssl.SslBundles; SearchStrategy: all) found bean 'sslBundleRegistry'; @ConditionalOnMissingBean (types: org.springframework.boot.autoconfigure.web.client.RestClientSsl; SearchStrategy: all) did not find any beans (OnBeanCondition)

   RestTemplateAutoConfiguration matched:
      - @ConditionalOnClass found required class 'org.springframework.web.client.RestTemplate' (OnClassCondition)
      - NoneNestedConditions 0 matched 1 did not; NestedCondition on NotReactiveWebApplicationCondition.ReactiveWebApplication did not find reactive web application classes (NotReactiveWebApplicationCondition)

   RestTemplateAutoConfiguration#restTemplateBuilder matched:
      - @ConditionalOnMissingBean (types: org.springframework.boot.web.client.RestTemplateBuilder; SearchStrategy: all) did not find any beans (OnBeanCondition)

   SecurityAutoConfiguration matched:
      - @ConditionalOnClass found required class 'org.springframework.security.authentication.DefaultAuthenticationEventPublisher' (OnClassCondition)

   SecurityAutoConfiguration#authenticationEventPublisher matched:
      - @ConditionalOnMissingBean (types: org.springframework.security.authentication.AuthenticationEventPublisher; SearchStrategy: all) did not find any beans (OnBeanCondition)

   SecurityFilterAutoConfiguration matched:
      - @ConditionalOnClass found required classes 'org.springframework.security.web.context.AbstractSecurityWebApplicationInitializer', 'org.springframework.security.config.http.SessionCreationPolicy' (OnClassCondition)
      - found 'session' scope (OnWebApplicationCondition)

   SecurityFilterAutoConfiguration#securityFilterChainRegistration matched:
      - @ConditionalOnBean (names: springSecurityFilterChain; SearchStrategy: all) found bean 'springSecurityFilterChain' (OnBeanCondition)

   ServletWebServerFactoryAutoConfiguration matched:
      - @ConditionalOnClass found required class 'jakarta.servlet.ServletRequest' (OnClassCondition)
      - found 'session' scope (OnWebApplicationCondition)

   ServletWebServerFactoryAutoConfiguration#tomcatServletWebServerFactoryCustomizer matched:
      - @ConditionalOnClass found required class 'org.apache.catalina.startup.Tomcat' (OnClassCondition)

   ServletWebServerFactoryConfiguration.EmbeddedTomcat matched:
      - @ConditionalOnClass found required classes 'jakarta.servlet.Servlet', 'org.apache.catalina.startup.Tomcat', 'org.apache.coyote.UpgradeProtocol' (OnClassCondition)
      - @ConditionalOnMissingBean (types: org.springframework.boot.web.servlet.server.ServletWebServerFactory; SearchStrategy: current) did not find any beans (OnBeanCondition)

   SimpleCacheConfiguration matched:
      - Cache org.springframework.boot.autoconfigure.cache.SimpleCacheConfiguration automatic cache type (CacheCondition)

   SpringBootWebSecurityConfiguration matched:
      - found 'session' scope (OnWebApplicationCondition)

   SpringBootWebSecurityConfiguration.SecurityFilterChainConfiguration matched:
      - AllNestedConditions 2 matched 0 did not; NestedCondition on DefaultWebSecurityCondition.Beans @ConditionalOnMissingBean (types: org.springframework.security.web.SecurityFilterChain; SearchStrategy: all) did not find any beans; NestedCondition on DefaultWebSecurityCondition.Classes @ConditionalOnClass found required classes 'org.springframework.security.web.SecurityFilterChain', 'org.springframework.security.config.annotation.web.builders.HttpSecurity' (DefaultWebSecurityCondition)

   SpringBootWebSecurityConfiguration.WebSecurityEnablerConfiguration matched:
      - @ConditionalOnClass found required class 'org.springframework.security.config.annotation.web.configuration.EnableWebSecurity' (OnClassCondition)
      - @ConditionalOnMissingBean (names: springSecurityFilterChain; SearchStrategy: all) did not find any beans (OnBeanCondition)

   SqlInitializationAutoConfiguration matched:
      - @ConditionalOnProperty (spring.sql.init.enabled) matched (OnPropertyCondition)
      - NoneNestedConditions 0 matched 1 did not; NestedCondition on SqlInitializationAutoConfiguration.SqlInitializationModeCondition.ModeIsNever @ConditionalOnProperty (spring.sql.init.mode=never) did not find property 'mode' (SqlInitializationAutoConfiguration.SqlInitializationModeCondition)

   SslAutoConfiguration#sslBundleRegistry matched:
      - @ConditionalOnMissingBean (types: org.springframework.boot.ssl.SslBundleRegistry,org.springframework.boot.ssl.SslBundles; SearchStrategy: all) did not find any beans (OnBeanCondition)

   TaskExecutionAutoConfiguration matched:
      - @ConditionalOnClass found required class 'org.springframework.scheduling.concurrent.ThreadPoolTaskExecutor' (OnClassCondition)

   TaskExecutorConfigurations.SimpleAsyncTaskExecutorBuilderConfiguration#simpleAsyncTaskExecutorBuilder matched:
      - @ConditionalOnMissingBean (types: org.springframework.boot.task.SimpleAsyncTaskExecutorBuilder; SearchStrategy: all) did not find any beans (OnBeanCondition)
      - @ConditionalOnThreading found PLATFORM (OnThreadingCondition)

   TaskExecutorConfigurations.TaskExecutorConfiguration matched:
      - @ConditionalOnMissingBean (types: java.util.concurrent.Executor; SearchStrategy: all) did not find any beans (OnBeanCondition)

   TaskExecutorConfigurations.TaskExecutorConfiguration#applicationTaskExecutor matched:
      - @ConditionalOnThreading found PLATFORM (OnThreadingCondition)

   TaskExecutorConfigurations.ThreadPoolTaskExecutorBuilderConfiguration#threadPoolTaskExecutorBuilder matched:
      - @ConditionalOnMissingBean (types: org.springframework.boot.task.ThreadPoolTaskExecutorBuilder; SearchStrategy: all) did not find any beans (OnBeanCondition)

   TaskSchedulingAutoConfiguration matched:
      - @ConditionalOnClass found required class 'org.springframework.scheduling.concurrent.ThreadPoolTaskScheduler' (OnClassCondition)

   TaskSchedulingConfigurations.SimpleAsyncTaskSchedulerBuilderConfiguration#simpleAsyncTaskSchedulerBuilder matched:
      - @ConditionalOnMissingBean (types: org.springframework.boot.task.SimpleAsyncTaskSchedulerBuilder; SearchStrategy: all) did not find any beans (OnBeanCondition)
      - @ConditionalOnThreading found PLATFORM (OnThreadingCondition)

   TaskSchedulingConfigurations.ThreadPoolTaskSchedulerBuilderConfiguration#threadPoolTaskSchedulerBuilder matched:
      - @ConditionalOnMissingBean (types: org.springframework.boot.task.ThreadPoolTaskSchedulerBuilder; SearchStrategy: all) did not find any beans (OnBeanCondition)

   TransactionAutoConfiguration matched:
      - @ConditionalOnClass found required class 'org.springframework.transaction.PlatformTransactionManager' (OnClassCondition)

   TransactionManagerCustomizationAutoConfiguration matched:
      - @ConditionalOnClass found required class 'org.springframework.transaction.PlatformTransactionManager' (OnClassCondition)

   TransactionManagerCustomizationAutoConfiguration#platformTransactionManagerCustomizers matched:
      - @ConditionalOnMissingBean (types: org.springframework.boot.autoconfigure.transaction.TransactionManagerCustomizers; SearchStrategy: all) did not find any beans (OnBeanCondition)

   WebMvcAutoConfiguration matched:
      - @ConditionalOnClass found required classes 'jakarta.servlet.Servlet', 'org.springframework.web.servlet.DispatcherServlet', 'org.springframework.web.servlet.config.annotation.WebMvcConfigurer' (OnClassCondition)
      - found 'session' scope (OnWebApplicationCondition)
      - @ConditionalOnMissingBean (types: org.springframework.web.servlet.config.annotation.WebMvcConfigurationSupport; SearchStrategy: all) did not find any beans (OnBeanCondition)

   WebMvcAutoConfiguration#formContentFilter matched:
      - @ConditionalOnProperty (spring.mvc.formcontent.filter.enabled) matched (OnPropertyCondition)
      - @ConditionalOnMissingBean (types: org.springframework.web.filter.FormContentFilter; SearchStrategy: all) did not find any beans (OnBeanCondition)

   WebMvcAutoConfiguration.EnableWebMvcConfiguration#flashMapManager matched:
      - @ConditionalOnMissingBean (names: flashMapManager; SearchStrategy: all) did not find any beans (OnBeanCondition)

   WebMvcAutoConfiguration.EnableWebMvcConfiguration#localeResolver matched:
      - @ConditionalOnMissingBean (names: localeResolver; SearchStrategy: all) did not find any beans (OnBeanCondition)

   WebMvcAutoConfiguration.EnableWebMvcConfiguration#themeResolver matched:
      - @ConditionalOnMissingBean (names: themeResolver; SearchStrategy: all) did not find any beans (OnBeanCondition)

   WebMvcAutoConfiguration.EnableWebMvcConfiguration#viewNameTranslator matched:
      - @ConditionalOnMissingBean (names: viewNameTranslator; SearchStrategy: all) did not find any beans (OnBeanCondition)

   WebMvcAutoConfiguration.WebMvcAutoConfigurationAdapter#defaultViewResolver matched:
      - @ConditionalOnMissingBean (types: org.springframework.web.servlet.view.InternalResourceViewResolver; SearchStrategy: all) did not find any beans (OnBeanCondition)

   WebMvcAutoConfiguration.WebMvcAutoConfigurationAdapter#requestContextFilter matched:
      - @ConditionalOnMissingBean (types: org.springframework.web.context.request.RequestContextListener,org.springframework.web.filter.RequestContextFilter; SearchStrategy: all) did not find any beans (OnBeanCondition)

   WebMvcAutoConfiguration.WebMvcAutoConfigurationAdapter#viewResolver matched:
      - @ConditionalOnBean (types: org.springframework.web.servlet.ViewResolver; SearchStrategy: all) found beans 'defaultViewResolver', 'beanNameViewResolver', 'mvcViewResolver'; @ConditionalOnMissingBean (names: viewResolver types: org.springframework.web.servlet.view.ContentNegotiatingViewResolver; SearchStrategy: all) did not find any beans (OnBeanCondition)

   WebSocketServletAutoConfiguration matched:
      - @ConditionalOnClass found required classes 'jakarta.servlet.Servlet', 'jakarta.websocket.server.ServerContainer' (OnClassCondition)
      - found 'session' scope (OnWebApplicationCondition)

   WebSocketServletAutoConfiguration.TomcatWebSocketConfiguration matched:
      - @ConditionalOnClass found required classes 'org.apache.catalina.startup.Tomcat', 'org.apache.tomcat.websocket.server.WsSci' (OnClassCondition)

   WebSocketServletAutoConfiguration.TomcatWebSocketConfiguration#websocketServletWebServerCustomizer matched:
      - @ConditionalOnMissingBean (names: websocketServletWebServerCustomizer; SearchStrategy: all) did not find any beans (OnBeanCondition)


Negative matches:
-----------------

   ActiveMQAutoConfiguration:
      Did not match:
         - @ConditionalOnClass did not find required class 'jakarta.jms.ConnectionFactory' (OnClassCondition)

   AopAutoConfiguration.AspectJAutoProxyingConfiguration:
      Did not match:
         - @ConditionalOnClass did not find required class 'org.aspectj.weaver.Advice' (OnClassCondition)

   ArtemisAutoConfiguration:
      Did not match:
         - @ConditionalOnClass did not find required class 'jakarta.jms.ConnectionFactory' (OnClassCondition)

   BatchAutoConfiguration:
      Did not match:
         - @ConditionalOnClass did not find required class 'org.springframework.batch.core.launch.JobLauncher' (OnClassCondition)

   Cache2kCacheConfiguration:
      Did not match:
         - @ConditionalOnClass did not find required class 'org.cache2k.Cache2kBuilder' (OnClassCondition)

   CacheAutoConfiguration:
      Did not match:
         - @ConditionalOnBean (types: org.springframework.cache.interceptor.CacheAspectSupport; SearchStrategy: all) did not find any beans of type org.springframework.cache.interceptor.CacheAspectSupport (OnBeanCondition)
      Matched:
         - @ConditionalOnClass found required class 'org.springframework.cache.CacheManager' (OnClassCondition)

   CacheAutoConfiguration.CacheManagerEntityManagerFactoryDependsOnPostProcessor:
      Did not match:
         - @ConditionalOnClass did not find required class 'org.springframework.orm.jpa.LocalContainerEntityManagerFactoryBean' (OnClassCondition)
         - Ancestor org.springframework.boot.autoconfigure.cache.CacheAutoConfiguration did not match (ConditionEvaluationReport.AncestorsMatchedCondition)

   CaffeineCacheConfiguration:
      Did not match:
         - @ConditionalOnClass did not find required class 'com.github.benmanes.caffeine.cache.Caffeine' (OnClassCondition)

   CassandraAutoConfiguration:
      Did not match:
         - @ConditionalOnClass did not find required class 'com.datastax.oss.driver.api.core.CqlSession' (OnClassCondition)

   CassandraDataAutoConfiguration:
      Did not match:
         - @ConditionalOnClass did not find required class 'com.datastax.oss.driver.api.core.CqlSession' (OnClassCondition)

   CassandraReactiveDataAutoConfiguration:
      Did not match:
         - @ConditionalOnClass did not find required class 'com.datastax.oss.driver.api.core.CqlSession' (OnClassCondition)

   CassandraReactiveRepositoriesAutoConfiguration:
      Did not match:
         - @ConditionalOnClass did not find required class 'org.springframework.data.cassandra.ReactiveSession' (OnClassCondition)

   CassandraRepositoriesAutoConfiguration:
      Did not match:
         - @ConditionalOnClass did not find required class 'com.datastax.oss.driver.api.core.CqlSession' (OnClassCondition)

   ClientHttpConnectorAutoConfiguration:
      Did not match:
         - @ConditionalOnClass did not find required class 'org.springframework.web.reactive.function.client.WebClient' (OnClassCondition)

   CodecsAutoConfiguration:
      Did not match:
         - @ConditionalOnClass did not find required class 'org.springframework.web.reactive.function.client.WebClient' (OnClassCondition)

   CouchbaseAutoConfiguration:
      Did not match:
         - @ConditionalOnClass did not find required class 'com.couchbase.client.java.Cluster' (OnClassCondition)

   CouchbaseCacheConfiguration:
      Did not match:
         - @ConditionalOnClass did not find required class 'com.couchbase.client.java.Cluster' (OnClassCondition)

   CouchbaseDataAutoConfiguration:
      Did not match:
         - @ConditionalOnClass did not find required class 'com.couchbase.client.java.Bucket' (OnClassCondition)

   CouchbaseReactiveDataAutoConfiguration:
      Did not match:
         - @ConditionalOnClass did not find required class 'com.couchbase.client.java.Cluster' (OnClassCondition)

   CouchbaseReactiveRepositoriesAutoConfiguration:
      Did not match:
         - @ConditionalOnClass did not find required class 'com.couchbase.client.java.Cluster' (OnClassCondition)

   CouchbaseRepositoriesAutoConfiguration:
      Did not match:
         - @ConditionalOnClass did not find required class 'com.couchbase.client.java.Bucket' (OnClassCondition)

   DataSourceAutoConfiguration:
      Did not match:
         - @ConditionalOnClass did not find required class 'org.springframework.jdbc.datasource.embedded.EmbeddedDatabaseType' (OnClassCondition)

   DataSourceInitializationConfiguration:
      Did not match:
         - @ConditionalOnClass did not find required class 'org.springframework.jdbc.datasource.init.DatabasePopulator' (OnClassCondition)

   DataSourceTransactionManagerAutoConfiguration:
      Did not match:
         - @ConditionalOnClass did not find required class 'org.springframework.jdbc.core.JdbcTemplate' (OnClassCondition)

   DispatcherServletAutoConfiguration.DispatcherServletConfiguration#multipartResolver:
      Did not match:
         - @ConditionalOnBean (types: org.springframework.web.multipart.MultipartResolver; SearchStrategy: all) did not find any beans of type org.springframework.web.multipart.MultipartResolver (OnBeanCondition)

   ElasticsearchClientAutoConfiguration:
      Did not match:
         - @ConditionalOnClass did not find required class 'co.elastic.clients.elasticsearch.ElasticsearchClient' (OnClassCondition)

   ElasticsearchDataAutoConfiguration:
      Did not match:
         - @ConditionalOnClass did not find required class 'org.springframework.data.elasticsearch.client.elc.ElasticsearchTemplate' (OnClassCondition)

   ElasticsearchRepositoriesAutoConfiguration:
      Did not match:
         - @ConditionalOnClass did not find required class 'org.springframework.data.elasticsearch.repository.ElasticsearchRepository' (OnClassCondition)

   ElasticsearchRestClientAutoConfiguration:
      Did not match:
         - @ConditionalOnClass did not find required class 'org.elasticsearch.client.RestClientBuilder' (OnClassCondition)

   EmbeddedLdapAutoConfiguration:
      Did not match:
         - @ConditionalOnClass did not find required class 'com.unboundid.ldap.listener.InMemoryDirectoryServer' (OnClassCondition)

   EmbeddedWebServerFactoryCustomizerAutoConfiguration:
      Did not match:
         - Application is deployed as a WAR file. (OnWarDeploymentCondition)
      Matched:
         - @ConditionalOnWebApplication (required) found 'session' scope (OnWebApplicationCondition)

   ErrorWebFluxAutoConfiguration:
      Did not match:
         - @ConditionalOnClass did not find required class 'org.springframework.web.reactive.config.WebFluxConfigurer' (OnClassCondition)

   FlywayAutoConfiguration:
      Did not match:
         - @ConditionalOnClass did not find required class 'org.flywaydb.core.Flyway' (OnClassCondition)

   FreeMarkerAutoConfiguration:
      Did not match:
         - @ConditionalOnClass did not find required class 'freemarker.template.Configuration' (OnClassCondition)

   GraphQlAutoConfiguration:
      Did not match:
         - @ConditionalOnClass did not find required class 'graphql.GraphQL' (OnClassCondition)

   GraphQlQueryByExampleAutoConfiguration:
      Did not match:
         - @ConditionalOnClass did not find required class 'graphql.GraphQL' (OnClassCondition)

   GraphQlQuerydslAutoConfiguration:
      Did not match:
         - @ConditionalOnClass did not find required class 'com.querydsl.core.Query' (OnClassCondition)

   GraphQlRSocketAutoConfiguration:
      Did not match:
         - @ConditionalOnClass did not find required class 'graphql.GraphQL' (OnClassCondition)

   GraphQlReactiveQueryByExampleAutoConfiguration:
      Did not match:
         - @ConditionalOnClass did not find required class 'graphql.GraphQL' (OnClassCondition)

   GraphQlReactiveQuerydslAutoConfiguration:
      Did not match:
         - @ConditionalOnClass did not find required class 'com.querydsl.core.Query' (OnClassCondition)

   GraphQlWebFluxAutoConfiguration:
      Did not match:
         - @ConditionalOnClass did not find required class 'graphql.GraphQL' (OnClassCondition)

   GraphQlWebFluxSecurityAutoConfiguration:
      Did not match:
         - @ConditionalOnClass did not find required class 'graphql.GraphQL' (OnClassCondition)

   GraphQlWebMvcAutoConfiguration:
      Did not match:
         - @ConditionalOnClass did not find required class 'graphql.GraphQL' (OnClassCondition)

   GraphQlWebMvcSecurityAutoConfiguration:
      Did not match:
         - @ConditionalOnClass did not find required class 'graphql.GraphQL' (OnClassCondition)

   GroovyTemplateAutoConfiguration:
      Did not match:
         - @ConditionalOnClass did not find required class 'groovy.text.markup.MarkupTemplateEngine' (OnClassCondition)

   GsonAutoConfiguration:
      Did not match:
         - @ConditionalOnClass did not find required class 'com.google.gson.Gson' (OnClassCondition)

   GsonHttpMessageConvertersConfiguration:
      Did not match:
         - @ConditionalOnClass did not find required class 'com.google.gson.Gson' (OnClassCondition)

   H2ConsoleAutoConfiguration:
      Did not match:
         - @ConditionalOnClass did not find required class 'org.h2.server.web.JakartaWebServlet' (OnClassCondition)

   HazelcastAutoConfiguration:
      Did not match:
         - @ConditionalOnClass did not find required class 'com.hazelcast.core.HazelcastInstance' (OnClassCondition)

   HazelcastCacheConfiguration:
      Did not match:
         - @ConditionalOnClass did not find required class 'com.hazelcast.core.HazelcastInstance' (OnClassCondition)

   HazelcastJpaDependencyAutoConfiguration:
      Did not match:
         - @ConditionalOnClass did not find required class 'com.hazelcast.core.HazelcastInstance' (OnClassCondition)

   HibernateJpaAutoConfiguration:
      Did not match:
         - @ConditionalOnClass did not find required class 'jakarta.persistence.EntityManager' (OnClassCondition)

   HttpHandlerAutoConfiguration:
      Did not match:
         - @ConditionalOnClass did not find required class 'org.springframework.web.reactive.DispatcherHandler' (OnClassCondition)

   HypermediaAutoConfiguration:
      Did not match:
         - @ConditionalOnClass did not find required class 'org.springframework.hateoas.EntityModel' (OnClassCondition)

   InfinispanCacheConfiguration:
      Did not match:
         - @ConditionalOnClass did not find required class 'org.infinispan.spring.embedded.provider.SpringEmbeddedCacheManager' (OnClassCondition)

   IntegrationAutoConfiguration:
      Did not match:
         - @ConditionalOnClass did not find required class 'org.springframework.integration.config.EnableIntegration' (OnClassCondition)

   JCacheCacheConfiguration:
      Did not match:
         - @ConditionalOnClass did not find required class 'javax.cache.Caching' (OnClassCondition)

   JacksonHttpMessageConvertersConfiguration.MappingJackson2XmlHttpMessageConverterConfiguration:
      Did not match:
         - @ConditionalOnClass did not find required class 'com.fasterxml.jackson.dataformat.xml.XmlMapper' (OnClassCondition)

   JdbcClientAutoConfiguration:
      Did not match:
         - @ConditionalOnSingleCandidate did not find required type 'org.springframework.jdbc.core.namedparam.NamedParameterJdbcTemplate' (OnBeanCondition)

   JdbcRepositoriesAutoConfiguration:
      Did not match:
         - @ConditionalOnClass did not find required class 'org.springframework.data.jdbc.repository.config.AbstractJdbcConfiguration' (OnClassCondition)

   JdbcTemplateAutoConfiguration:
      Did not match:
         - @ConditionalOnClass did not find required class 'org.springframework.jdbc.core.JdbcTemplate' (OnClassCondition)

   JerseyAutoConfiguration:
      Did not match:
         - @ConditionalOnClass did not find required class 'org.glassfish.jersey.server.spring.SpringComponentProvider' (OnClassCondition)

   JmsAutoConfiguration:
      Did not match:
         - @ConditionalOnClass did not find required class 'jakarta.jms.Message' (OnClassCondition)

   JmxAutoConfiguration:
      Did not match:
         - @ConditionalOnProperty (spring.jmx.enabled=true) found different value in property 'enabled' (OnPropertyCondition)
      Matched:
         - @ConditionalOnClass found required class 'org.springframework.jmx.export.MBeanExporter' (OnClassCondition)

   JndiConnectionFactoryAutoConfiguration:
      Did not match:
         - @ConditionalOnClass did not find required class 'org.springframework.jms.core.JmsTemplate' (OnClassCondition)

   JndiDataSourceAutoConfiguration:
      Did not match:
         - @ConditionalOnClass did not find required class 'org.springframework.jdbc.datasource.embedded.EmbeddedDatabaseType' (OnClassCondition)

   JooqAutoConfiguration:
      Did not match:
         - @ConditionalOnClass did not find required class 'org.jooq.DSLContext' (OnClassCondition)

   JpaRepositoriesAutoConfiguration:
      Did not match:
         - @ConditionalOnClass did not find required class 'org.springframework.data.jpa.repository.JpaRepository' (OnClassCondition)

   JsonbAutoConfiguration:
      Did not match:
         - @ConditionalOnClass did not find required class 'jakarta.json.bind.Jsonb' (OnClassCondition)

   JsonbHttpMessageConvertersConfiguration:
      Did not match:
         - @ConditionalOnClass did not find required class 'jakarta.json.bind.Jsonb' (OnClassCondition)

   JtaAutoConfiguration:
      Did not match:
         - @ConditionalOnClass did not find required class 'jakarta.transaction.Transaction' (OnClassCondition)

   KafkaAnnotationDrivenConfiguration#kafkaListenerContainerFactoryConfigurerVirtualThreads:
      Did not match:
         - @ConditionalOnMissingBean (types: org.springframework.boot.autoconfigure.kafka.ConcurrentKafkaListenerContainerFactoryConfigurer; SearchStrategy: all) found beans of type 'org.springframework.boot.autoconfigure.kafka.ConcurrentKafkaListenerContainerFactoryConfigurer' kafkaListenerContainerFactoryConfigurer (OnBeanCondition)

   KafkaAutoConfiguration#kafkaJaasInitializer:
      Did not match:
         - @ConditionalOnProperty (spring.kafka.jaas.enabled) did not find property 'spring.kafka.jaas.enabled' (OnPropertyCondition)

   KafkaAutoConfiguration#kafkaProducerFactory:
      Did not match:
         - @ConditionalOnMissingBean (types: org.springframework.kafka.core.ProducerFactory; SearchStrategy: all) found beans of type 'org.springframework.kafka.core.ProducerFactory' kafkaProducerMap (OnBeanCondition)

   KafkaAutoConfiguration#kafkaRetryTopicConfiguration:
      Did not match:
         - @ConditionalOnProperty (spring.kafka.retry.topic.enabled) did not find property 'spring.kafka.retry.topic.enabled' (OnPropertyCondition)

   KafkaAutoConfiguration#kafkaTemplate:
      Did not match:
         - @ConditionalOnMissingBean (types: org.springframework.kafka.core.KafkaTemplate; SearchStrategy: all) found beans of type 'org.springframework.kafka.core.KafkaTemplate' kafkaTemplate (OnBeanCondition)

   KafkaAutoConfiguration#kafkaTransactionManager:
      Did not match:
         - @ConditionalOnProperty (spring.kafka.producer.transaction-id-prefix) did not find property 'spring.kafka.producer.transaction-id-prefix' (OnPropertyCondition)

   KafkaStreamsAnnotationDrivenConfiguration:
      Did not match:
         - @ConditionalOnClass did not find required class 'org.apache.kafka.streams.StreamsBuilder' (OnClassCondition)

   LdapAutoConfiguration:
      Did not match:
         - @ConditionalOnClass did not find required class 'org.springframework.ldap.core.ContextSource' (OnClassCondition)

   LdapRepositoriesAutoConfiguration:
      Did not match:
         - @ConditionalOnClass did not find required class 'org.springframework.data.ldap.repository.LdapRepository' (OnClassCondition)

   LiquibaseAutoConfiguration:
      Did not match:
         - @ConditionalOnClass did not find required class 'liquibase.change.DatabaseChange' (OnClassCondition)

   MailSenderAutoConfiguration:
      Did not match:
         - @ConditionalOnClass did not find required class 'jakarta.mail.internet.MimeMessage' (OnClassCondition)

   MailSenderValidatorAutoConfiguration:
      Did not match:
         - @ConditionalOnSingleCandidate did not find required type 'org.springframework.mail.javamail.JavaMailSenderImpl' (OnBeanCondition)

   MessageSourceAutoConfiguration:
      Did not match:
         - ResourceBundle did not find bundle with basename messages (MessageSourceAutoConfiguration.ResourceBundleCondition)

   MongoAutoConfiguration:
      Did not match:
         - @ConditionalOnClass did not find required class 'com.mongodb.client.MongoClient' (OnClassCondition)

   MongoDataAutoConfiguration:
      Did not match:
         - @ConditionalOnClass did not find required class 'com.mongodb.client.MongoClient' (OnClassCondition)

   MongoReactiveAutoConfiguration:
      Did not match:
         - @ConditionalOnClass did not find required class 'com.mongodb.reactivestreams.client.MongoClient' (OnClassCondition)

   MongoReactiveDataAutoConfiguration:
      Did not match:
         - @ConditionalOnClass did not find required class 'com.mongodb.reactivestreams.client.MongoClient' (OnClassCondition)

   MongoReactiveRepositoriesAutoConfiguration:
      Did not match:
         - @ConditionalOnClass did not find required class 'com.mongodb.reactivestreams.client.MongoClient' (OnClassCondition)

   MongoRepositoriesAutoConfiguration:
      Did not match:
         - @ConditionalOnClass did not find required class 'com.mongodb.client.MongoClient' (OnClassCondition)

   MustacheAutoConfiguration:
      Did not match:
         - @ConditionalOnClass did not find required class 'com.samskivert.mustache.Mustache' (OnClassCondition)

   Neo4jAutoConfiguration:
      Did not match:
         - @ConditionalOnClass did not find required class 'org.neo4j.driver.Driver' (OnClassCondition)

   Neo4jDataAutoConfiguration:
      Did not match:
         - @ConditionalOnClass did not find required class 'org.neo4j.driver.Driver' (OnClassCondition)

   Neo4jReactiveDataAutoConfiguration:
      Did not match:
         - @ConditionalOnClass did not find required class 'org.neo4j.driver.Driver' (OnClassCondition)

   Neo4jReactiveRepositoriesAutoConfiguration:
      Did not match:
         - @ConditionalOnClass did not find required class 'org.neo4j.driver.Driver' (OnClassCondition)

   Neo4jRepositoriesAutoConfiguration:
      Did not match:
         - @ConditionalOnClass did not find required class 'org.neo4j.driver.Driver' (OnClassCondition)

   OAuth2AuthorizationServerConfiguration#registeredClientRepository:
      Did not match:
         - OAuth2 Registered Clients Configured Condition registered clients is not available (RegisteredClientsConfiguredCondition)

   OAuth2AuthorizationServerWebSecurityConfiguration:
      Did not match:
         - @ConditionalOnBean (types: org.springframework.security.oauth2.server.authorization.client.RegisteredClientRepository,org.springframework.security.oauth2.server.authorization.settings.AuthorizationServerSettings; SearchStrategy: all) did not find any beans of type org.springframework.security.oauth2.server.authorization.client.RegisteredClientRepository (OnBeanCondition)
      Matched:
         - AllNestedConditions 2 matched 0 did not; NestedCondition on DefaultWebSecurityCondition.Beans @ConditionalOnMissingBean (types: org.springframework.security.web.SecurityFilterChain; SearchStrategy: all) did not find any beans; NestedCondition on DefaultWebSecurityCondition.Classes @ConditionalOnClass found required classes 'org.springframework.security.web.SecurityFilterChain', 'org.springframework.security.config.annotation.web.builders.HttpSecurity' (DefaultWebSecurityCondition)

   OAuth2ClientRegistrationRepositoryConfiguration:
      Did not match:
         - OAuth2 Clients Configured Condition registered clients is not available (ClientsConfiguredCondition)

   OAuth2ResourceServerJwtConfiguration.JwtConverterConfiguration:
      Did not match:
         - AnyNestedCondition 0 matched 3 did not; NestedCondition on OAuth2ResourceServerJwtConfiguration.JwtConverterPropertiesCondition.OnAuthoritiesClaimName @ConditionalOnProperty (spring.security.oauth2.resourceserver.jwt.authorities-claim-name) did not find property 'authorities-claim-name'; NestedCondition on OAuth2ResourceServerJwtConfiguration.JwtConverterPropertiesCondition.OnPrincipalClaimName @ConditionalOnProperty (spring.security.oauth2.resourceserver.jwt.principal-claim-name) did not find property 'principal-claim-name'; NestedCondition on OAuth2ResourceServerJwtConfiguration.JwtConverterPropertiesCondition.OnAuthorityPrefix @ConditionalOnProperty (spring.security.oauth2.resourceserver.jwt.authority-prefix) did not find property 'authority-prefix' (OAuth2ResourceServerJwtConfiguration.JwtConverterPropertiesCondition)

   OAuth2ResourceServerJwtConfiguration.JwtDecoderConfiguration#jwtDecoderByIssuerUri:
      Did not match:
         - OpenID Connect Issuer URI Condition did not find issuer-uri property (IssuerUriCondition)

   OAuth2ResourceServerJwtConfiguration.JwtDecoderConfiguration#jwtDecoderByJwkKeySetUri:
      Did not match:
         - @ConditionalOnProperty (spring.security.oauth2.resourceserver.jwt.jwk-set-uri) did not find property 'spring.security.oauth2.resourceserver.jwt.jwk-set-uri' (OnPropertyCondition)

   OAuth2ResourceServerJwtConfiguration.JwtDecoderConfiguration#jwtDecoderByPublicKeyValue:
      Did not match:
         - Public Key Value Condition did not find public-key-location property (KeyValueCondition)

   OAuth2ResourceServerJwtConfiguration.OAuth2SecurityFilterChainConfiguration#jwtSecurityFilterChain:
      Did not match:
         - @ConditionalOnBean (types: org.springframework.security.oauth2.jwt.JwtDecoder; SearchStrategy: all) did not find any beans of type org.springframework.security.oauth2.jwt.JwtDecoder (OnBeanCondition)

   OAuth2ResourceServerOpaqueTokenConfiguration.OAuth2SecurityFilterChainConfiguration#opaqueTokenSecurityFilterChain:
      Did not match:
         - @ConditionalOnBean (types: org.springframework.security.oauth2.server.resource.introspection.OpaqueTokenIntrospector; SearchStrategy: all) did not find any beans of type org.springframework.security.oauth2.server.resource.introspection.OpaqueTokenIntrospector (OnBeanCondition)

   OAuth2ResourceServerOpaqueTokenConfiguration.OpaqueTokenIntrospectionClientConfiguration#opaqueTokenIntrospector:
      Did not match:
         - @ConditionalOnProperty (spring.security.oauth2.resourceserver.opaquetoken.introspection-uri) did not find property 'spring.security.oauth2.resourceserver.opaquetoken.introspection-uri' (OnPropertyCondition)

   OAuth2WebSecurityConfiguration:
      Did not match:
         - @ConditionalOnBean (types: org.springframework.security.oauth2.client.registration.ClientRegistrationRepository; SearchStrategy: all) did not find any beans of type org.springframework.security.oauth2.client.registration.ClientRegistrationRepository (OnBeanCondition)

   ProjectInfoAutoConfiguration#buildProperties:
      Did not match:
         - @ConditionalOnResource did not find resource '${spring.info.build.location:classpath:META-INF/build-info.properties}' (OnResourceCondition)

   ProjectInfoAutoConfiguration#gitProperties:
      Did not match:
         - GitResource did not find git info at classpath:git.properties (ProjectInfoAutoConfiguration.GitResourceAvailableCondition)

   PulsarAutoConfiguration:
      Did not match:
         - @ConditionalOnClass did not find required class 'org.apache.pulsar.client.api.PulsarClient' (OnClassCondition)

   PulsarReactiveAutoConfiguration:
      Did not match:
         - @ConditionalOnClass did not find required class 'org.apache.pulsar.client.api.PulsarClient' (OnClassCondition)

   QuartzAutoConfiguration:
      Did not match:
         - @ConditionalOnClass did not find required class 'org.quartz.Scheduler' (OnClassCondition)

   R2dbcAutoConfiguration:
      Did not match:
         - @ConditionalOnClass did not find required class 'io.r2dbc.spi.ConnectionFactory' (OnClassCondition)

   R2dbcDataAutoConfiguration:
      Did not match:
         - @ConditionalOnClass did not find required class 'org.springframework.data.r2dbc.core.R2dbcEntityTemplate' (OnClassCondition)

   R2dbcInitializationConfiguration:
      Did not match:
         - @ConditionalOnClass did not find required classes 'io.r2dbc.spi.ConnectionFactory', 'org.springframework.r2dbc.connection.init.DatabasePopulator' (OnClassCondition)

   R2dbcProxyAutoConfiguration:
      Did not match:
         - @ConditionalOnClass did not find required class 'io.r2dbc.proxy.ProxyConnectionFactory' (OnClassCondition)

   R2dbcRepositoriesAutoConfiguration:
      Did not match:
         - @ConditionalOnClass did not find required class 'io.r2dbc.spi.ConnectionFactory' (OnClassCondition)

   R2dbcTransactionManagerAutoConfiguration:
      Did not match:
         - @ConditionalOnClass did not find required class 'org.springframework.r2dbc.connection.R2dbcTransactionManager' (OnClassCondition)

   RSocketGraphQlClientAutoConfiguration:
      Did not match:
         - @ConditionalOnClass did not find required class 'graphql.GraphQL' (OnClassCondition)

   RSocketMessagingAutoConfiguration:
      Did not match:
         - @ConditionalOnClass did not find required class 'io.rsocket.RSocket' (OnClassCondition)

   RSocketRequesterAutoConfiguration:
      Did not match:
         - @ConditionalOnClass did not find required class 'io.rsocket.RSocket' (OnClassCondition)

   RSocketSecurityAutoConfiguration:
      Did not match:
         - @ConditionalOnClass did not find required class 'org.springframework.security.rsocket.core.SecuritySocketAcceptorInterceptor' (OnClassCondition)

   RSocketServerAutoConfiguration:
      Did not match:
         - @ConditionalOnClass did not find required class 'io.rsocket.core.RSocketServer' (OnClassCondition)

   RSocketStrategiesAutoConfiguration:
      Did not match:
         - @ConditionalOnClass did not find required class 'io.rsocket.RSocket' (OnClassCondition)

   RabbitAutoConfiguration:
      Did not match:
         - @ConditionalOnClass did not find required class 'com.rabbitmq.client.Channel' (OnClassCondition)

   ReactiveElasticsearchClientAutoConfiguration:
      Did not match:
         - @ConditionalOnClass did not find required class 'co.elastic.clients.transport.ElasticsearchTransport' (OnClassCondition)

   ReactiveElasticsearchRepositoriesAutoConfiguration:
      Did not match:
         - @ConditionalOnClass did not find required class 'reactor.core.publisher.Mono' (OnClassCondition)

   ReactiveMultipartAutoConfiguration:
      Did not match:
         - @ConditionalOnClass did not find required class 'org.springframework.web.reactive.config.WebFluxConfigurer' (OnClassCondition)

   ReactiveOAuth2ClientAutoConfiguration:
      Did not match:
         - @ConditionalOnClass did not find required class 'reactor.core.publisher.Flux' (OnClassCondition)

   ReactiveOAuth2ResourceServerAutoConfiguration:
      Did not match:
         - @ConditionalOnWebApplication did not find reactive web application classes (OnWebApplicationCondition)

   ReactiveSecurityAutoConfiguration:
      Did not match:
         - @ConditionalOnClass did not find required class 'reactor.core.publisher.Flux' (OnClassCondition)

   ReactiveUserDetailsServiceAutoConfiguration:
      Did not match:
         - AnyNestedCondition 0 matched 3 did not; NestedCondition on ReactiveUserDetailsServiceAutoConfiguration.MissingAlternativeOrUserPropertiesConfigured.PasswordConfigured @ConditionalOnProperty (spring.security.user.password) did not find property 'password'; NestedCondition on ReactiveUserDetailsServiceAutoConfiguration.MissingAlternativeOrUserPropertiesConfigured.NameConfigured @ConditionalOnProperty (spring.security.user.name) did not find property 'name'; NestedCondition on ReactiveUserDetailsServiceAutoConfiguration.MissingAlternativeOrUserPropertiesConfigured.MissingAlternative @ConditionalOnMissingClass found unwanted classes 'org.springframework.security.oauth2.client.registration.ClientRegistrationRepository', 'org.springframework.security.oauth2.server.resource.introspection.ReactiveOpaqueTokenIntrospector' (ReactiveUserDetailsServiceAutoConfiguration.MissingAlternativeOrUserPropertiesConfigured)
      Matched:
         - @ConditionalOnClass found required class 'org.springframework.security.authentication.ReactiveAuthenticationManager' (OnClassCondition)

   ReactiveWebServerFactoryAutoConfiguration:
      Did not match:
         - @ConditionalOnWebApplication did not find reactive web application classes (OnWebApplicationCondition)

   ReactorAutoConfiguration:
      Did not match:
         - @ConditionalOnClass did not find required class 'reactor.core.publisher.Hooks' (OnClassCondition)

   RedisAutoConfiguration:
      Did not match:
         - @ConditionalOnClass did not find required class 'org.springframework.data.redis.core.RedisOperations' (OnClassCondition)

   RedisCacheConfiguration:
      Did not match:
         - @ConditionalOnClass did not find required class 'org.springframework.data.redis.connection.RedisConnectionFactory' (OnClassCondition)

   RedisReactiveAutoConfiguration:
      Did not match:
         - @ConditionalOnClass did not find required class 'reactor.core.publisher.Flux' (OnClassCondition)

   RedisRepositoriesAutoConfiguration:
      Did not match:
         - @ConditionalOnClass did not find required class 'org.springframework.data.redis.repository.configuration.EnableRedisRepositories' (OnClassCondition)

   RepositoryRestMvcAutoConfiguration:
      Did not match:
         - @ConditionalOnClass did not find required class 'org.springframework.data.rest.webmvc.config.RepositoryRestMvcConfiguration' (OnClassCondition)

   Saml2RelyingPartyAutoConfiguration:
      Did not match:
         - @ConditionalOnClass did not find required class 'org.springframework.security.saml2.provider.service.registration.RelyingPartyRegistrationRepository' (OnClassCondition)

   SecurityDataConfiguration:
      Did not match:
         - @ConditionalOnClass did not find required class 'org.springframework.security.data.repository.query.SecurityEvaluationContextExtension' (OnClassCondition)

   SendGridAutoConfiguration:
      Did not match:
         - @ConditionalOnClass did not find required class 'com.sendgrid.SendGrid' (OnClassCondition)

   ServletWebServerFactoryAutoConfiguration.ForwardedHeaderFilterConfiguration:
      Did not match:
         - @ConditionalOnProperty (server.forward-headers-strategy=framework) did not find property 'server.forward-headers-strategy' (OnPropertyCondition)

   ServletWebServerFactoryConfiguration.EmbeddedJetty:
      Did not match:
         - @ConditionalOnClass did not find required classes 'org.eclipse.jetty.server.Server', 'org.eclipse.jetty.util.Loader', 'org.eclipse.jetty.ee10.webapp.WebAppContext' (OnClassCondition)

   ServletWebServerFactoryConfiguration.EmbeddedUndertow:
      Did not match:
         - @ConditionalOnClass did not find required classes 'io.undertow.Undertow', 'org.xnio.SslClientAuthMode' (OnClassCondition)

   SessionAutoConfiguration:
      Did not match:
         - @ConditionalOnClass did not find required class 'org.springframework.session.Session' (OnClassCondition)

   SpringApplicationAdminJmxAutoConfiguration:
      Did not match:
         - @ConditionalOnProperty (spring.application.admin.enabled=true) did not find property 'enabled' (OnPropertyCondition)

   SpringDataWebAutoConfiguration:
      Did not match:
         - @ConditionalOnClass did not find required class 'org.springframework.data.web.PageableHandlerMethodArgumentResolver' (OnClassCondition)

   TaskExecutorConfigurations.SimpleAsyncTaskExecutorBuilderConfiguration#simpleAsyncTaskExecutorBuilderVirtualThreads:
      Did not match:
         - @ConditionalOnMissingBean (types: org.springframework.boot.task.SimpleAsyncTaskExecutorBuilder; SearchStrategy: all) found beans of type 'org.springframework.boot.task.SimpleAsyncTaskExecutorBuilder' simpleAsyncTaskExecutorBuilder (OnBeanCondition)

   TaskExecutorConfigurations.TaskExecutorConfiguration#applicationTaskExecutorVirtualThreads:
      Did not match:
         - @ConditionalOnThreading did not find VIRTUAL (OnThreadingCondition)

   TaskSchedulingAutoConfiguration#scheduledBeanLazyInitializationExcludeFilter:
      Did not match:
         - @ConditionalOnBean (names: org.springframework.context.annotation.internalScheduledAnnotationProcessor; SearchStrategy: all) did not find any beans named org.springframework.context.annotation.internalScheduledAnnotationProcessor (OnBeanCondition)

   TaskSchedulingConfigurations.SimpleAsyncTaskSchedulerBuilderConfiguration#simpleAsyncTaskSchedulerBuilderVirtualThreads:
      Did not match:
         - @ConditionalOnMissingBean (types: org.springframework.boot.task.SimpleAsyncTaskSchedulerBuilder; SearchStrategy: all) found beans of type 'org.springframework.boot.task.SimpleAsyncTaskSchedulerBuilder' simpleAsyncTaskSchedulerBuilder (OnBeanCondition)

   TaskSchedulingConfigurations.TaskSchedulerConfiguration:
      Did not match:
         - @ConditionalOnBean (names: org.springframework.context.annotation.internalScheduledAnnotationProcessor; SearchStrategy: all) did not find any beans named org.springframework.context.annotation.internalScheduledAnnotationProcessor (OnBeanCondition)

   ThymeleafAutoConfiguration:
      Did not match:
         - @ConditionalOnClass did not find required class 'org.thymeleaf.spring6.SpringTemplateEngine' (OnClassCondition)

   TransactionAutoConfiguration#transactionalOperator:
      Did not match:
         - @ConditionalOnSingleCandidate (types: org.springframework.transaction.ReactiveTransactionManager; SearchStrategy: all) did not find any beans (OnBeanCondition)

   TransactionAutoConfiguration.AspectJTransactionManagementConfiguration:
      Did not match:
         - @ConditionalOnBean did not find required type 'org.springframework.transaction.aspectj.AbstractTransactionAspect' (OnBeanCondition)
         - @ConditionalOnBean (types: org.springframework.transaction.aspectj.AbstractTransactionAspect; SearchStrategy: all) did not find any beans of type org.springframework.transaction.aspectj.AbstractTransactionAspect (OnBeanCondition)

   TransactionAutoConfiguration.EnableTransactionManagementConfiguration:
      Did not match:
         - @ConditionalOnBean (types: org.springframework.transaction.TransactionManager; SearchStrategy: all) did not find any beans of type org.springframework.transaction.TransactionManager (OnBeanCondition)

   TransactionAutoConfiguration.EnableTransactionManagementConfiguration.CglibAutoProxyConfiguration:
      Did not match:
         - Ancestor org.springframework.boot.autoconfigure.transaction.TransactionAutoConfiguration$EnableTransactionManagementConfiguration did not match (ConditionEvaluationReport.AncestorsMatchedCondition)
      Matched:
         - @ConditionalOnProperty (spring.aop.proxy-target-class=true) matched (OnPropertyCondition)

   TransactionAutoConfiguration.EnableTransactionManagementConfiguration.JdkDynamicAutoProxyConfiguration:
      Did not match:
         - @ConditionalOnProperty (spring.aop.proxy-target-class=false) did not find property 'proxy-target-class' (OnPropertyCondition)
         - Ancestor org.springframework.boot.autoconfigure.transaction.TransactionAutoConfiguration$EnableTransactionManagementConfiguration did not match (ConditionEvaluationReport.AncestorsMatchedCondition)

   TransactionAutoConfiguration.TransactionTemplateConfiguration:
      Did not match:
         - @ConditionalOnSingleCandidate (types: org.springframework.transaction.PlatformTransactionManager; SearchStrategy: all) did not find any beans (OnBeanCondition)

   UserDetailsServiceAutoConfiguration:
      Did not match:
         - AnyNestedCondition 0 matched 3 did not; NestedCondition on UserDetailsServiceAutoConfiguration.MissingAlternativeOrUserPropertiesConfigured.PasswordConfigured @ConditionalOnProperty (spring.security.user.password) did not find property 'password'; NestedCondition on UserDetailsServiceAutoConfiguration.MissingAlternativeOrUserPropertiesConfigured.NameConfigured @ConditionalOnProperty (spring.security.user.name) did not find property 'name'; NestedCondition on UserDetailsServiceAutoConfiguration.MissingAlternativeOrUserPropertiesConfigured.MissingAlternative @ConditionalOnMissingClass found unwanted classes 'org.springframework.security.oauth2.client.registration.ClientRegistrationRepository', 'org.springframework.security.oauth2.server.resource.introspection.OpaqueTokenIntrospector' (UserDetailsServiceAutoConfiguration.MissingAlternativeOrUserPropertiesConfigured)
      Matched:
         - @ConditionalOnClass found required class 'org.springframework.security.authentication.AuthenticationManager' (OnClassCondition)
         - found 'session' scope (OnWebApplicationCondition)

   ValidationAutoConfiguration:
      Did not match:
         - @ConditionalOnClass did not find required class 'jakarta.validation.executable.ExecutableValidator' (OnClassCondition)

   WebClientAutoConfiguration:
      Did not match:
         - @ConditionalOnClass did not find required class 'org.springframework.web.reactive.function.client.WebClient' (OnClassCondition)

   WebFluxAutoConfiguration:
      Did not match:
         - @ConditionalOnClass did not find required class 'org.springframework.web.reactive.config.WebFluxConfigurer' (OnClassCondition)

   WebMvcAutoConfiguration#hiddenHttpMethodFilter:
      Did not match:
         - @ConditionalOnProperty (spring.mvc.hiddenmethod.filter.enabled) did not find property 'enabled' (OnPropertyCondition)

   WebMvcAutoConfiguration.ProblemDetailsErrorHandlingConfiguration:
      Did not match:
         - @ConditionalOnProperty (spring.mvc.problemdetails.enabled=true) did not find property 'enabled' (OnPropertyCondition)

   WebMvcAutoConfiguration.ResourceChainCustomizerConfiguration:
      Did not match:
         - @ConditionalOnEnabledResourceChain did not find class org.webjars.WebJarVersionLocator (OnEnabledResourceChainCondition)

   WebMvcAutoConfiguration.WebMvcAutoConfigurationAdapter#beanNameViewResolver:
      Did not match:
         - @ConditionalOnMissingBean (types: org.springframework.web.servlet.view.BeanNameViewResolver; SearchStrategy: all) found beans of type 'org.springframework.web.servlet.view.BeanNameViewResolver' beanNameViewResolver (OnBeanCondition)

   WebServiceTemplateAutoConfiguration:
      Did not match:
         - @ConditionalOnClass did not find required class 'org.springframework.oxm.Marshaller' (OnClassCondition)

   WebServicesAutoConfiguration:
      Did not match:
         - @ConditionalOnClass did not find required class 'org.springframework.ws.transport.http.MessageDispatcherServlet' (OnClassCondition)

   WebSessionIdResolverAutoConfiguration:
      Did not match:
         - @ConditionalOnClass did not find required class 'reactor.core.publisher.Mono' (OnClassCondition)

   WebSocketMessagingAutoConfiguration:
      Did not match:
         - @ConditionalOnClass did not find required class 'org.springframework.web.socket.config.annotation.WebSocketMessageBrokerConfigurer' (OnClassCondition)

   WebSocketReactiveAutoConfiguration:
      Did not match:
         - @ConditionalOnWebApplication did not find reactive web application classes (OnWebApplicationCondition)

   WebSocketServletAutoConfiguration.JettyWebSocketConfiguration:
      Did not match:
         - @ConditionalOnClass did not find required class 'org.eclipse.jetty.ee10.websocket.jakarta.server.config.JakartaWebSocketServletContainerInitializer' (OnClassCondition)

   WebSocketServletAutoConfiguration.UndertowWebSocketConfiguration:
      Did not match:
         - @ConditionalOnClass did not find required class 'io.undertow.websockets.jsr.Bootstrap' (OnClassCondition)

   XADataSourceAutoConfiguration:
      Did not match:
         - @ConditionalOnClass did not find required class 'jakarta.transaction.TransactionManager' (OnClassCondition)


Exclusions:
-----------

    None


Unconditional classes:
----------------------

    org.springframework.boot.autoconfigure.context.ConfigurationPropertiesAutoConfiguration

    org.springframework.boot.autoconfigure.ssl.SslAutoConfiguration

    org.springframework.boot.autoconfigure.context.LifecycleAutoConfiguration

    org.springframework.boot.autoconfigure.context.PropertyPlaceholderAutoConfiguration

    org.springframework.boot.autoconfigure.availability.ApplicationAvailabilityAutoConfiguration

    org.springframework.boot.autoconfigure.info.ProjectInfoAutoConfiguration



]]></system-err>
  </testcase>
</testsuite>